{"contracts\\_dummy\\ArexaDiamondDummyImplementation.sol":{"l":{},"path":"X:\\usmart\\arexa\\contracts\\_dummy\\ArexaDiamondDummyImplementation.sol","s":{},"b":{},"f":{"1":0,"2":0,"3":0,"4":0,"5":0,"6":0,"7":0,"8":0,"9":0,"10":0,"11":0,"12":0,"13":0,"14":0,"15":0,"16":0,"17":0,"18":0,"19":0,"20":0,"21":0,"22":0,"23":0,"24":0,"25":0,"26":0,"27":0,"28":0,"29":0,"30":0,"31":0,"32":0,"33":0,"34":0,"35":0,"36":0,"37":0,"38":0,"39":0,"40":0,"41":0,"42":0,"43":0,"44":0,"45":0,"46":0,"47":0,"48":0,"49":0,"50":0,"51":0,"52":0,"53":0,"54":0,"55":0,"56":0,"57":0,"58":0,"59":0,"60":0,"61":0,"62":0,"63":0,"64":0,"65":0,"66":0,"67":0,"68":0,"69":0,"70":0,"71":0,"72":0,"73":0,"74":0,"75":0,"76":0,"77":0,"78":0,"79":0,"80":0,"81":0,"82":0,"83":0,"84":0,"85":0,"86":0,"87":0,"88":0,"89":0,"90":0,"91":0,"92":0,"93":0,"94":0,"95":0,"96":0,"97":0,"98":0,"99":0,"100":0,"101":0},"fnMap":{"1":{"name":"diamondCut","line":36,"loc":{"start":{"line":36,"column":3},"end":{"line":36,"column":108}}},"2":{"name":"facetAddress","line":38,"loc":{"start":{"line":38,"column":3},"end":{"line":38,"column":100}}},"3":{"name":"facetAddresses","line":40,"loc":{"start":{"line":40,"column":3},"end":{"line":40,"column":87}}},"4":{"name":"facetFunctionSelectors","line":42,"loc":{"start":{"line":42,"column":3},"end":{"line":42,"column":117}}},"5":{"name":"facets","line":44,"loc":{"start":{"line":44,"column":3},"end":{"line":44,"column":76}}},"6":{"name":"supportsInterface","line":46,"loc":{"start":{"line":46,"column":3},"end":{"line":46,"column":83}}},"7":{"name":"implementation","line":48,"loc":{"start":{"line":48,"column":3},"end":{"line":48,"column":63}}},"8":{"name":"setDummyImplementation","line":50,"loc":{"start":{"line":50,"column":3},"end":{"line":50,"column":71}}},"9":{"name":"owner","line":52,"loc":{"start":{"line":52,"column":3},"end":{"line":52,"column":54}}},"10":{"name":"transferOwnership","line":54,"loc":{"start":{"line":54,"column":3},"end":{"line":54,"column":60}}},"11":{"name":"PAUSABLE_AREXA_TOKEN","line":56,"loc":{"start":{"line":56,"column":3},"end":{"line":56,"column":69}}},"12":{"name":"PAUSABLE_FULL","line":58,"loc":{"start":{"line":58,"column":3},"end":{"line":58,"column":62}}},"13":{"name":"PAUSABLE_MAGIC_TOKEN","line":60,"loc":{"start":{"line":60,"column":3},"end":{"line":60,"column":69}}},"14":{"name":"PAUSABLE_SUBSCR1_TOKEN","line":62,"loc":{"start":{"line":62,"column":3},"end":{"line":62,"column":71}}},"15":{"name":"PAUSABLE_SUBSCR2_TOKEN","line":64,"loc":{"start":{"line":64,"column":3},"end":{"line":64,"column":71}}},"16":{"name":"PAUSABLE_TRADER_TOKEN","line":66,"loc":{"start":{"line":66,"column":3},"end":{"line":66,"column":70}}},"17":{"name":"pause","line":68,"loc":{"start":{"line":68,"column":3},"end":{"line":68,"column":45}}},"18":{"name":"pauseAllToken","line":70,"loc":{"start":{"line":70,"column":3},"end":{"line":70,"column":38}}},"19":{"name":"pauseToken","line":72,"loc":{"start":{"line":72,"column":3},"end":{"line":72,"column":51}}},"20":{"name":"paused","line":74,"loc":{"start":{"line":74,"column":3},"end":{"line":74,"column":75}}},"21":{"name":"unpause","line":76,"loc":{"start":{"line":76,"column":3},"end":{"line":76,"column":47}}},"22":{"name":"unpauseAllToken","line":78,"loc":{"start":{"line":78,"column":3},"end":{"line":78,"column":40}}},"23":{"name":"unpauseToken","line":80,"loc":{"start":{"line":80,"column":3},"end":{"line":80,"column":53}}},"24":{"name":"AREXA_ADMIN_ROLE","line":82,"loc":{"start":{"line":82,"column":3},"end":{"line":82,"column":65}}},"25":{"name":"getRoleAdmin","line":84,"loc":{"start":{"line":84,"column":3},"end":{"line":84,"column":74}}},"26":{"name":"grantRole","line":86,"loc":{"start":{"line":86,"column":3},"end":{"line":86,"column":65}}},"27":{"name":"hasRole","line":88,"loc":{"start":{"line":88,"column":3},"end":{"line":88,"column":84}}},"28":{"name":"renounceRole","line":90,"loc":{"start":{"line":90,"column":3},"end":{"line":90,"column":50}}},"29":{"name":"revokeRole","line":92,"loc":{"start":{"line":92,"column":3},"end":{"line":92,"column":66}}},"30":{"name":"setRoleAdmin","line":94,"loc":{"start":{"line":94,"column":3},"end":{"line":94,"column":70}}},"31":{"name":"getArexaERC20Token","line":96,"loc":{"start":{"line":96,"column":3},"end":{"line":96,"column":67}}},"32":{"name":"getPayingToken","line":98,"loc":{"start":{"line":98,"column":3},"end":{"line":98,"column":63}}},"33":{"name":"setPayingToken","line":100,"loc":{"start":{"line":100,"column":3},"end":{"line":100,"column":54}}},"34":{"name":"MAGIC100_FIRST_BUYER","line":102,"loc":{"start":{"line":102,"column":3},"end":{"line":102,"column":69}}},"35":{"name":"getAccountBlackWhiteList","line":104,"loc":{"start":{"line":104,"column":3},"end":{"line":104,"column":105}}},"36":{"name":"getMagic100FirstBuyerWL","line":106,"loc":{"start":{"line":106,"column":3},"end":{"line":106,"column":86}}},"37":{"name":"setAccountBlackWhiteList","line":108,"loc":{"start":{"line":108,"column":3},"end":{"line":108,"column":102}}},"38":{"name":"setBatchMagic100FirstBuyerWL","line":110,"loc":{"start":{"line":110,"column":3},"end":{"line":110,"column":98}}},"39":{"name":"setMagic100FirstBuyerWL","line":112,"loc":{"start":{"line":112,"column":3},"end":{"line":112,"column":83}}},"40":{"name":"AMOUNT_VALUE_TYPE","line":114,"loc":{"start":{"line":114,"column":3},"end":{"line":114,"column":64}}},"41":{"name":"AREXA_TOKEN_ID","line":116,"loc":{"start":{"line":116,"column":3},"end":{"line":116,"column":63}}},"42":{"name":"AREXA_TOKEN_POOL_AREXAINC","line":118,"loc":{"start":{"line":118,"column":3},"end":{"line":118,"column":72}}},"43":{"name":"AREXA_TOKEN_POOL_DEVELOPMENT","line":120,"loc":{"start":{"line":120,"column":3},"end":{"line":120,"column":75}}},"44":{"name":"AREXA_TOKEN_POOL_INVESTOR","line":122,"loc":{"start":{"line":122,"column":3},"end":{"line":122,"column":72}}},"45":{"name":"AREXA_TOKEN_POOL_MARKETING","line":124,"loc":{"start":{"line":124,"column":3},"end":{"line":124,"column":73}}},"46":{"name":"AREXA_TOKEN_POOL_RESERVED","line":126,"loc":{"start":{"line":126,"column":3},"end":{"line":126,"column":72}}},"47":{"name":"MAGIC_TOKEN_ID","line":128,"loc":{"start":{"line":128,"column":3},"end":{"line":128,"column":63}}},"48":{"name":"QUANTITY_VALUE_TYPE","line":130,"loc":{"start":{"line":130,"column":3},"end":{"line":130,"column":66}}},"49":{"name":"SUBSCR1_TOKEN_TYPE","line":132,"loc":{"start":{"line":132,"column":3},"end":{"line":132,"column":67}}},"50":{"name":"SUBSCR2_TOKEN_TYPE","line":134,"loc":{"start":{"line":134,"column":3},"end":{"line":134,"column":67}}},"51":{"name":"TRADER_TOKEN_ID","line":136,"loc":{"start":{"line":136,"column":3},"end":{"line":136,"column":64}}},"52":{"name":"buyArexaToken","line":138,"loc":{"start":{"line":138,"column":3},"end":{"line":138,"column":70}}},"53":{"name":"buyEdgeSubscription","line":140,"loc":{"start":{"line":140,"column":3},"end":{"line":140,"column":60}}},"54":{"name":"buyMagic100Token","line":142,"loc":{"start":{"line":142,"column":3},"end":{"line":142,"column":41}}},"55":{"name":"buyOracleSubscription","line":144,"loc":{"start":{"line":144,"column":3},"end":{"line":144,"column":62}}},"56":{"name":"buySubscription","line":146,"loc":{"start":{"line":146,"column":3},"end":{"line":146,"column":74}}},"57":{"name":"buyTraderToken","line":148,"loc":{"start":{"line":148,"column":3},"end":{"line":148,"column":71}}},"58":{"name":"calcSubscriptionPrice","line":150,"loc":{"start":{"line":150,"column":3},"end":{"line":150,"column":104}}},"59":{"name":"getCurrentSubscriptionTokenId","line":152,"loc":{"start":{"line":152,"column":3},"end":{"line":152,"column":96}}},"60":{"name":"buyMagic100TokenAdmin","line":154,"loc":{"start":{"line":154,"column":3},"end":{"line":154,"column":64}}},"61":{"name":"createSubscription","line":156,"loc":{"start":{"line":156,"column":3},"end":{"line":156,"column":163}}},"62":{"name":"getArexaTokenPool","line":158,"loc":{"start":{"line":158,"column":3},"end":{"line":158,"column":94}}},"63":{"name":"payArexaTokenFromPool","line":160,"loc":{"start":{"line":160,"column":3},"end":{"line":160,"column":97}}},"64":{"name":"calcDivident","line":162,"loc":{"start":{"line":162,"column":3},"end":{"line":162,"column":76}}},"65":{"name":"getArexaIncomeParameter","line":164,"loc":{"start":{"line":164,"column":3},"end":{"line":164,"column":109}}},"66":{"name":"getInventory","line":166,"loc":{"start":{"line":166,"column":3},"end":{"line":166,"column":124}}},"67":{"name":"getInventoryItem","line":168,"loc":{"start":{"line":168,"column":3},"end":{"line":168,"column":92}}},"68":{"name":"payoutArexaDivident","line":170,"loc":{"start":{"line":170,"column":3},"end":{"line":170,"column":78}}},"69":{"name":"payoutArexaIncome","line":172,"loc":{"start":{"line":172,"column":3},"end":{"line":172,"column":76}}},"70":{"name":"payoutDivident","line":174,"loc":{"start":{"line":174,"column":3},"end":{"line":174,"column":53}}},"71":{"name":"setArexaIncomeParameter","line":176,"loc":{"start":{"line":176,"column":3},"end":{"line":176,"column":93}}},"72":{"name":"calcUnrestrictedAmount","line":178,"loc":{"start":{"line":178,"column":3},"end":{"line":178,"column":122}}},"73":{"name":"checkRestriction","line":180,"loc":{"start":{"line":180,"column":3},"end":{"line":180,"column":97}}},"74":{"name":"checkRestrictions","line":182,"loc":{"start":{"line":182,"column":3},"end":{"line":182,"column":116}}},"75":{"name":"stakeArexaToken","line":184,"loc":{"start":{"line":184,"column":3},"end":{"line":184,"column":57}}},"76":{"name":"withdrawArexaToken","line":186,"loc":{"start":{"line":186,"column":3},"end":{"line":186,"column":103}}},"77":{"name":"balanceOf","line":188,"loc":{"start":{"line":188,"column":3},"end":{"line":188,"column":87}}},"78":{"name":"balanceOfBatch","line":190,"loc":{"start":{"line":190,"column":3},"end":{"line":190,"column":118}}},"79":{"name":"isApprovedForAll","line":192,"loc":{"start":{"line":192,"column":3},"end":{"line":192,"column":97}}},"80":{"name":"name","line":194,"loc":{"start":{"line":194,"column":3},"end":{"line":194,"column":58}}},"81":{"name":"safeBatchTransferFrom","line":196,"loc":{"start":{"line":196,"column":3},"end":{"line":196,"column":143}}},"82":{"name":"safeTransferFrom","line":198,"loc":{"start":{"line":198,"column":3},"end":{"line":198,"column":120}}},"83":{"name":"setApprovalForAll","line":200,"loc":{"start":{"line":200,"column":3},"end":{"line":200,"column":77}}},"84":{"name":"symbol","line":202,"loc":{"start":{"line":202,"column":3},"end":{"line":202,"column":60}}},"85":{"name":"allowance","line":204,"loc":{"start":{"line":204,"column":3},"end":{"line":204,"column":107}}},"86":{"name":"approve","line":206,"loc":{"start":{"line":206,"column":3},"end":{"line":206,"column":108}}},"87":{"name":"isOperatorSpendingLimitEnabled","line":208,"loc":{"start":{"line":208,"column":3},"end":{"line":208,"column":93}}},"88":{"name":"setOperatorSpendingLimitEnabled","line":210,"loc":{"start":{"line":210,"column":3},"end":{"line":210,"column":89}}},"89":{"name":"accountsByToken","line":212,"loc":{"start":{"line":212,"column":3},"end":{"line":212,"column":84}}},"90":{"name":"tokensByAccount","line":214,"loc":{"start":{"line":214,"column":3},"end":{"line":214,"column":89}}},"91":{"name":"totalHolders","line":216,"loc":{"start":{"line":216,"column":3},"end":{"line":216,"column":73}}},"92":{"name":"totalSupply","line":218,"loc":{"start":{"line":218,"column":3},"end":{"line":218,"column":72}}},"93":{"name":"getTokenBaseUri","line":220,"loc":{"start":{"line":220,"column":3},"end":{"line":220,"column":69}}},"94":{"name":"getTokenUri","line":222,"loc":{"start":{"line":222,"column":3},"end":{"line":222,"column":77}}},"95":{"name":"getUri","line":224,"loc":{"start":{"line":224,"column":3},"end":{"line":224,"column":60}}},"96":{"name":"setTokenBaseURI","line":226,"loc":{"start":{"line":226,"column":3},"end":{"line":226,"column":60}}},"97":{"name":"setTokenURI","line":228,"loc":{"start":{"line":228,"column":3},"end":{"line":228,"column":70}}},"98":{"name":"setURI","line":230,"loc":{"start":{"line":230,"column":3},"end":{"line":230,"column":51}}},"99":{"name":"uri","line":232,"loc":{"start":{"line":232,"column":3},"end":{"line":232,"column":69}}},"100":{"name":"onERC1155BatchReceived","line":234,"loc":{"start":{"line":234,"column":3},"end":{"line":234,"column":168}}},"101":{"name":"onERC1155Received","line":236,"loc":{"start":{"line":236,"column":3},"end":{"line":236,"column":145}}}},"statementMap":{},"branchMap":{}},"contracts\\_dummy\\TokenDiamondDummyImplementation.sol":{"l":{},"path":"X:\\usmart\\arexa\\contracts\\_dummy\\TokenDiamondDummyImplementation.sol","s":{},"b":{},"f":{"1":0,"2":0,"3":0,"4":0,"5":0,"6":0,"7":0,"8":0,"9":0,"10":0,"11":0,"12":0,"13":0,"14":0,"15":0,"16":0,"17":0,"18":0,"19":0,"20":0,"21":0,"22":0,"23":0,"24":0,"25":0,"26":0,"27":0,"28":0,"29":0,"30":0,"31":0,"32":0,"33":0,"34":0,"35":0,"36":0,"37":0,"38":0,"39":0,"40":0,"41":0,"42":0,"43":0,"44":0,"45":0,"46":0,"47":0,"48":0,"49":0,"50":0,"51":0,"52":0,"53":0,"54":0,"55":0,"56":0,"57":0,"58":0,"59":0,"60":0,"61":0},"fnMap":{"1":{"name":"diamondCut","line":25,"loc":{"start":{"line":25,"column":3},"end":{"line":25,"column":108}}},"2":{"name":"facetAddress","line":27,"loc":{"start":{"line":27,"column":3},"end":{"line":27,"column":100}}},"3":{"name":"facetAddresses","line":29,"loc":{"start":{"line":29,"column":3},"end":{"line":29,"column":87}}},"4":{"name":"facetFunctionSelectors","line":31,"loc":{"start":{"line":31,"column":3},"end":{"line":31,"column":117}}},"5":{"name":"facets","line":33,"loc":{"start":{"line":33,"column":3},"end":{"line":33,"column":76}}},"6":{"name":"supportsInterface","line":35,"loc":{"start":{"line":35,"column":3},"end":{"line":35,"column":83}}},"7":{"name":"implementation","line":37,"loc":{"start":{"line":37,"column":3},"end":{"line":37,"column":63}}},"8":{"name":"setDummyImplementation","line":39,"loc":{"start":{"line":39,"column":3},"end":{"line":39,"column":71}}},"9":{"name":"owner","line":41,"loc":{"start":{"line":41,"column":3},"end":{"line":41,"column":54}}},"10":{"name":"transferOwnership","line":43,"loc":{"start":{"line":43,"column":3},"end":{"line":43,"column":60}}},"11":{"name":"PAUSABLE_FULL","line":45,"loc":{"start":{"line":45,"column":3},"end":{"line":45,"column":62}}},"12":{"name":"pause","line":47,"loc":{"start":{"line":47,"column":3},"end":{"line":47,"column":45}}},"13":{"name":"paused","line":49,"loc":{"start":{"line":49,"column":3},"end":{"line":49,"column":75}}},"14":{"name":"unpause","line":51,"loc":{"start":{"line":51,"column":3},"end":{"line":51,"column":47}}},"15":{"name":"AML_ROLE","line":53,"loc":{"start":{"line":53,"column":3},"end":{"line":53,"column":57}}},"16":{"name":"COMPLIANCE_ROLE","line":55,"loc":{"start":{"line":55,"column":3},"end":{"line":55,"column":64}}},"17":{"name":"TOKEN_ADMIN_ROLE","line":57,"loc":{"start":{"line":57,"column":3},"end":{"line":57,"column":65}}},"18":{"name":"TREASURY_ROLE","line":59,"loc":{"start":{"line":59,"column":3},"end":{"line":59,"column":62}}},"19":{"name":"getRoleAdmin","line":61,"loc":{"start":{"line":61,"column":3},"end":{"line":61,"column":74}}},"20":{"name":"grantRole","line":63,"loc":{"start":{"line":63,"column":3},"end":{"line":63,"column":65}}},"21":{"name":"hasRole","line":65,"loc":{"start":{"line":65,"column":3},"end":{"line":65,"column":84}}},"22":{"name":"renounceRole","line":67,"loc":{"start":{"line":67,"column":3},"end":{"line":67,"column":50}}},"23":{"name":"revokeRole","line":69,"loc":{"start":{"line":69,"column":3},"end":{"line":69,"column":66}}},"24":{"name":"setRoleAdmin","line":71,"loc":{"start":{"line":71,"column":3},"end":{"line":71,"column":70}}},"25":{"name":"getGeneralFee","line":73,"loc":{"start":{"line":73,"column":3},"end":{"line":73,"column":61}}},"26":{"name":"getGeneralFeeAddress","line":75,"loc":{"start":{"line":75,"column":3},"end":{"line":75,"column":69}}},"27":{"name":"getPoolFee","line":77,"loc":{"start":{"line":77,"column":3},"end":{"line":77,"column":58}}},"28":{"name":"getPoolFeeAddress","line":79,"loc":{"start":{"line":79,"column":3},"end":{"line":79,"column":66}}},"29":{"name":"getTreasuryAddress","line":81,"loc":{"start":{"line":81,"column":3},"end":{"line":81,"column":67}}},"30":{"name":"getURL","line":83,"loc":{"start":{"line":83,"column":3},"end":{"line":83,"column":60}}},"31":{"name":"setGeneralFee","line":85,"loc":{"start":{"line":85,"column":3},"end":{"line":85,"column":57}}},"32":{"name":"setGeneralFeeAddress","line":87,"loc":{"start":{"line":87,"column":3},"end":{"line":87,"column":72}}},"33":{"name":"setPoolFee","line":89,"loc":{"start":{"line":89,"column":3},"end":{"line":89,"column":51}}},"34":{"name":"setPoolFeeAddress","line":91,"loc":{"start":{"line":91,"column":3},"end":{"line":91,"column":66}}},"35":{"name":"setTreasuryAddress","line":93,"loc":{"start":{"line":93,"column":3},"end":{"line":93,"column":68}}},"36":{"name":"setURL","line":95,"loc":{"start":{"line":95,"column":3},"end":{"line":95,"column":49}}},"37":{"name":"RECIPIENT_BLACKLIST","line":97,"loc":{"start":{"line":97,"column":3},"end":{"line":97,"column":68}}},"38":{"name":"SENDER_BLACKLIST","line":99,"loc":{"start":{"line":99,"column":3},"end":{"line":99,"column":65}}},"39":{"name":"getAccountBlackWhiteList","line":101,"loc":{"start":{"line":101,"column":3},"end":{"line":101,"column":105}}},"40":{"name":"getDestinationAccountBL","line":103,"loc":{"start":{"line":103,"column":3},"end":{"line":103,"column":86}}},"41":{"name":"getSourceAccountBL","line":105,"loc":{"start":{"line":105,"column":3},"end":{"line":105,"column":81}}},"42":{"name":"setAccountBlackWhiteList","line":107,"loc":{"start":{"line":107,"column":3},"end":{"line":107,"column":102}}},"43":{"name":"setBatchDestinationAccountBL","line":109,"loc":{"start":{"line":109,"column":3},"end":{"line":109,"column":98}}},"44":{"name":"setBatchSourceAccountBL","line":111,"loc":{"start":{"line":111,"column":3},"end":{"line":111,"column":93}}},"45":{"name":"setDestinationAccountBL","line":113,"loc":{"start":{"line":113,"column":3},"end":{"line":113,"column":83}}},"46":{"name":"setSourceAccountBL","line":115,"loc":{"start":{"line":115,"column":3},"end":{"line":115,"column":78}}},"47":{"name":"withdrawUserTokenByCompliance","line":117,"loc":{"start":{"line":117,"column":3},"end":{"line":117,"column":71}}},"48":{"name":"allowance","line":119,"loc":{"start":{"line":119,"column":3},"end":{"line":119,"column":102}}},"49":{"name":"approve","line":121,"loc":{"start":{"line":121,"column":3},"end":{"line":121,"column":89}}},"50":{"name":"balanceOf","line":123,"loc":{"start":{"line":123,"column":3},"end":{"line":123,"column":83}}},"51":{"name":"burn","line":125,"loc":{"start":{"line":125,"column":3},"end":{"line":125,"column":44}}},"52":{"name":"burnFrom","line":127,"loc":{"start":{"line":127,"column":3},"end":{"line":127,"column":66}}},"53":{"name":"decimals","line":129,"loc":{"start":{"line":129,"column":3},"end":{"line":129,"column":55}}},"54":{"name":"decreaseAllowance","line":131,"loc":{"start":{"line":131,"column":3},"end":{"line":131,"column":91}}},"55":{"name":"increaseAllowance","line":133,"loc":{"start":{"line":133,"column":3},"end":{"line":133,"column":91}}},"56":{"name":"mint","line":135,"loc":{"start":{"line":135,"column":3},"end":{"line":135,"column":62}}},"57":{"name":"name","line":137,"loc":{"start":{"line":137,"column":3},"end":{"line":137,"column":58}}},"58":{"name":"symbol","line":139,"loc":{"start":{"line":139,"column":3},"end":{"line":139,"column":60}}},"59":{"name":"totalSupply","line":141,"loc":{"start":{"line":141,"column":3},"end":{"line":141,"column":73}}},"60":{"name":"transfer","line":143,"loc":{"start":{"line":143,"column":3},"end":{"line":143,"column":92}}},"61":{"name":"transferFrom","line":145,"loc":{"start":{"line":145,"column":3},"end":{"line":145,"column":113}}}},"statementMap":{},"branchMap":{}},"contracts\\ArexaPlatform\\ArexaACLFacet.sol":{"l":{"21":0,"25":0,"29":0,"30":0,"34":0,"38":0,"42":0,"46":0,"50":0,"54":0,"58":0},"path":"X:\\usmart\\arexa\\contracts\\ArexaPlatform\\ArexaACLFacet.sol","s":{"1":0,"2":0,"3":0,"4":0,"5":0,"6":0,"7":0,"8":0,"9":0,"10":0,"11":0},"b":{"1":[0,0],"2":[0,0],"3":[0,0],"4":[0,0],"5":[0,0],"6":[0,0],"7":[0,0],"8":[0,0],"9":[0,0],"10":[0,0],"11":[0,0],"12":[0,0],"13":[0,0],"14":[0,0]},"f":{"1":3,"2":0,"3":0,"4":0,"5":0,"6":0,"7":0,"8":0,"9":0,"10":0,"11":0},"fnMap":{"1":{"name":"constructor","line":18,"loc":{"start":{"line":18,"column":1},"end":{"line":18,"column":16}}},"2":{"name":"hasRole","line":20,"loc":{"start":{"line":20,"column":1},"end":{"line":22,"column":1}}},"3":{"name":"grantRole","line":24,"loc":{"start":{"line":24,"column":1},"end":{"line":26,"column":1}}},"4":{"name":"revokeRole","line":28,"loc":{"start":{"line":28,"column":1},"end":{"line":31,"column":1}}},"5":{"name":"renounceRole","line":33,"loc":{"start":{"line":33,"column":1},"end":{"line":35,"column":1}}},"6":{"name":"getRoleAdmin","line":37,"loc":{"start":{"line":37,"column":1},"end":{"line":39,"column":1}}},"7":{"name":"setRoleAdmin","line":41,"loc":{"start":{"line":41,"column":1},"end":{"line":43,"column":1}}},"8":{"name":"_setRoleAdmin","line":45,"loc":{"start":{"line":45,"column":1},"end":{"line":47,"column":1}}},"9":{"name":"_grantRole","line":49,"loc":{"start":{"line":49,"column":1},"end":{"line":51,"column":1}}},"10":{"name":"_revokeRole","line":53,"loc":{"start":{"line":53,"column":1},"end":{"line":55,"column":1}}},"11":{"name":"_renounceRole","line":57,"loc":{"start":{"line":57,"column":1},"end":{"line":59,"column":1}}}},"statementMap":{"1":{"start":{"line":21,"column":2},"end":{"line":21,"column":49}},"2":{"start":{"line":25,"column":2},"end":{"line":25,"column":26}},"3":{"start":{"line":29,"column":2},"end":{"line":29,"column":111}},"4":{"start":{"line":30,"column":2},"end":{"line":30,"column":27}},"5":{"start":{"line":34,"column":2},"end":{"line":34,"column":20}},"6":{"start":{"line":38,"column":2},"end":{"line":38,"column":45}},"7":{"start":{"line":42,"column":2},"end":{"line":42,"column":31}},"8":{"start":{"line":46,"column":2},"end":{"line":46,"column":48}},"9":{"start":{"line":50,"column":2},"end":{"line":50,"column":43}},"10":{"start":{"line":54,"column":2},"end":{"line":54,"column":44}},"11":{"start":{"line":58,"column":2},"end":{"line":58,"column":37}}},"branchMap":{"1":{"line":20,"type":"if","locations":[{"start":{"line":20,"column":71},"end":{"line":20,"column":71}},{"start":{"line":20,"column":71},"end":{"line":20,"column":71}}]},"2":{"line":24,"type":"if","locations":[{"start":{"line":24,"column":68},"end":{"line":24,"column":68}},{"start":{"line":24,"column":68},"end":{"line":24,"column":68}}]},"3":{"line":24,"type":"if","locations":[{"start":{"line":24,"column":82},"end":{"line":24,"column":82}},{"start":{"line":24,"column":82},"end":{"line":24,"column":82}}]},"4":{"line":28,"type":"if","locations":[{"start":{"line":28,"column":69},"end":{"line":28,"column":69}},{"start":{"line":28,"column":69},"end":{"line":28,"column":69}}]},"5":{"line":28,"type":"if","locations":[{"start":{"line":28,"column":83},"end":{"line":28,"column":83}},{"start":{"line":28,"column":83},"end":{"line":28,"column":83}}]},"6":{"line":29,"type":"if","locations":[{"start":{"line":29,"column":2},"end":{"line":29,"column":2}},{"start":{"line":29,"column":2},"end":{"line":29,"column":2}}]},"7":{"line":33,"type":"if","locations":[{"start":{"line":33,"column":54},"end":{"line":33,"column":54}},{"start":{"line":33,"column":54},"end":{"line":33,"column":54}}]},"8":{"line":37,"type":"if","locations":[{"start":{"line":37,"column":59},"end":{"line":37,"column":59}},{"start":{"line":37,"column":59},"end":{"line":37,"column":59}}]},"9":{"line":41,"type":"if","locations":[{"start":{"line":41,"column":65},"end":{"line":41,"column":65}},{"start":{"line":41,"column":65},"end":{"line":41,"column":65}}]},"10":{"line":41,"type":"if","locations":[{"start":{"line":41,"column":79},"end":{"line":41,"column":79}},{"start":{"line":41,"column":79},"end":{"line":41,"column":79}}]},"11":{"line":45,"type":"if","locations":[{"start":{"line":45,"column":74},"end":{"line":45,"column":74}},{"start":{"line":45,"column":74},"end":{"line":45,"column":74}}]},"12":{"line":49,"type":"if","locations":[{"start":{"line":49,"column":69},"end":{"line":49,"column":69}},{"start":{"line":49,"column":69},"end":{"line":49,"column":69}}]},"13":{"line":53,"type":"if","locations":[{"start":{"line":53,"column":70},"end":{"line":53,"column":70}},{"start":{"line":53,"column":70},"end":{"line":53,"column":70}}]},"14":{"line":57,"type":"if","locations":[{"start":{"line":57,"column":55},"end":{"line":57,"column":55}},{"start":{"line":57,"column":55},"end":{"line":57,"column":55}}]}}},"contracts\\ArexaPlatform\\ArexaAdminFacet.sol":{"l":{"26":0,"31":0,"35":0},"path":"X:\\usmart\\arexa\\contracts\\ArexaPlatform\\ArexaAdminFacet.sol","s":{"1":0,"2":0,"3":0},"b":{"1":[0,0],"2":[0,0],"3":[0,0],"4":[0,0]},"f":{"1":3,"2":0,"3":0,"4":0},"fnMap":{"1":{"name":"constructor","line":22,"loc":{"start":{"line":22,"column":1},"end":{"line":22,"column":16}}},"2":{"name":"getPayingToken","line":25,"loc":{"start":{"line":25,"column":1},"end":{"line":27,"column":1}}},"3":{"name":"setPayingToken","line":29,"loc":{"start":{"line":29,"column":1},"end":{"line":32,"column":1}}},"4":{"name":"getArexaERC20Token","line":34,"loc":{"start":{"line":34,"column":1},"end":{"line":36,"column":1}}}},"statementMap":{"1":{"start":{"line":26,"column":2},"end":{"line":26,"column":42}},"2":{"start":{"line":31,"column":2},"end":{"line":31,"column":40}},"3":{"start":{"line":35,"column":2},"end":{"line":35,"column":46}}},"branchMap":{"1":{"line":25,"type":"if","locations":[{"start":{"line":25,"column":41},"end":{"line":25,"column":41}},{"start":{"line":25,"column":41},"end":{"line":25,"column":41}}]},"2":{"line":29,"type":"if","locations":[{"start":{"line":29,"column":49},"end":{"line":29,"column":49}},{"start":{"line":29,"column":49},"end":{"line":29,"column":49}}]},"3":{"line":29,"type":"if","locations":[{"start":{"line":29,"column":83},"end":{"line":29,"column":83}},{"start":{"line":29,"column":83},"end":{"line":29,"column":83}}]},"4":{"line":34,"type":"if","locations":[{"start":{"line":34,"column":45},"end":{"line":34,"column":45}},{"start":{"line":34,"column":45},"end":{"line":34,"column":45}}]}}},"contracts\\ArexaPlatform\\ArexaAMLFacet.sol":{"l":{"24":0,"32":0,"36":0,"43":11,"50":0,"51":0,"52":0},"path":"X:\\usmart\\arexa\\contracts\\ArexaPlatform\\ArexaAMLFacet.sol","s":{"1":0,"2":0,"3":0,"4":11,"5":0,"6":0,"7":0},"b":{"1":[0,0],"2":[0,0],"3":[11,0],"4":[11,0],"5":[0,0],"6":[0,0],"7":[0,0]},"f":{"1":3,"2":0,"3":0,"4":0,"5":11,"6":0},"fnMap":{"1":{"name":"constructor","line":19,"loc":{"start":{"line":19,"column":1},"end":{"line":19,"column":16}}},"2":{"name":"getAccountBlackWhiteList","line":23,"loc":{"start":{"line":23,"column":1},"end":{"line":25,"column":1}}},"3":{"name":"setAccountBlackWhiteList","line":31,"loc":{"start":{"line":27,"column":1},"end":{"line":33,"column":1}}},"4":{"name":"getMagic100FirstBuyerWL","line":35,"loc":{"start":{"line":35,"column":1},"end":{"line":37,"column":1}}},"5":{"name":"setMagic100FirstBuyerWL","line":42,"loc":{"start":{"line":39,"column":1},"end":{"line":44,"column":1}}},"6":{"name":"setBatchMagic100FirstBuyerWL","line":49,"loc":{"start":{"line":46,"column":1},"end":{"line":54,"column":1}}}},"statementMap":{"1":{"start":{"line":24,"column":2},"end":{"line":24,"column":71}},"2":{"start":{"line":32,"column":2},"end":{"line":32,"column":75}},"3":{"start":{"line":36,"column":2},"end":{"line":36,"column":84}},"4":{"start":{"line":43,"column":2},"end":{"line":43,"column":88}},"5":{"start":{"line":50,"column":2},"end":{"line":50,"column":63}},"6":{"start":{"line":51,"column":2},"end":{"line":51,"column":2063}},"7":{"start":{"line":52,"column":3},"end":{"line":52,"column":94}}},"branchMap":{"1":{"line":31,"type":"if","locations":[{"start":{"line":31,"column":12},"end":{"line":31,"column":12}},{"start":{"line":31,"column":12},"end":{"line":31,"column":12}}]},"2":{"line":31,"type":"if","locations":[{"start":{"line":31,"column":46},"end":{"line":31,"column":46}},{"start":{"line":31,"column":46},"end":{"line":31,"column":46}}]},"3":{"line":42,"type":"if","locations":[{"start":{"line":42,"column":12},"end":{"line":42,"column":12}},{"start":{"line":42,"column":12},"end":{"line":42,"column":12}}]},"4":{"line":42,"type":"if","locations":[{"start":{"line":42,"column":46},"end":{"line":42,"column":46}},{"start":{"line":42,"column":46},"end":{"line":42,"column":46}}]},"5":{"line":49,"type":"if","locations":[{"start":{"line":49,"column":12},"end":{"line":49,"column":12}},{"start":{"line":49,"column":12},"end":{"line":49,"column":12}}]},"6":{"line":49,"type":"if","locations":[{"start":{"line":49,"column":46},"end":{"line":49,"column":46}},{"start":{"line":49,"column":46},"end":{"line":49,"column":46}}]},"7":{"line":50,"type":"if","locations":[{"start":{"line":50,"column":2},"end":{"line":50,"column":2}},{"start":{"line":50,"column":2},"end":{"line":50,"column":2}}]}}},"contracts\\ArexaPlatform\\ArexaOwnershipFacet.sol":{"l":{"14":0,"16":0,"18":0},"path":"X:\\usmart\\arexa\\contracts\\ArexaPlatform\\ArexaOwnershipFacet.sol","s":{"1":0,"2":0,"3":0},"b":{"1":[0,0]},"f":{"1":0},"fnMap":{"1":{"name":"transferOwnership","line":13,"loc":{"start":{"line":13,"column":1},"end":{"line":20,"column":1}}}},"statementMap":{"1":{"start":{"line":14,"column":2},"end":{"line":14,"column":35}},"2":{"start":{"line":16,"column":2},"end":{"line":16,"column":95}},"3":{"start":{"line":18,"column":2},"end":{"line":18,"column":87}}},"branchMap":{"1":{"line":13,"type":"if","locations":[{"start":{"line":13,"column":63},"end":{"line":13,"column":63}},{"start":{"line":13,"column":63},"end":{"line":13,"column":63}}]}}},"contracts\\ArexaPlatform\\ArexaPausableFacet.sol":{"l":{"27":0,"31":0,"35":0,"44":0,"48":0,"52":0,"56":0},"path":"X:\\usmart\\arexa\\contracts\\ArexaPlatform\\ArexaPausableFacet.sol","s":{"1":0,"2":0,"3":0,"4":0,"5":0,"6":0},"b":{"1":[0,0],"2":[0,0],"3":[0,0],"4":[0,0],"5":[0,0],"6":[0,0],"7":[0,0],"8":[0,0],"9":[0,0],"10":[0,0],"11":[0,0],"12":[0,0]},"f":{"1":3,"2":0,"3":0,"4":0,"5":0,"6":0,"7":0,"8":0},"fnMap":{"1":{"name":"constructor","line":24,"loc":{"start":{"line":24,"column":1},"end":{"line":24,"column":16}}},"2":{"name":"paused","line":26,"loc":{"start":{"line":26,"column":1},"end":{"line":28,"column":1}}},"3":{"name":"pause","line":30,"loc":{"start":{"line":30,"column":1},"end":{"line":32,"column":1}}},"4":{"name":"unpause","line":34,"loc":{"start":{"line":34,"column":1},"end":{"line":36,"column":1}}},"5":{"name":"pauseAllToken","line":43,"loc":{"start":{"line":43,"column":1},"end":{"line":45,"column":1}}},"6":{"name":"unpauseAllToken","line":47,"loc":{"start":{"line":47,"column":1},"end":{"line":49,"column":1}}},"7":{"name":"pauseToken","line":51,"loc":{"start":{"line":51,"column":1},"end":{"line":53,"column":1}}},"8":{"name":"unpauseToken","line":55,"loc":{"start":{"line":55,"column":1},"end":{"line":57,"column":1}}}},"statementMap":{"1":{"start":{"line":31,"column":2},"end":{"line":31,"column":47}},"2":{"start":{"line":35,"column":2},"end":{"line":35,"column":49}},"3":{"start":{"line":44,"column":2},"end":{"line":44,"column":37}},"4":{"start":{"line":48,"column":2},"end":{"line":48,"column":39}},"5":{"start":{"line":52,"column":2},"end":{"line":52,"column":43}},"6":{"start":{"line":56,"column":2},"end":{"line":56,"column":45}}},"branchMap":{"1":{"line":30,"type":"if","locations":[{"start":{"line":30,"column":41},"end":{"line":30,"column":41}},{"start":{"line":30,"column":41},"end":{"line":30,"column":41}}]},"2":{"line":30,"type":"if","locations":[{"start":{"line":30,"column":63},"end":{"line":30,"column":63}},{"start":{"line":30,"column":63},"end":{"line":30,"column":63}}]},"3":{"line":34,"type":"if","locations":[{"start":{"line":34,"column":43},"end":{"line":34,"column":43}},{"start":{"line":34,"column":43},"end":{"line":34,"column":43}}]},"4":{"line":34,"type":"if","locations":[{"start":{"line":34,"column":62},"end":{"line":34,"column":62}},{"start":{"line":34,"column":62},"end":{"line":34,"column":62}}]},"5":{"line":43,"type":"if","locations":[{"start":{"line":43,"column":44},"end":{"line":43,"column":44}},{"start":{"line":43,"column":44},"end":{"line":43,"column":44}}]},"6":{"line":43,"type":"if","locations":[{"start":{"line":43,"column":78},"end":{"line":43,"column":78}},{"start":{"line":43,"column":78},"end":{"line":43,"column":78}}]},"7":{"line":47,"type":"if","locations":[{"start":{"line":47,"column":46},"end":{"line":47,"column":46}},{"start":{"line":47,"column":46},"end":{"line":47,"column":46}}]},"8":{"line":47,"type":"if","locations":[{"start":{"line":47,"column":80},"end":{"line":47,"column":80}},{"start":{"line":47,"column":80},"end":{"line":47,"column":80}}]},"9":{"line":51,"type":"if","locations":[{"start":{"line":51,"column":56},"end":{"line":51,"column":56}},{"start":{"line":51,"column":56},"end":{"line":51,"column":56}}]},"10":{"line":51,"type":"if","locations":[{"start":{"line":51,"column":90},"end":{"line":51,"column":90}},{"start":{"line":51,"column":90},"end":{"line":51,"column":90}}]},"11":{"line":55,"type":"if","locations":[{"start":{"line":55,"column":58},"end":{"line":55,"column":58}},{"start":{"line":55,"column":58},"end":{"line":55,"column":58}}]},"12":{"line":55,"type":"if","locations":[{"start":{"line":55,"column":92},"end":{"line":55,"column":92}},{"start":{"line":55,"column":92},"end":{"line":55,"column":92}}]}}},"contracts\\ArexaPlatform\\ArexaPfmTokenAllowanceFacet.sol":{"l":{"23":0,"27":0,"36":0,"40":0},"path":"X:\\usmart\\arexa\\contracts\\ArexaPlatform\\ArexaPfmTokenAllowanceFacet.sol","s":{"1":0,"2":0,"3":0,"4":0},"b":{"1":[0,0],"2":[0,0],"3":[0,0],"4":[0,0]},"f":{"1":3,"2":0,"3":0,"4":0,"5":0},"fnMap":{"1":{"name":"constructor","line":20,"loc":{"start":{"line":20,"column":1},"end":{"line":20,"column":16}}},"2":{"name":"isOperatorSpendingLimitEnabled","line":22,"loc":{"start":{"line":22,"column":1},"end":{"line":24,"column":1}}},"3":{"name":"setOperatorSpendingLimitEnabled","line":26,"loc":{"start":{"line":26,"column":1},"end":{"line":28,"column":1}}},"4":{"name":"approve","line":35,"loc":{"start":{"line":30,"column":1},"end":{"line":37,"column":1}}},"5":{"name":"allowance","line":39,"loc":{"start":{"line":39,"column":1},"end":{"line":41,"column":1}}}},"statementMap":{"1":{"start":{"line":23,"column":2},"end":{"line":23,"column":60}},"2":{"start":{"line":27,"column":2},"end":{"line":27,"column":63}},"3":{"start":{"line":36,"column":2},"end":{"line":36,"column":73}},"4":{"start":{"line":40,"column":2},"end":{"line":40,"column":53}}},"branchMap":{"1":{"line":26,"type":"if","locations":[{"start":{"line":26,"column":84},"end":{"line":26,"column":84}},{"start":{"line":26,"column":84},"end":{"line":26,"column":84}}]},"2":{"line":26,"type":"if","locations":[{"start":{"line":26,"column":98},"end":{"line":26,"column":98}},{"start":{"line":26,"column":98},"end":{"line":26,"column":98}}]},"3":{"line":35,"type":"if","locations":[{"start":{"line":35,"column":29},"end":{"line":35,"column":29}},{"start":{"line":35,"column":29},"end":{"line":35,"column":29}}]},"4":{"line":35,"type":"if","locations":[{"start":{"line":35,"column":43},"end":{"line":35,"column":43}},{"start":{"line":35,"column":43},"end":{"line":35,"column":43}}]}}},"contracts\\ArexaPlatform\\ArexaPfmTokenEnuremableFacet.sol":{"l":{"14":0,"18":0,"22":0,"26":0},"path":"X:\\usmart\\arexa\\contracts\\ArexaPlatform\\ArexaPfmTokenEnuremableFacet.sol","s":{"1":0,"2":0,"3":0,"4":0},"b":{},"f":{"1":3,"2":0,"3":0,"4":0,"5":0},"fnMap":{"1":{"name":"constructor","line":11,"loc":{"start":{"line":11,"column":1},"end":{"line":11,"column":16}}},"2":{"name":"totalSupply","line":13,"loc":{"start":{"line":13,"column":1},"end":{"line":15,"column":1}}},"3":{"name":"totalHolders","line":17,"loc":{"start":{"line":17,"column":1},"end":{"line":19,"column":1}}},"4":{"name":"accountsByToken","line":21,"loc":{"start":{"line":21,"column":1},"end":{"line":23,"column":1}}},"5":{"name":"tokensByAccount","line":25,"loc":{"start":{"line":25,"column":1},"end":{"line":27,"column":1}}}},"statementMap":{"1":{"start":{"line":14,"column":2},"end":{"line":14,"column":36}},"2":{"start":{"line":18,"column":2},"end":{"line":18,"column":37}},"3":{"start":{"line":22,"column":2},"end":{"line":22,"column":40}},"4":{"start":{"line":26,"column":2},"end":{"line":26,"column":45}}},"branchMap":{}},"contracts\\ArexaPlatform\\ArexaPfmTokenFacet.sol":{"l":{"28":2,"38":0,"42":66,"46":0,"50":0,"54":0},"path":"X:\\usmart\\arexa\\contracts\\ArexaPlatform\\ArexaPfmTokenFacet.sol","s":{"1":2,"2":0,"3":66,"4":0,"5":0,"6":0},"b":{"1":[2,0],"2":[2,0],"3":[0,0],"4":[0,0],"5":[0,0],"6":[0,0]},"f":{"1":3,"2":2,"3":0,"4":66,"5":0,"6":0,"7":0},"fnMap":{"1":{"name":"constructor","line":19,"loc":{"start":{"line":19,"column":1},"end":{"line":19,"column":16}}},"2":{"name":"safeTransferFrom","line":27,"loc":{"start":{"line":21,"column":1},"end":{"line":29,"column":1}}},"3":{"name":"safeBatchTransferFrom","line":37,"loc":{"start":{"line":31,"column":1},"end":{"line":39,"column":1}}},"4":{"name":"balanceOf","line":41,"loc":{"start":{"line":41,"column":1},"end":{"line":43,"column":1}}},"5":{"name":"balanceOfBatch","line":45,"loc":{"start":{"line":45,"column":1},"end":{"line":47,"column":1}}},"6":{"name":"setApprovalForAll","line":49,"loc":{"start":{"line":49,"column":1},"end":{"line":51,"column":1}}},"7":{"name":"isApprovedForAll","line":53,"loc":{"start":{"line":53,"column":1},"end":{"line":55,"column":1}}}},"statementMap":{"1":{"start":{"line":28,"column":2},"end":{"line":28,"column":68}},"2":{"start":{"line":38,"column":2},"end":{"line":38,"column":75}},"3":{"start":{"line":42,"column":2},"end":{"line":42,"column":42}},"4":{"start":{"line":46,"column":2},"end":{"line":46,"column":49}},"5":{"start":{"line":50,"column":2},"end":{"line":50,"column":63}},"6":{"start":{"line":54,"column":2},"end":{"line":54,"column":55}}},"branchMap":{"1":{"line":27,"type":"if","locations":[{"start":{"line":27,"column":21},"end":{"line":27,"column":21}},{"start":{"line":27,"column":21},"end":{"line":27,"column":21}}]},"2":{"line":27,"type":"if","locations":[{"start":{"line":27,"column":35},"end":{"line":27,"column":35}},{"start":{"line":27,"column":35},"end":{"line":27,"column":35}}]},"3":{"line":37,"type":"if","locations":[{"start":{"line":37,"column":21},"end":{"line":37,"column":21}},{"start":{"line":37,"column":21},"end":{"line":37,"column":21}}]},"4":{"line":37,"type":"if","locations":[{"start":{"line":37,"column":35},"end":{"line":37,"column":35}},{"start":{"line":37,"column":35},"end":{"line":37,"column":35}}]},"5":{"line":49,"type":"if","locations":[{"start":{"line":49,"column":81},"end":{"line":49,"column":81}},{"start":{"line":49,"column":81},"end":{"line":49,"column":81}}]},"6":{"line":49,"type":"if","locations":[{"start":{"line":49,"column":95},"end":{"line":49,"column":95}},{"start":{"line":49,"column":95},"end":{"line":49,"column":95}}]}}},"contracts\\ArexaPlatform\\ArexaPfmTokenMetadataURIFacet.sol":{"l":{"21":0,"25":0,"29":0,"33":0,"37":0,"41":0,"48":0},"path":"X:\\usmart\\arexa\\contracts\\ArexaPlatform\\ArexaPfmTokenMetadataURIFacet.sol","s":{"1":0,"2":0,"3":0,"4":0,"5":0,"6":0,"7":0},"b":{"1":[0,0],"2":[0,0],"3":[0,0],"4":[0,0],"5":[0,0],"6":[0,0],"7":[0,0],"8":[0,0],"9":[0,0],"10":[0,0]},"f":{"1":3,"2":0,"3":0,"4":0,"5":0,"6":0,"7":0,"8":0},"fnMap":{"1":{"name":"constructor","line":18,"loc":{"start":{"line":18,"column":1},"end":{"line":18,"column":16}}},"2":{"name":"uri","line":20,"loc":{"start":{"line":20,"column":1},"end":{"line":22,"column":1}}},"3":{"name":"getUri","line":24,"loc":{"start":{"line":24,"column":1},"end":{"line":26,"column":1}}},"4":{"name":"setURI","line":28,"loc":{"start":{"line":28,"column":1},"end":{"line":30,"column":1}}},"5":{"name":"getTokenBaseUri","line":32,"loc":{"start":{"line":32,"column":1},"end":{"line":34,"column":1}}},"6":{"name":"setTokenBaseURI","line":36,"loc":{"start":{"line":36,"column":1},"end":{"line":38,"column":1}}},"7":{"name":"getTokenUri","line":40,"loc":{"start":{"line":40,"column":1},"end":{"line":42,"column":1}}},"8":{"name":"setTokenURI","line":47,"loc":{"start":{"line":44,"column":1},"end":{"line":49,"column":1}}}},"statementMap":{"1":{"start":{"line":21,"column":2},"end":{"line":21,"column":31}},"2":{"start":{"line":25,"column":2},"end":{"line":25,"column":28}},"3":{"start":{"line":29,"column":2},"end":{"line":29,"column":26}},"4":{"start":{"line":33,"column":2},"end":{"line":33,"column":37}},"5":{"start":{"line":37,"column":2},"end":{"line":37,"column":35}},"6":{"start":{"line":41,"column":2},"end":{"line":41,"column":36}},"7":{"start":{"line":48,"column":2},"end":{"line":48,"column":36}}},"branchMap":{"1":{"line":28,"type":"if","locations":[{"start":{"line":28,"column":56},"end":{"line":28,"column":56}},{"start":{"line":28,"column":56},"end":{"line":28,"column":56}}]},"2":{"line":28,"type":"if","locations":[{"start":{"line":28,"column":70},"end":{"line":28,"column":70}},{"start":{"line":28,"column":70},"end":{"line":28,"column":70}}]},"3":{"line":28,"type":"if","locations":[{"start":{"line":28,"column":80},"end":{"line":28,"column":80}},{"start":{"line":28,"column":80},"end":{"line":28,"column":80}}]},"4":{"line":36,"type":"if","locations":[{"start":{"line":36,"column":65},"end":{"line":36,"column":65}},{"start":{"line":36,"column":65},"end":{"line":36,"column":65}}]},"5":{"line":36,"type":"if","locations":[{"start":{"line":36,"column":79},"end":{"line":36,"column":79}},{"start":{"line":36,"column":79},"end":{"line":36,"column":79}}]},"6":{"line":36,"type":"if","locations":[{"start":{"line":36,"column":89},"end":{"line":36,"column":89}},{"start":{"line":36,"column":89},"end":{"line":36,"column":89}}]},"7":{"line":47,"type":"if","locations":[{"start":{"line":47,"column":20},"end":{"line":47,"column":20}},{"start":{"line":47,"column":20},"end":{"line":47,"column":20}}]},"8":{"line":47,"type":"if","locations":[{"start":{"line":47,"column":34},"end":{"line":47,"column":34}},{"start":{"line":47,"column":34},"end":{"line":47,"column":34}}]},"9":{"line":47,"type":"if","locations":[{"start":{"line":47,"column":44},"end":{"line":47,"column":44}},{"start":{"line":47,"column":44},"end":{"line":47,"column":44}}]},"10":{"line":47,"type":"if","locations":[{"start":{"line":47,"column":78},"end":{"line":47,"column":78}},{"start":{"line":47,"column":78},"end":{"line":47,"column":78}}]}}},"contracts\\ArexaPlatform\\ArexaPfmTokenReceiverFacet.sol":{"l":{"22":18,"32":0},"path":"X:\\usmart\\arexa\\contracts\\ArexaPlatform\\ArexaPfmTokenReceiverFacet.sol","s":{"1":18,"2":0},"b":{},"f":{"1":3,"2":18,"3":0},"fnMap":{"1":{"name":"constructor","line":13,"loc":{"start":{"line":13,"column":1},"end":{"line":13,"column":16}}},"2":{"name":"onERC1155Received","line":15,"loc":{"start":{"line":15,"column":1},"end":{"line":23,"column":1}}},"3":{"name":"onERC1155BatchReceived","line":25,"loc":{"start":{"line":25,"column":1},"end":{"line":33,"column":1}}}},"statementMap":{"1":{"start":{"line":22,"column":2},"end":{"line":22,"column":75}},"2":{"start":{"line":32,"column":2},"end":{"line":32,"column":82}}},"branchMap":{}},"contracts\\ArexaPlatform\\ArexaPlatformAdminFacet.sol":{"l":{"22":4,"33":12,"37":12,"38":10,"51":6,"57":6,"68":4},"path":"X:\\usmart\\arexa\\contracts\\ArexaPlatform\\ArexaPlatformAdminFacet.sol","s":{"1":4,"2":12,"3":10,"4":6,"5":6,"6":4},"b":{"1":[4,0],"2":[14,0],"3":[12,2],"4":[12,0],"5":[12,0],"6":[6,6],"7":[6,0],"8":[6,0],"9":[6,0],"10":[6,0],"11":[1,1],"12":[1,4],"13":[6,0],"14":[4,2],"15":[4,0]},"f":{"1":3,"2":4,"3":12,"4":6,"5":4},"fnMap":{"1":{"name":"constructor","line":19,"loc":{"start":{"line":19,"column":1},"end":{"line":19,"column":16}}},"2":{"name":"getArexaTokenPool","line":21,"loc":{"start":{"line":21,"column":1},"end":{"line":23,"column":1}}},"3":{"name":"createSubscription","line":32,"loc":{"start":{"line":25,"column":1},"end":{"line":39,"column":1}}},"4":{"name":"payArexaTokenFromPool","line":45,"loc":{"start":{"line":41,"column":1},"end":{"line":58,"column":1}}},"5":{"name":"buyMagic100TokenAdmin","line":62,"loc":{"start":{"line":60,"column":1},"end":{"line":69,"column":1}}}},"statementMap":{"1":{"start":{"line":22,"column":2},"end":{"line":22,"column":55}},"2":{"start":{"line":33,"column":2},"end":{"line":33,"column":1234}},"3":{"start":{"line":38,"column":2},"end":{"line":38,"column":67}},"4":{"start":{"line":51,"column":2},"end":{"line":51,"column":1900}},"5":{"start":{"line":57,"column":2},"end":{"line":57,"column":62}},"6":{"start":{"line":68,"column":2},"end":{"line":68,"column":45}}},"branchMap":{"1":{"line":21,"type":"if","locations":[{"start":{"line":21,"column":60},"end":{"line":21,"column":60}},{"start":{"line":21,"column":60},"end":{"line":21,"column":60}}]},"2":{"line":32,"type":"if","locations":[{"start":{"line":32,"column":12},"end":{"line":32,"column":12}},{"start":{"line":32,"column":12},"end":{"line":32,"column":12}}]},"3":{"line":32,"type":"if","locations":[{"start":{"line":32,"column":26},"end":{"line":32,"column":26}},{"start":{"line":32,"column":26},"end":{"line":32,"column":26}}]},"4":{"line":32,"type":"if","locations":[{"start":{"line":32,"column":67},"end":{"line":32,"column":67}},{"start":{"line":32,"column":67},"end":{"line":32,"column":67}}]},"5":{"line":33,"type":"if","locations":[{"start":{"line":33,"column":2},"end":{"line":33,"column":2}},{"start":{"line":33,"column":2},"end":{"line":33,"column":2}}]},"6":{"line":34,"type":"cond-expr","locations":[{"start":{"line":34,"column":3},"end":{"line":34,"column":47}},{"start":{"line":34,"column":52},"end":{"line":34,"column":96}}]},"7":{"line":45,"type":"if","locations":[{"start":{"line":45,"column":12},"end":{"line":45,"column":12}},{"start":{"line":45,"column":12},"end":{"line":45,"column":12}}]},"8":{"line":45,"type":"if","locations":[{"start":{"line":45,"column":26},"end":{"line":45,"column":26}},{"start":{"line":45,"column":26},"end":{"line":45,"column":26}}]},"9":{"line":45,"type":"if","locations":[{"start":{"line":45,"column":67},"end":{"line":45,"column":67}},{"start":{"line":45,"column":67},"end":{"line":45,"column":67}}]},"10":{"line":51,"type":"if","locations":[{"start":{"line":51,"column":2},"end":{"line":51,"column":2}},{"start":{"line":51,"column":2},"end":{"line":51,"column":2}}]},"11":{"line":52,"type":"cond-expr","locations":[{"start":{"line":52,"column":3},"end":{"line":52,"column":53}},{"start":{"line":53,"column":4},"end":{"line":53,"column":55}}]},"12":{"line":52,"type":"cond-expr","locations":[{"start":{"line":52,"column":3},"end":{"line":53,"column":55}},{"start":{"line":54,"column":4},"end":{"line":54,"column":57}}]},"13":{"line":62,"type":"if","locations":[{"start":{"line":62,"column":12},"end":{"line":62,"column":12}},{"start":{"line":62,"column":12},"end":{"line":62,"column":12}}]},"14":{"line":62,"type":"if","locations":[{"start":{"line":62,"column":26},"end":{"line":62,"column":26}},{"start":{"line":62,"column":26},"end":{"line":62,"column":26}}]},"15":{"line":62,"type":"if","locations":[{"start":{"line":62,"column":67},"end":{"line":62,"column":67}},{"start":{"line":62,"column":67},"end":{"line":62,"column":67}}]}}},"contracts\\ArexaPlatform\\ArexaPlatformFacet.sol":{"l":{"36":24,"40":12,"49":8,"57":0,"60":0,"68":0,"71":0,"80":1,"89":19,"98":11,"103":9,"105":9,"106":9,"108":7},"path":"X:\\usmart\\arexa\\contracts\\ArexaPlatform\\ArexaPlatformFacet.sol","s":{"1":24,"2":12,"3":8,"4":0,"5":0,"6":0,"7":0,"8":1,"9":19,"10":11,"11":9,"12":9,"13":9,"14":7},"b":{"1":[24,0],"2":[12,0],"3":[8,0],"4":[8,0],"5":[0,0],"6":[0,0],"7":[0,0],"8":[0,0],"9":[1,0],"10":[1,0],"11":[19,0],"12":[19,0],"13":[11,0],"14":[11,0],"15":[9,2],"16":[7,2]},"f":{"1":3,"2":24,"3":12,"4":8,"5":0,"6":0,"7":1,"8":19,"9":11},"fnMap":{"1":{"name":"constructor","line":18,"loc":{"start":{"line":18,"column":1},"end":{"line":18,"column":16}}},"2":{"name":"getCurrentSubscriptionTokenId","line":35,"loc":{"start":{"line":35,"column":1},"end":{"line":37,"column":1}}},"3":{"name":"calcSubscriptionPrice","line":39,"loc":{"start":{"line":39,"column":1},"end":{"line":41,"column":1}}},"4":{"name":"buySubscription","line":43,"loc":{"start":{"line":43,"column":1},"end":{"line":50,"column":1}}},"5":{"name":"buyOracleSubscription","line":52,"loc":{"start":{"line":52,"column":1},"end":{"line":61,"column":1}}},"6":{"name":"buyEdgeSubscription","line":63,"loc":{"start":{"line":63,"column":1},"end":{"line":72,"column":1}}},"7":{"name":"buyTraderToken","line":74,"loc":{"start":{"line":74,"column":1},"end":{"line":81,"column":1}}},"8":{"name":"buyArexaToken","line":83,"loc":{"start":{"line":83,"column":1},"end":{"line":90,"column":1}}},"9":{"name":"buyMagic100Token","line":92,"loc":{"start":{"line":92,"column":1},"end":{"line":109,"column":1}}}},"statementMap":{"1":{"start":{"line":36,"column":2},"end":{"line":36,"column":66}},"2":{"start":{"line":40,"column":2},"end":{"line":40,"column":66}},"3":{"start":{"line":49,"column":2},"end":{"line":49,"column":64}},"4":{"start":{"line":57,"column":2},"end":{"line":57,"column":86}},"5":{"start":{"line":60,"column":2},"end":{"line":60,"column":64}},"6":{"start":{"line":68,"column":2},"end":{"line":68,"column":86}},"7":{"start":{"line":71,"column":2},"end":{"line":71,"column":64}},"8":{"start":{"line":80,"column":2},"end":{"line":80,"column":74}},"9":{"start":{"line":89,"column":2},"end":{"line":89,"column":61}},"10":{"start":{"line":98,"column":2},"end":{"line":98,"column":4574}},"11":{"start":{"line":103,"column":2},"end":{"line":103,"column":99}},"12":{"start":{"line":105,"column":2},"end":{"line":105,"column":82}},"13":{"start":{"line":106,"column":2},"end":{"line":106,"column":63}},"14":{"start":{"line":108,"column":2},"end":{"line":108,"column":46}}},"branchMap":{"1":{"line":35,"type":"if","locations":[{"start":{"line":35,"column":73},"end":{"line":35,"column":73}},{"start":{"line":35,"column":73},"end":{"line":35,"column":73}}]},"2":{"line":39,"type":"if","locations":[{"start":{"line":39,"column":80},"end":{"line":39,"column":80}},{"start":{"line":39,"column":80},"end":{"line":39,"column":80}}]},"3":{"line":43,"type":"if","locations":[{"start":{"line":43,"column":69},"end":{"line":43,"column":69}},{"start":{"line":43,"column":69},"end":{"line":43,"column":69}}]},"4":{"line":43,"type":"if","locations":[{"start":{"line":43,"column":83},"end":{"line":43,"column":83}},{"start":{"line":43,"column":83},"end":{"line":43,"column":83}}]},"5":{"line":52,"type":"if","locations":[{"start":{"line":52,"column":58},"end":{"line":52,"column":58}},{"start":{"line":52,"column":58},"end":{"line":52,"column":58}}]},"6":{"line":52,"type":"if","locations":[{"start":{"line":52,"column":72},"end":{"line":52,"column":72}},{"start":{"line":52,"column":72},"end":{"line":52,"column":72}}]},"7":{"line":63,"type":"if","locations":[{"start":{"line":63,"column":56},"end":{"line":63,"column":56}},{"start":{"line":63,"column":56},"end":{"line":63,"column":56}}]},"8":{"line":63,"type":"if","locations":[{"start":{"line":63,"column":70},"end":{"line":63,"column":70}},{"start":{"line":63,"column":70},"end":{"line":63,"column":70}}]},"9":{"line":74,"type":"if","locations":[{"start":{"line":74,"column":66},"end":{"line":74,"column":66}},{"start":{"line":74,"column":66},"end":{"line":74,"column":66}}]},"10":{"line":74,"type":"if","locations":[{"start":{"line":74,"column":80},"end":{"line":74,"column":80}},{"start":{"line":74,"column":80},"end":{"line":74,"column":80}}]},"11":{"line":83,"type":"if","locations":[{"start":{"line":83,"column":65},"end":{"line":83,"column":65}},{"start":{"line":83,"column":65},"end":{"line":83,"column":65}}]},"12":{"line":83,"type":"if","locations":[{"start":{"line":83,"column":79},"end":{"line":83,"column":79}},{"start":{"line":83,"column":79},"end":{"line":83,"column":79}}]},"13":{"line":92,"type":"if","locations":[{"start":{"line":92,"column":38},"end":{"line":92,"column":38}},{"start":{"line":92,"column":38},"end":{"line":92,"column":38}}]},"14":{"line":92,"type":"if","locations":[{"start":{"line":92,"column":52},"end":{"line":92,"column":52}},{"start":{"line":92,"column":52},"end":{"line":92,"column":52}}]},"15":{"line":98,"type":"if","locations":[{"start":{"line":98,"column":2},"end":{"line":98,"column":2}},{"start":{"line":98,"column":2},"end":{"line":98,"column":2}}]},"16":{"line":106,"type":"if","locations":[{"start":{"line":106,"column":2},"end":{"line":106,"column":2}},{"start":{"line":106,"column":2},"end":{"line":106,"column":2}}]}}},"contracts\\ArexaPlatform\\ArexaPoolPNLFacet.sol":{"l":{"26":1,"30":1,"34":39,"38":0,"39":0,"46":0,"54":0,"55":0,"62":0,"69":0,"76":0,"80":0},"path":"X:\\usmart\\arexa\\contracts\\ArexaPlatform\\ArexaPoolPNLFacet.sol","s":{"1":1,"2":1,"3":39,"4":0,"5":0,"6":0,"7":0,"8":0,"9":0,"10":0,"11":0},"b":{"1":[1,0],"2":[1,0],"3":[39,0],"4":[0,0],"5":[0,0],"6":[0,0],"7":[0,0],"8":[0,0],"9":[0,0],"10":[0,0],"11":[0,0],"12":[0,0],"13":[0,0],"14":[0,0],"15":[0,0],"16":[0,0],"17":[0,0],"18":[0,0],"19":[0,0],"20":[0,0],"21":[0,0],"22":[0,0],"23":[0,0],"24":[0,0],"25":[0,0]},"f":{"1":3,"2":1,"3":1,"4":39,"5":0,"6":0,"7":0,"8":0,"9":0},"fnMap":{"1":{"name":"constructor","line":23,"loc":{"start":{"line":23,"column":1},"end":{"line":23,"column":16}}},"2":{"name":"getInventory","line":25,"loc":{"start":{"line":25,"column":1},"end":{"line":27,"column":1}}},"3":{"name":"getInventoryItem","line":29,"loc":{"start":{"line":29,"column":1},"end":{"line":31,"column":1}}},"4":{"name":"calcDivident","line":33,"loc":{"start":{"line":33,"column":1},"end":{"line":35,"column":1}}},"5":{"name":"getArexaIncomeParameter","line":37,"loc":{"start":{"line":37,"column":1},"end":{"line":47,"column":1}}},"6":{"name":"setArexaIncomeParameter","line":53,"loc":{"start":{"line":49,"column":1},"end":{"line":63,"column":1}}},"7":{"name":"payoutArexaIncome","line":68,"loc":{"start":{"line":65,"column":1},"end":{"line":70,"column":1}}},"8":{"name":"payoutArexaDivident","line":75,"loc":{"start":{"line":72,"column":1},"end":{"line":77,"column":1}}},"9":{"name":"payoutDivident","line":79,"loc":{"start":{"line":79,"column":1},"end":{"line":81,"column":1}}}},"statementMap":{"1":{"start":{"line":26,"column":2},"end":{"line":26,"column":107}},"2":{"start":{"line":30,"column":2},"end":{"line":30,"column":120}},"3":{"start":{"line":34,"column":2},"end":{"line":34,"column":116}},"4":{"start":{"line":38,"column":2},"end":{"line":38,"column":57}},"5":{"start":{"line":39,"column":2},"end":{"line":39,"column":1799}},"6":{"start":{"line":54,"column":2},"end":{"line":54,"column":57}},"7":{"start":{"line":55,"column":2},"end":{"line":55,"column":2416}},"8":{"start":{"line":62,"column":2},"end":{"line":62,"column":63}},"9":{"start":{"line":69,"column":2},"end":{"line":69,"column":53}},"10":{"start":{"line":76,"column":2},"end":{"line":76,"column":86}},"11":{"start":{"line":80,"column":2},"end":{"line":80,"column":67}}},"branchMap":{"1":{"line":25,"type":"if","locations":[{"start":{"line":25,"column":39},"end":{"line":25,"column":39}},{"start":{"line":25,"column":39},"end":{"line":25,"column":39}}]},"2":{"line":29,"type":"if","locations":[{"start":{"line":29,"column":58},"end":{"line":29,"column":58}},{"start":{"line":29,"column":58},"end":{"line":29,"column":58}}]},"3":{"line":33,"type":"if","locations":[{"start":{"line":33,"column":54},"end":{"line":33,"column":54}},{"start":{"line":33,"column":54},"end":{"line":33,"column":54}}]},"4":{"line":37,"type":"if","locations":[{"start":{"line":37,"column":65},"end":{"line":37,"column":65}},{"start":{"line":37,"column":65},"end":{"line":37,"column":65}}]},"5":{"line":39,"type":"if","locations":[{"start":{"line":39,"column":2},"end":{"line":39,"column":2}},{"start":{"line":39,"column":2},"end":{"line":39,"column":2}}]},"6":{"line":40,"type":"cond-expr","locations":[{"start":{"line":40,"column":3},"end":{"line":40,"column":49}},{"start":{"line":41,"column":4},"end":{"line":41,"column":50}}]},"7":{"line":40,"type":"cond-expr","locations":[{"start":{"line":40,"column":3},"end":{"line":41,"column":50}},{"start":{"line":42,"column":4},"end":{"line":42,"column":47}}]},"8":{"line":40,"type":"cond-expr","locations":[{"start":{"line":40,"column":3},"end":{"line":42,"column":47}},{"start":{"line":43,"column":4},"end":{"line":43,"column":46}}]},"9":{"line":40,"type":"cond-expr","locations":[{"start":{"line":40,"column":3},"end":{"line":43,"column":46}},{"start":{"line":44,"column":4},"end":{"line":44,"column":46}}]},"10":{"line":53,"type":"if","locations":[{"start":{"line":53,"column":12},"end":{"line":53,"column":12}},{"start":{"line":53,"column":12},"end":{"line":53,"column":12}}]},"11":{"line":53,"type":"if","locations":[{"start":{"line":53,"column":26},"end":{"line":53,"column":26}},{"start":{"line":53,"column":26},"end":{"line":53,"column":26}}]},"12":{"line":53,"type":"if","locations":[{"start":{"line":53,"column":67},"end":{"line":53,"column":67}},{"start":{"line":53,"column":67},"end":{"line":53,"column":67}}]},"13":{"line":55,"type":"if","locations":[{"start":{"line":55,"column":2},"end":{"line":55,"column":2}},{"start":{"line":55,"column":2},"end":{"line":55,"column":2}}]},"14":{"line":56,"type":"cond-expr","locations":[{"start":{"line":56,"column":3},"end":{"line":56,"column":49}},{"start":{"line":57,"column":4},"end":{"line":57,"column":50}}]},"15":{"line":56,"type":"cond-expr","locations":[{"start":{"line":56,"column":3},"end":{"line":57,"column":50}},{"start":{"line":58,"column":4},"end":{"line":58,"column":47}}]},"16":{"line":56,"type":"cond-expr","locations":[{"start":{"line":56,"column":3},"end":{"line":58,"column":47}},{"start":{"line":59,"column":4},"end":{"line":59,"column":46}}]},"17":{"line":56,"type":"cond-expr","locations":[{"start":{"line":56,"column":3},"end":{"line":59,"column":46}},{"start":{"line":60,"column":4},"end":{"line":60,"column":46}}]},"18":{"line":68,"type":"if","locations":[{"start":{"line":68,"column":12},"end":{"line":68,"column":12}},{"start":{"line":68,"column":12},"end":{"line":68,"column":12}}]},"19":{"line":68,"type":"if","locations":[{"start":{"line":68,"column":26},"end":{"line":68,"column":26}},{"start":{"line":68,"column":26},"end":{"line":68,"column":26}}]},"20":{"line":68,"type":"if","locations":[{"start":{"line":68,"column":67},"end":{"line":68,"column":67}},{"start":{"line":68,"column":67},"end":{"line":68,"column":67}}]},"21":{"line":75,"type":"if","locations":[{"start":{"line":75,"column":12},"end":{"line":75,"column":12}},{"start":{"line":75,"column":12},"end":{"line":75,"column":12}}]},"22":{"line":75,"type":"if","locations":[{"start":{"line":75,"column":26},"end":{"line":75,"column":26}},{"start":{"line":75,"column":26},"end":{"line":75,"column":26}}]},"23":{"line":75,"type":"if","locations":[{"start":{"line":75,"column":67},"end":{"line":75,"column":67}},{"start":{"line":75,"column":67},"end":{"line":75,"column":67}}]},"24":{"line":79,"type":"if","locations":[{"start":{"line":79,"column":49},"end":{"line":79,"column":49}},{"start":{"line":79,"column":49},"end":{"line":79,"column":49}}]},"25":{"line":79,"type":"if","locations":[{"start":{"line":79,"column":63},"end":{"line":79,"column":63}},{"start":{"line":79,"column":63},"end":{"line":79,"column":63}}]}}},"contracts\\ArexaPlatform\\ArexaRestrictionFacet.sol":{"l":{"23":10,"27":0,"31":0},"path":"X:\\usmart\\arexa\\contracts\\ArexaPlatform\\ArexaRestrictionFacet.sol","s":{"1":10,"2":0,"3":0},"b":{"1":[10,0],"2":[0,0],"3":[0,0]},"f":{"1":3,"2":10,"3":0,"4":0},"fnMap":{"1":{"name":"constructor","line":20,"loc":{"start":{"line":20,"column":1},"end":{"line":20,"column":16}}},"2":{"name":"calcUnrestrictedAmount","line":22,"loc":{"start":{"line":22,"column":1},"end":{"line":24,"column":1}}},"3":{"name":"checkRestriction","line":26,"loc":{"start":{"line":26,"column":1},"end":{"line":28,"column":1}}},"4":{"name":"checkRestrictions","line":30,"loc":{"start":{"line":30,"column":1},"end":{"line":32,"column":1}}}},"statementMap":{"1":{"start":{"line":23,"column":2},"end":{"line":23,"column":77}},"2":{"start":{"line":27,"column":2},"end":{"line":27,"column":63}},"3":{"start":{"line":31,"column":2},"end":{"line":31,"column":66}}},"branchMap":{"1":{"line":22,"type":"if","locations":[{"start":{"line":22,"column":97},"end":{"line":22,"column":97}},{"start":{"line":22,"column":97},"end":{"line":22,"column":97}}]},"2":{"line":26,"type":"if","locations":[{"start":{"line":26,"column":91},"end":{"line":26,"column":91}},{"start":{"line":26,"column":91},"end":{"line":26,"column":91}}]},"3":{"line":30,"type":"if","locations":[{"start":{"line":30,"column":116},"end":{"line":30,"column":116}},{"start":{"line":30,"column":116},"end":{"line":30,"column":116}}]}}},"contracts\\ArexaPlatform\\ArexaStakingFacet.sol":{"l":{"20":1,"24":4},"path":"X:\\usmart\\arexa\\contracts\\ArexaPlatform\\ArexaStakingFacet.sol","s":{"1":1,"2":4},"b":{"1":[1,0],"2":[4,0]},"f":{"1":3,"2":1,"3":4},"fnMap":{"1":{"name":"constructor","line":17,"loc":{"start":{"line":17,"column":1},"end":{"line":17,"column":16}}},"2":{"name":"stakeArexaToken","line":19,"loc":{"start":{"line":19,"column":1},"end":{"line":21,"column":1}}},"3":{"name":"withdrawArexaToken","line":23,"loc":{"start":{"line":23,"column":1},"end":{"line":25,"column":1}}}},"statementMap":{"1":{"start":{"line":20,"column":2},"end":{"line":20,"column":67}},"2":{"start":{"line":24,"column":2},"end":{"line":24,"column":83}}},"branchMap":{"1":{"line":19,"type":"if","locations":[{"start":{"line":19,"column":53},"end":{"line":19,"column":53}},{"start":{"line":19,"column":53},"end":{"line":19,"column":53}}]},"2":{"line":23,"type":"if","locations":[{"start":{"line":23,"column":97},"end":{"line":23,"column":97}},{"start":{"line":23,"column":97},"end":{"line":23,"column":97}}]}}},"contracts\\ArexaPlatform\\LibArexaConst.sol":{"l":{},"path":"X:\\usmart\\arexa\\contracts\\ArexaPlatform\\LibArexaConst.sol","s":{},"b":{},"f":{},"fnMap":{},"statementMap":{},"branchMap":{}},"contracts\\ArexaPlatform\\Platform\\LibArexaPlatform.sol":{"l":{"29":5,"30":5,"31":5,"32":5,"36":1,"37":1,"39":1,"40":1,"45":1,"50":1,"55":1,"60":1,"63":1,"66":1,"69":1,"70":1,"71":1,"72":1,"75":1,"83":1,"88":1,"89":1,"94":4,"95":4,"99":5,"100":5,"101":5,"105":0,"106":0,"107":0,"111":101,"112":101,"116":0,"117":0,"121":0,"122":0,"126":35,"128":35,"130":35,"132":35,"133":35,"134":35,"146":12,"149":12,"151":12,"153":10,"154":8,"156":10,"157":10,"158":10,"159":10,"163":24,"164":24,"168":12,"177":8,"179":8,"181":8,"183":8,"189":8,"190":8,"192":8,"201":1,"203":1,"205":1,"206":1,"207":1,"209":1,"210":1,"211":1,"212":0,"213":0,"214":0,"216":1,"217":1,"218":1,"221":1,"223":1,"229":1,"231":1,"241":19,"243":19,"245":19,"246":19,"247":19,"249":19,"250":19,"251":19,"252":10,"253":10,"254":10,"256":9,"257":9,"258":9,"261":19,"262":19,"263":19,"265":19,"267":19,"273":17,"275":17,"276":17,"282":6,"284":6,"285":6,"286":5,"288":5,"290":5,"291":5,"300":11,"302":11,"303":11,"305":11,"307":11,"311":9,"314":9,"318":0,"319":0,"321":0,"327":0,"329":0,"335":0,"341":1,"345":1,"346":1,"347":1,"349":1,"352":1,"354":1,"357":1,"358":1,"362":4,"366":4,"367":4,"370":4,"373":2,"375":2},"path":"X:\\usmart\\arexa\\contracts\\ArexaPlatform\\Platform\\LibArexaPlatform.sol","s":{"1":5,"2":5,"3":5,"4":1,"5":1,"6":1,"7":1,"8":1,"9":1,"10":1,"11":1,"12":1,"13":1,"14":1,"15":1,"16":1,"17":1,"18":1,"19":1,"20":4,"21":4,"22":5,"23":0,"24":101,"25":101,"26":0,"27":0,"28":0,"29":35,"30":35,"31":35,"32":35,"33":12,"34":12,"35":12,"36":10,"37":10,"38":10,"39":24,"40":24,"41":12,"42":8,"43":8,"44":8,"45":8,"46":8,"47":8,"48":8,"49":1,"50":1,"51":1,"52":1,"53":1,"54":1,"55":1,"56":1,"57":0,"58":1,"59":1,"60":1,"61":1,"62":1,"63":19,"64":19,"65":19,"66":19,"67":19,"68":19,"69":19,"70":19,"71":10,"72":9,"73":19,"74":19,"75":19,"76":19,"77":17,"78":17,"79":6,"80":6,"81":6,"82":5,"83":5,"84":11,"85":11,"86":11,"87":11,"88":11,"89":9,"90":9,"91":0,"92":0,"93":0,"94":0,"95":0,"96":0,"97":1,"98":1,"99":1,"100":1,"101":1,"102":1,"103":1,"104":1,"105":4,"106":4,"107":4,"108":4,"109":2},"b":{"1":[5,0],"2":[10,2],"3":[8,2],"4":[1,0],"5":[1,0],"6":[0,1],"7":[0,0],"8":[1,0],"9":[19,0],"10":[9,10],"11":[10,9],"12":[10,0],"13":[9,0],"14":[19,0],"15":[5,1],"16":[0,0],"17":[1,0]},"f":{"1":5,"2":1,"3":4,"4":5,"5":0,"6":101,"7":0,"8":0,"9":35,"10":12,"11":24,"12":12,"13":8,"14":1,"15":19,"16":6,"17":11,"18":0,"19":0,"20":1,"21":4},"fnMap":{"1":{"name":"_initArexaTokenPool","line":28,"loc":{"start":{"line":28,"column":1},"end":{"line":33,"column":1}}},"2":{"name":"initialize","line":35,"loc":{"start":{"line":35,"column":1},"end":{"line":90,"column":1}}},"3":{"name":"getArexaTokenPool","line":93,"loc":{"start":{"line":93,"column":1},"end":{"line":96,"column":1}}},"4":{"name":"setArexaIncomeParameter","line":98,"loc":{"start":{"line":98,"column":1},"end":{"line":102,"column":1}}},"5":{"name":"getArexaIncomeParameter","line":104,"loc":{"start":{"line":104,"column":1},"end":{"line":108,"column":1}}},"6":{"name":"getPayingToken","line":110,"loc":{"start":{"line":110,"column":1},"end":{"line":113,"column":1}}},"7":{"name":"setPayingToken","line":115,"loc":{"start":{"line":115,"column":1},"end":{"line":118,"column":1}}},"8":{"name":"getArexaERC20Token","line":120,"loc":{"start":{"line":120,"column":1},"end":{"line":123,"column":1}}},"9":{"name":"_divideAmountPoolAndArexa","line":125,"loc":{"start":{"line":125,"column":1},"end":{"line":135,"column":1}}},"10":{"name":"createSubscriptions","line":137,"loc":{"start":{"line":137,"column":1},"end":{"line":160,"column":1}}},"11":{"name":"getCurrentSubscriptionTokenId","line":162,"loc":{"start":{"line":162,"column":1},"end":{"line":165,"column":1}}},"12":{"name":"calcSubscriptionPrice","line":167,"loc":{"start":{"line":167,"column":1},"end":{"line":169,"column":1}}},"13":{"name":"buySubscription","line":171,"loc":{"start":{"line":171,"column":1},"end":{"line":193,"column":1}}},"14":{"name":"buyTraderToken","line":195,"loc":{"start":{"line":195,"column":1},"end":{"line":232,"column":1}}},"15":{"name":"buyArexaToken","line":234,"loc":{"start":{"line":234,"column":1},"end":{"line":277,"column":1}}},"16":{"name":"payByArexaToken","line":279,"loc":{"start":{"line":279,"column":1},"end":{"line":292,"column":1}}},"17":{"name":"buyMagic100Token","line":294,"loc":{"start":{"line":294,"column":1},"end":{"line":315,"column":1}}},"18":{"name":"payoutArexaIncome","line":317,"loc":{"start":{"line":317,"column":1},"end":{"line":324,"column":1}}},"19":{"name":"payoutPoolDivident","line":326,"loc":{"start":{"line":326,"column":1},"end":{"line":338,"column":1}}},"20":{"name":"stakeArexaToken","line":340,"loc":{"start":{"line":340,"column":1},"end":{"line":359,"column":1}}},"21":{"name":"withdrawArexaToken","line":361,"loc":{"start":{"line":361,"column":1},"end":{"line":376,"column":1}}}},"statementMap":{"1":{"start":{"line":29,"column":2},"end":{"line":29,"column":71}},"2":{"start":{"line":30,"column":2},"end":{"line":30,"column":116}},"3":{"start":{"line":32,"column":2},"end":{"line":32,"column":83}},"4":{"start":{"line":36,"column":2},"end":{"line":36,"column":71}},"5":{"start":{"line":37,"column":2},"end":{"line":37,"column":58}},"6":{"start":{"line":45,"column":2},"end":{"line":45,"column":66}},"7":{"start":{"line":50,"column":2},"end":{"line":50,"column":65}},"8":{"start":{"line":55,"column":2},"end":{"line":55,"column":63}},"9":{"start":{"line":60,"column":2},"end":{"line":60,"column":62}},"10":{"start":{"line":63,"column":2},"end":{"line":63,"column":77}},"11":{"start":{"line":66,"column":2},"end":{"line":66,"column":125}},"12":{"start":{"line":69,"column":2},"end":{"line":69,"column":99}},"13":{"start":{"line":70,"column":2},"end":{"line":70,"column":98}},"14":{"start":{"line":71,"column":2},"end":{"line":71,"column":99}},"15":{"start":{"line":72,"column":2},"end":{"line":72,"column":101}},"16":{"start":{"line":75,"column":2},"end":{"line":75,"column":3169}},"17":{"start":{"line":83,"column":2},"end":{"line":83,"column":99}},"18":{"start":{"line":88,"column":2},"end":{"line":88,"column":62}},"19":{"start":{"line":89,"column":2},"end":{"line":89,"column":83}},"20":{"start":{"line":94,"column":2},"end":{"line":94,"column":71}},"21":{"start":{"line":95,"column":2},"end":{"line":95,"column":41}},"22":{"start":{"line":99,"column":2},"end":{"line":99,"column":71}},"23":{"start":{"line":105,"column":2},"end":{"line":105,"column":71}},"24":{"start":{"line":111,"column":2},"end":{"line":111,"column":71}},"25":{"start":{"line":112,"column":2},"end":{"line":112,"column":31}},"26":{"start":{"line":116,"column":2},"end":{"line":116,"column":71}},"27":{"start":{"line":121,"column":2},"end":{"line":121,"column":71}},"28":{"start":{"line":122,"column":2},"end":{"line":122,"column":30}},"29":{"start":{"line":126,"column":2},"end":{"line":126,"column":71}},"30":{"start":{"line":128,"column":2},"end":{"line":128,"column":5412}},"31":{"start":{"line":130,"column":2},"end":{"line":130,"column":43}},"32":{"start":{"line":132,"column":2},"end":{"line":132,"column":112}},"33":{"start":{"line":146,"column":2},"end":{"line":146,"column":71}},"34":{"start":{"line":149,"column":2},"end":{"line":149,"column":94}},"35":{"start":{"line":151,"column":2},"end":{"line":151,"column":123}},"36":{"start":{"line":153,"column":2},"end":{"line":153,"column":6289}},"37":{"start":{"line":158,"column":2},"end":{"line":158,"column":66}},"38":{"start":{"line":159,"column":2},"end":{"line":159,"column":83}},"39":{"start":{"line":163,"column":2},"end":{"line":163,"column":71}},"40":{"start":{"line":164,"column":2},"end":{"line":164,"column":51}},"41":{"start":{"line":168,"column":2},"end":{"line":168,"column":67}},"42":{"start":{"line":177,"column":2},"end":{"line":177,"column":71}},"43":{"start":{"line":179,"column":2},"end":{"line":179,"column":74}},"44":{"start":{"line":181,"column":2},"end":{"line":181,"column":58}},"45":{"start":{"line":183,"column":2},"end":{"line":183,"column":71}},"46":{"start":{"line":189,"column":2},"end":{"line":189,"column":56}},"47":{"start":{"line":190,"column":2},"end":{"line":190,"column":45}},"48":{"start":{"line":192,"column":2},"end":{"line":192,"column":93}},"49":{"start":{"line":201,"column":2},"end":{"line":201,"column":77}},"50":{"start":{"line":203,"column":2},"end":{"line":203,"column":71}},"51":{"start":{"line":205,"column":2},"end":{"line":205,"column":84}},"52":{"start":{"line":206,"column":2},"end":{"line":206,"column":26}},"53":{"start":{"line":207,"column":2},"end":{"line":207,"column":43}},"54":{"start":{"line":209,"column":2},"end":{"line":209,"column":20}},"55":{"start":{"line":210,"column":2},"end":{"line":210,"column":22}},"56":{"start":{"line":211,"column":2},"end":{"line":211,"column":8698}},"57":{"start":{"line":214,"column":3},"end":{"line":214,"column":90}},"58":{"start":{"line":218,"column":3},"end":{"line":218,"column":90}},"59":{"start":{"line":221,"column":2},"end":{"line":221,"column":58}},"60":{"start":{"line":223,"column":2},"end":{"line":223,"column":71}},"61":{"start":{"line":229,"column":2},"end":{"line":229,"column":65}},"62":{"start":{"line":231,"column":2},"end":{"line":231,"column":82}},"63":{"start":{"line":241,"column":2},"end":{"line":241,"column":77}},"64":{"start":{"line":243,"column":2},"end":{"line":243,"column":71}},"65":{"start":{"line":245,"column":2},"end":{"line":245,"column":84}},"66":{"start":{"line":246,"column":2},"end":{"line":246,"column":26}},"67":{"start":{"line":247,"column":2},"end":{"line":247,"column":52}},"68":{"start":{"line":249,"column":2},"end":{"line":249,"column":20}},"69":{"start":{"line":250,"column":2},"end":{"line":250,"column":22}},"70":{"start":{"line":251,"column":2},"end":{"line":251,"column":10455}},"71":{"start":{"line":254,"column":3},"end":{"line":254,"column":89}},"72":{"start":{"line":258,"column":3},"end":{"line":258,"column":89}},"73":{"start":{"line":261,"column":2},"end":{"line":261,"column":98}},"74":{"start":{"line":262,"column":2},"end":{"line":262,"column":82}},"75":{"start":{"line":265,"column":2},"end":{"line":265,"column":58}},"76":{"start":{"line":267,"column":2},"end":{"line":267,"column":71}},"77":{"start":{"line":273,"column":2},"end":{"line":273,"column":64}},"78":{"start":{"line":275,"column":2},"end":{"line":275,"column":112}},"79":{"start":{"line":282,"column":2},"end":{"line":282,"column":71}},"80":{"start":{"line":284,"column":2},"end":{"line":284,"column":68}},"81":{"start":{"line":285,"column":2},"end":{"line":285,"column":83}},"82":{"start":{"line":288,"column":2},"end":{"line":288,"column":58}},"83":{"start":{"line":290,"column":2},"end":{"line":290,"column":113}},"84":{"start":{"line":300,"column":2},"end":{"line":300,"column":71}},"85":{"start":{"line":302,"column":2},"end":{"line":302,"column":84}},"86":{"start":{"line":303,"column":2},"end":{"line":303,"column":32}},"87":{"start":{"line":305,"column":2},"end":{"line":305,"column":58}},"88":{"start":{"line":307,"column":2},"end":{"line":307,"column":71}},"89":{"start":{"line":311,"column":2},"end":{"line":311,"column":105}},"90":{"start":{"line":314,"column":2},"end":{"line":314,"column":64}},"91":{"start":{"line":318,"column":2},"end":{"line":318,"column":71}},"92":{"start":{"line":319,"column":2},"end":{"line":319,"column":71}},"93":{"start":{"line":321,"column":2},"end":{"line":321,"column":86}},"94":{"start":{"line":327,"column":2},"end":{"line":327,"column":71}},"95":{"start":{"line":329,"column":2},"end":{"line":329,"column":14288}},"96":{"start":{"line":335,"column":2},"end":{"line":335,"column":89}},"97":{"start":{"line":341,"column":2},"end":{"line":341,"column":71}},"98":{"start":{"line":345,"column":2},"end":{"line":345,"column":83}},"99":{"start":{"line":346,"column":2},"end":{"line":346,"column":50}},"100":{"start":{"line":347,"column":2},"end":{"line":347,"column":56}},"101":{"start":{"line":349,"column":2},"end":{"line":349,"column":117}},"102":{"start":{"line":352,"column":2},"end":{"line":352,"column":89}},"103":{"start":{"line":354,"column":2},"end":{"line":354,"column":58}},"104":{"start":{"line":357,"column":2},"end":{"line":357,"column":124}},"105":{"start":{"line":362,"column":2},"end":{"line":362,"column":71}},"106":{"start":{"line":366,"column":2},"end":{"line":366,"column":83}},"107":{"start":{"line":367,"column":2},"end":{"line":367,"column":47}},"108":{"start":{"line":370,"column":2},"end":{"line":370,"column":126}},"109":{"start":{"line":373,"column":2},"end":{"line":373,"column":83}}},"branchMap":{"1":{"line":30,"type":"if","locations":[{"start":{"line":30,"column":2},"end":{"line":30,"column":2}},{"start":{"line":30,"column":2},"end":{"line":30,"column":2}}]},"2":{"line":151,"type":"if","locations":[{"start":{"line":151,"column":2},"end":{"line":151,"column":2}},{"start":{"line":151,"column":2},"end":{"line":151,"column":2}}]},"3":{"line":153,"type":"if","locations":[{"start":{"line":153,"column":2},"end":{"line":153,"column":2}},{"start":{"line":153,"column":2},"end":{"line":153,"column":2}}]},"4":{"line":201,"type":"if","locations":[{"start":{"line":201,"column":2},"end":{"line":201,"column":2}},{"start":{"line":201,"column":2},"end":{"line":201,"column":2}}]},"5":{"line":201,"type":"cond-expr","locations":[{"start":{"line":201,"column":10},"end":{"line":201,"column":24}},{"start":{"line":201,"column":29},"end":{"line":201,"column":43}}]},"6":{"line":211,"type":"if","locations":[{"start":{"line":211,"column":2},"end":{"line":211,"column":2}},{"start":{"line":211,"column":2},"end":{"line":211,"column":2}}]},"7":{"line":214,"type":"if","locations":[{"start":{"line":214,"column":3},"end":{"line":214,"column":3}},{"start":{"line":214,"column":3},"end":{"line":214,"column":3}}]},"8":{"line":218,"type":"if","locations":[{"start":{"line":218,"column":3},"end":{"line":218,"column":3}},{"start":{"line":218,"column":3},"end":{"line":218,"column":3}}]},"9":{"line":241,"type":"if","locations":[{"start":{"line":241,"column":2},"end":{"line":241,"column":2}},{"start":{"line":241,"column":2},"end":{"line":241,"column":2}}]},"10":{"line":241,"type":"cond-expr","locations":[{"start":{"line":241,"column":10},"end":{"line":241,"column":24}},{"start":{"line":241,"column":29},"end":{"line":241,"column":43}}]},"11":{"line":251,"type":"if","locations":[{"start":{"line":251,"column":2},"end":{"line":251,"column":2}},{"start":{"line":251,"column":2},"end":{"line":251,"column":2}}]},"12":{"line":254,"type":"if","locations":[{"start":{"line":254,"column":3},"end":{"line":254,"column":3}},{"start":{"line":254,"column":3},"end":{"line":254,"column":3}}]},"13":{"line":258,"type":"if","locations":[{"start":{"line":258,"column":3},"end":{"line":258,"column":3}},{"start":{"line":258,"column":3},"end":{"line":258,"column":3}}]},"14":{"line":262,"type":"if","locations":[{"start":{"line":262,"column":2},"end":{"line":262,"column":2}},{"start":{"line":262,"column":2},"end":{"line":262,"column":2}}]},"15":{"line":285,"type":"if","locations":[{"start":{"line":285,"column":2},"end":{"line":285,"column":2}},{"start":{"line":285,"column":2},"end":{"line":285,"column":2}}]},"16":{"line":319,"type":"if","locations":[{"start":{"line":319,"column":2},"end":{"line":319,"column":2}},{"start":{"line":319,"column":2},"end":{"line":319,"column":2}}]},"17":{"line":349,"type":"if","locations":[{"start":{"line":349,"column":2},"end":{"line":349,"column":2}},{"start":{"line":349,"column":2},"end":{"line":349,"column":2}}]}}},"contracts\\ArexaPlatform\\Platform\\LibArexaPlatformStorage.sol":{"l":{"36":237,"37":237},"path":"X:\\usmart\\arexa\\contracts\\ArexaPlatform\\Platform\\LibArexaPlatformStorage.sol","s":{"1":237},"b":{},"f":{"1":237},"fnMap":{"1":{"name":"layout","line":35,"loc":{"start":{"line":35,"column":1},"end":{"line":40,"column":1}}}},"statementMap":{"1":{"start":{"line":36,"column":2},"end":{"line":36,"column":33}}},"branchMap":{}},"contracts\\ArexaToken\\ArexaTokenACLFacet.sol":{"l":{},"path":"X:\\usmart\\arexa\\contracts\\ArexaToken\\ArexaTokenACLFacet.sol","s":{},"b":{},"f":{"1":9},"fnMap":{"1":{"name":"constructor","line":7,"loc":{"start":{"line":7,"column":1},"end":{"line":7,"column":32}}}},"statementMap":{},"branchMap":{}},"contracts\\ArexaToken\\ArexaTokenAdminFacet.sol":{"l":{},"path":"X:\\usmart\\arexa\\contracts\\ArexaToken\\ArexaTokenAdminFacet.sol","s":{},"b":{},"f":{"1":9},"fnMap":{"1":{"name":"constructor","line":7,"loc":{"start":{"line":7,"column":1},"end":{"line":7,"column":34}}}},"statementMap":{},"branchMap":{}},"contracts\\ArexaToken\\ArexaTokenAMLFacet.sol":{"l":{},"path":"X:\\usmart\\arexa\\contracts\\ArexaToken\\ArexaTokenAMLFacet.sol","s":{},"b":{},"f":{"1":9},"fnMap":{"1":{"name":"constructor","line":7,"loc":{"start":{"line":7,"column":1},"end":{"line":7,"column":32}}}},"statementMap":{},"branchMap":{}},"contracts\\ArexaToken\\ArexaTokenFacet.sol":{"l":{},"path":"X:\\usmart\\arexa\\contracts\\ArexaToken\\ArexaTokenFacet.sol","s":{},"b":{},"f":{"1":9},"fnMap":{"1":{"name":"constructor","line":7,"loc":{"start":{"line":7,"column":1},"end":{"line":7,"column":30}}}},"statementMap":{},"branchMap":{}},"contracts\\ArexaToken\\ArexaTokenOwnershipFacet.sol":{"l":{},"path":"X:\\usmart\\arexa\\contracts\\ArexaToken\\ArexaTokenOwnershipFacet.sol","s":{},"b":{},"f":{"1":9},"fnMap":{"1":{"name":"constructor","line":10,"loc":{"start":{"line":10,"column":1},"end":{"line":10,"column":38}}}},"statementMap":{},"branchMap":{}},"contracts\\ArexaToken\\ArexaTokenPausableFacet.sol":{"l":{},"path":"X:\\usmart\\arexa\\contracts\\ArexaToken\\ArexaTokenPausableFacet.sol","s":{},"b":{},"f":{"1":9},"fnMap":{"1":{"name":"constructor","line":10,"loc":{"start":{"line":10,"column":1},"end":{"line":10,"column":37}}}},"statementMap":{},"branchMap":{}},"contracts\\base\\AccessControl\\AccessControl.sol":{"l":{"13":0,"14":0,"18":0,"22":0,"26":0,"30":0,"32":0,"36":0,"40":0,"44":0,"48":0},"path":"X:\\usmart\\arexa\\contracts\\base\\AccessControl\\AccessControl.sol","s":{"1":0,"2":0,"3":0,"4":0,"5":0,"6":0,"7":0,"8":0,"9":0,"10":0},"b":{"1":[0,0],"2":[0,0],"3":[0,0]},"f":{"1":0,"2":0,"3":0,"4":0,"5":0,"6":0,"7":0,"8":0,"9":0},"fnMap":{"1":{"name":"onlyRole","line":12,"loc":{"start":{"l
[...]
ine":46,"column":2},"end":{"line":46,"column":2}}]},"3":{"line":90,"type":"if","locations":[{"start":{"line":90,"column":2},"end":{"line":90,"column":2}},{"start":{"line":90,"column":2},"end":{"line":90,"column":2}}]},"4":{"line":94,"type":"if","locations":[{"start":{"line":94,"column":2},"end":{"line":94,"column":2}},{"start":{"line":94,"column":2},"end":{"line":94,"column":2}}]},"5":{"line":96,"type":"if","locations":[{"start":{"line":96,"column":9},"end":{"line":96,"column":9}},{"start":{"line":96,"column":9},"end":{"line":96,"column":9}}]}}},"contracts\\utils\\ECDSA.sol":{"l":{"24":0,"26":0,"27":0,"28":0,"30":0,"36":0,"57":0,"58":0,"61":0,"62":0,"64":0,"73":0,"83":0},"path":"X:\\usmart\\arexa\\contracts\\utils\\ECDSA.sol","s":{"1":0,"2":0,"3":0,"4":0,"5":0,"6":0,"7":0,"8":0,"9":0,"10":0,"11":0,"12":0},"b":{"1":[0,0],"2":[0,0],"3":[0,0],"4":[0,0]},"f":{"1":0,"2":0,"3":0,"4":0},"fnMap":{"1":{"name":"recover","line":23,"loc":{"start":{"line":23,"column":1},"end":{"line":37,"column":1}}},"2":{"name":"recover","line":47,"loc":{"start":{"line":47,"column":1},"end":{"line":65,"column":1}}},"3":{"name":"toEthSignedMessageHash","line":72,"loc":{"start":{"line":72,"column":1},"end":{"line":74,"column":1}}},"4":{"name":"toTypedDataHash","line":82,"loc":{"start":{"line":82,"column":1},"end":{"line":84,"column":1}}}},"statementMap":{"1":{"start":{"line":24,"column":2},"end":{"line":24,"column":68}},"2":{"start":{"line":26,"column":2},"end":{"line":26,"column":11}},"3":{"start":{"line":27,"column":2},"end":{"line":27,"column":11}},"4":{"start":{"line":28,"column":2},"end":{"line":28,"column":9}},"5":{"start":{"line":36,"column":2},"end":{"line":36,"column":31}},"6":{"start":{"line":57,"column":2},"end":{"line":57,"column":111}},"7":{"start":{"line":58,"column":2},"end":{"line":58,"column":50}},"8":{"start":{"line":61,"column":2},"end":{"line":61,"column":43}},"9":{"start":{"line":62,"column":2},"end":{"line":62,"column":60}},"10":{"start":{"line":64,"column":2},"end":{"line":64,"column":15}},"11":{"start":{"line":73,"column":2},"end":{"line":73,"column":82}},"12":{"start":{"line":83,"column":2},"end":{"line":83,"column":75}}},"branchMap":{"1":{"line":24,"type":"if","locations":[{"start":{"line":24,"column":2},"end":{"line":24,"column":2}},{"start":{"line":24,"column":2},"end":{"line":24,"column":2}}]},"2":{"line":57,"type":"if","locations":[{"start":{"line":57,"column":2},"end":{"line":57,"column":2}},{"start":{"line":57,"column":2},"end":{"line":57,"column":2}}]},"3":{"line":58,"type":"if","locations":[{"start":{"line":58,"column":2},"end":{"line":58,"column":2}},{"start":{"line":58,"column":2},"end":{"line":58,"column":2}}]},"4":{"line":62,"type":"if","locations":[{"start":{"line":62,"column":2},"end":{"line":62,"column":2}},{"start":{"line":62,"column":2},"end":{"line":62,"column":2}}]}}},"contracts\\utils\\EnumerableSet.sol":{"l":{"33":0,"37":0,"41":0,"45":0,"49":171,"53":0,"57":0,"61":0,"65":0,"69":0,"73":0,"77":0,"81":0,"85":84,"89":41,"93":0,"97":8,"101":0,"105":0,"109":0,"110":0,"112":0,"116":0,"120":0,"121":0,"123":0,"127":0,"131":0,"132":0,"136":296,"140":0,"141":0,"146":0,"150":125,"151":125,"152":125,"153":125,"158":8,"160":8,"161":8,"162":8,"166":8,"167":8,"171":8,"172":8,"174":8},"path":"X:\\usmart\\arexa\\contracts\\utils\\EnumerableSet.sol","s":{"1":0,"2":0,"3":0,"4":0,"5":171,"6":0,"7":0,"8":0,"9":0,"10":0,"11":0,"12":0,"13":0,"14":84,"15":41,"16":0,"17":8,"18":0,"19":0,"20":0,"21":0,"22":0,"23":0,"24":0,"25":0,"26":0,"27":0,"28":296,"29":0,"30":0,"31":125,"32":125,"33":8,"34":8,"35":8,"36":8},"b":{"1":[0,0],"2":[125,0],"3":[8,0]},"f":{"1":0,"2":0,"3":0,"4":0,"5":171,"6":0,"7":0,"8":0,"9":0,"10":0,"11":0,"12":0,"13":0,"14":84,"15":41,"16":0,"17":8,"18":0,"19":0,"20":0,"21":0,"22":0,"23":296,"24":0,"25":0,"26":125,"27":8},"fnMap":{"1":{"name":"at","line":32,"loc":{"start":{"line":32,"column":1},"end":{"line":34,"column":1}}},"2":{"name":"at","line":36,"loc":{"start":{"line":36,"column":1},"end":{"line":38,"column":1}}},"3":{"name":"at","line":40,"loc":{"start":{"line":40,"column":1},"end":{"line":42,"column":1}}},"4":{"name":"contains","line":44,"loc":{"start":{"line":44,"column":1},"end":{"line":46,"column":1}}},"5":{"name":"contains","line":48,"loc":{"start":{"line":48,"column":1},"end":{"line":50,"column":1}}},"6":{"name":"contains","line":52,"loc":{"start":{"line":52,"column":1},"end":{"line":54,"column":1}}},"7":{"name":"indexOf","line":56,"loc":{"start":{"line":56,"column":1},"end":{"line":58,"column":1}}},"8":{"name":"indexOf","line":60,"loc":{"start":{"line":60,"column":1},"end":{"line":62,"column":1}}},"9":{"name":"indexOf","line":64,"loc":{"start":{"line":64,"column":1},"end":{"line":66,"column":1}}},"10":{"name":"length","line":68,"loc":{"start":{"line":68,"column":1},"end":{"line":70,"column":1}}},"11":{"name":"length","line":72,"loc":{"start":{"line":72,"column":1},"end":{"line":74,"column":1}}},"12":{"name":"length","line":76,"loc":{"start":{"line":76,"column":1},"end":{"line":78,"column":1}}},"13":{"name":"add","line":80,"loc":{"start":{"line":80,"column":1},"end":{"line":82,"column":1}}},"14":{"name":"add","line":84,"loc":{"start":{"line":84,"column":1},"end":{"line":86,"column":1}}},"15":{"name":"add","line":88,"loc":{"start":{"line":88,"column":1},"end":{"line":90,"column":1}}},"16":{"name":"remove","line":92,"loc":{"start":{"line":92,"column":1},"end":{"line":94,"column":1}}},"17":{"name":"remove","line":96,"loc":{"start":{"line":96,"column":1},"end":{"line":98,"column":1}}},"18":{"name":"remove","line":100,"loc":{"start":{"line":100,"column":1},"end":{"line":102,"column":1}}},"19":{"name":"toArray","line":104,"loc":{"start":{"line":104,"column":1},"end":{"line":106,"column":1}}},"20":{"name":"toArray","line":108,"loc":{"start":{"line":108,"column":1},"end":{"line":117,"column":1}}},"21":{"name":"toArray","line":119,"loc":{"start":{"line":119,"column":1},"end":{"line":128,"column":1}}},"22":{"name":"_at","line":130,"loc":{"start":{"line":130,"column":1},"end":{"line":133,"column":1}}},"23":{"name":"_contains","line":135,"loc":{"start":{"line":135,"column":1},"end":{"line":137,"column":1}}},"24":{"name":"_indexOf","line":139,"loc":{"start":{"line":139,"column":1},"end":{"line":143,"column":1}}},"25":{"name":"_length","line":145,"loc":{"start":{"line":145,"column":1},"end":{"line":147,"column":1}}},"26":{"name":"_add","line":149,"loc":{"start":{"line":149,"column":1},"end":{"line":155,"column":1}}},"27":{"name":"_remove","line":157,"loc":{"start":{"line":157,"column":1},"end":{"line":176,"column":1}}}},"statementMap":{"1":{"start":{"line":33,"column":2},"end":{"line":33,"column":31}},"2":{"start":{"line":37,"column":2},"end":{"line":37,"column":58}},"3":{"start":{"line":41,"column":2},"end":{"line":41,"column":40}},"4":{"start":{"line":45,"column":2},"end":{"line":45,"column":37}},"5":{"start":{"line":49,"column":2},"end":{"line":49,"column":64}},"6":{"start":{"line":53,"column":2},"end":{"line":53,"column":46}},"7":{"start":{"line":57,"column":2},"end":{"line":57,"column":36}},"8":{"start":{"line":61,"column":2},"end":{"line":61,"column":63}},"9":{"start":{"line":65,"column":2},"end":{"line":65,"column":45}},"10":{"start":{"line":69,"column":2},"end":{"line":69,"column":28}},"11":{"start":{"line":73,"column":2},"end":{"line":73,"column":28}},"12":{"start":{"line":77,"column":2},"end":{"line":77,"column":28}},"13":{"start":{"line":81,"column":2},"end":{"line":81,"column":32}},"14":{"start":{"line":85,"column":2},"end":{"line":85,"column":59}},"15":{"start":{"line":89,"column":2},"end":{"line":89,"column":41}},"16":{"start":{"line":93,"column":2},"end":{"line":93,"column":35}},"17":{"start":{"line":97,"column":2},"end":{"line":97,"column":62}},"18":{"start":{"line":101,"column":2},"end":{"line":101,"column":44}},"19":{"start":{"line":105,"column":2},"end":{"line":105,"column":27}},"20":{"start":{"line":109,"column":2},"end":{"line":109,"column":47}},"21":{"start":{"line":110,"column":2},"end":{"line":110,"column":25}},"22":{"start":{"line":116,"column":2},"end":{"line":116,"column":14}},"23":{"start":{"line":120,"column":2},"end":{"line":120,"column":47}},"24":{"start":{"line":121,"column":2},"end":{"line":121,"column":25}},"25":{"start":{"line":127,"column":2},"end":{"line":127,"column":14}},"26":{"start":{"line":131,"column":2},"end":{"line":131,"column":75}},"27":{"start":{"line":132,"column":2},"end":{"line":132,"column":27}},"28":{"start":{"line":136,"column":2},"end":{"line":136,"column":33}},"29":{"start":{"line":141,"column":3},"end":{"line":141,"column":33}},"30":{"start":{"line":146,"column":2},"end":{"line":146,"column":27}},"31":{"start":{"line":150,"column":2},"end":{"line":150,"column":4140}},"32":{"start":{"line":151,"column":3},"end":{"line":151,"column":25}},"33":{"start":{"line":158,"column":2},"end":{"line":158,"column":42}},"34":{"start":{"line":160,"column":2},"end":{"line":160,"column":4398}},"35":{"start":{"line":162,"column":4},"end":{"line":162,"column":54}},"36":{"start":{"line":171,"column":3},"end":{"line":171,"column":19}}},"branchMap":{"1":{"line":131,"type":"if","locations":[{"start":{"line":131,"column":2},"end":{"line":131,"column":2}},{"start":{"line":131,"column":2},"end":{"line":131,"column":2}}]},"2":{"line":150,"type":"if","locations":[{"start":{"line":150,"column":2},"end":{"line":150,"column":2}},{"start":{"line":150,"column":2},"end":{"line":150,"column":2}}]},"3":{"line":160,"type":"if","locations":[{"start":{"line":160,"column":2},"end":{"line":160,"column":2}},{"start":{"line":160,"column":2},"end":{"line":160,"column":2}}]}}},"contracts\\utils\\Math.sol":{"l":{"14":0,"24":20,"34":112,"45":0,"46":0,"57":0,"58":0,"59":0,"60":0,"61":0},"path":"X:\\usmart\\arexa\\contracts\\utils\\Math.sol","s":{"1":0,"2":20,"3":112,"4":0,"5":0,"6":0},"b":{"1":[0,20],"2":[20,92]},"f":{"1":0,"2":20,"3":112,"4":0,"5":0},"fnMap":{"1":{"name":"abs","line":13,"loc":{"start":{"line":13,"column":1},"end":{"line":15,"column":1}}},"2":{"name":"max","line":23,"loc":{"start":{"line":23,"column":1},"end":{"line":25,"column":1}}},"3":{"name":"min","line":33,"loc":{"start":{"line":33,"column":1},"end":{"line":35,"column":1}}},"4":{"name":"average","line":44,"loc":{"start":{"line":44,"column":1},"end":{"line":48,"column":1}}},"5":{"name":"sqrt","line":56,"loc":{"start":{"line":56,"column":1},"end":{"line":63,"column":1}}}},"statementMap":{"1":{"start":{"line":14,"column":2},"end":{"line":14,"column":32}},"2":{"start":{"line":24,"column":2},"end":{"line":24,"column":22}},"3":{"start":{"line":34,"column":2},"end":{"line":34,"column":22}},"4":{"start":{"line":46,"column":3},"end":{"line":46,"column":34}},"5":{"start":{"line":57,"column":2},"end":{"line":57,"column":26}},"6":{"start":{"line":59,"column":2},"end":{"line":59,"column":1512}}},"branchMap":{"1":{"line":24,"type":"if","locations":[{"start":{"line":24,"column":17},"end":{"line":24,"column":17}},{"start":{"line":24,"column":21},"end":{"line":24,"column":21}}]},"2":{"line":34,"type":"if","locations":[{"start":{"line":34,"column":17},"end":{"line":34,"column":17}},{"start":{"line":34,"column":21},"end":{"line":34,"column":21}}]}}},"contracts\\utils\\SafeMath.sol":{"l":{"21":0,"22":0,"23":0,"24":0,"34":0,"35":0,"36":0,"46":0,"50":0,"51":0,"52":0,"53":0,"63":0,"64":0,"65":0,"75":0,"76":0,"77":0,"92":108,"106":72,"120":72,"134":144,"150":0,"167":0,"168":0,"169":0,"186":0,"187":0,"188":0,"208":0,"209":0,"210":0},"path":"X:\\usmart\\arexa\\contracts\\utils\\SafeMath.sol","s":{"1":0,"2":0,"3":0,"4":0,"5":0,"6":0,"7":0,"8":0,"9":0,"10":0,"11":0,"12":0,"13":0,"14":0,"15":0,"16":0,"17":0,"18":0,"19":0,"20":108,"21":72,"22":72,"23":144,"24":0,"25":0,"26":0,"27":0,"28":0,"29":0,"30":0},"b":{"1":[0,0],"2":[0,0],"3":[0,0],"4":[0,0],"5":[0,0],"6":[0,0],"7":[0,0],"8":[0,0],"9":[0,0]},"f":{"1":0,"2":0,"3":0,"4":0,"5":0,"6":108,"7":72,"8":72,"9":144,"10":0,"11":0,"12":0,"13":0},"fnMap":{"1":{"name":"tryAdd","line":20,"loc":{"start":{"line":20,"column":1},"end":{"line":26,"column":1}}},"2":{"name":"trySub","line":33,"loc":{"start":{"line":33,"column":1},"end":{"line":38,"column":1}}},"3":{"name":"tryMul","line":45,"loc":{"start":{"line":45,"column":1},"end":{"line":55,"column":1}}},"4":{"name":"tryDiv","line":62,"loc":{"start":{"line":62,"column":1},"end":{"line":67,"column":1}}},"5":{"name":"tryMod","line":74,"loc":{"start":{"line":74,"column":1},"end":{"line":79,"column":1}}},"6":{"name":"add","line":91,"loc":{"start":{"line":91,"column":1},"end":{"line":93,"column":1}}},"7":{"name":"sub","line":105,"loc":{"start":{"line":105,"column":1},"end":{"line":107,"column":1}}},"8":{"name":"mul","line":119,"loc":{"start":{"line":119,"column":1},"end":{"line":121,"column":1}}},"9":{"name":"div","line":133,"loc":{"start":{"line":133,"column":1},"end":{"line":135,"column":1}}},"10":{"name":"mod","line":149,"loc":{"start":{"line":149,"column":1},"end":{"line":151,"column":1}}},"11":{"name":"sub","line":166,"loc":{"start":{"line":166,"column":1},"end":{"line":171,"column":1}}},"12":{"name":"div","line":185,"loc":{"start":{"line":185,"column":1},"end":{"line":190,"column":1}}},"13":{"name":"mod","line":207,"loc":{"start":{"line":207,"column":1},"end":{"line":212,"column":1}}}},"statementMap":{"1":{"start":{"line":22,"column":3},"end":{"line":22,"column":20}},"2":{"start":{"line":23,"column":3},"end":{"line":23,"column":31}},"3":{"start":{"line":23,"column":14},"end":{"line":23,"column":31}},"4":{"start":{"line":24,"column":3},"end":{"line":24,"column":19}},"5":{"start":{"line":35,"column":3},"end":{"line":35,"column":31}},"6":{"start":{"line":35,"column":14},"end":{"line":35,"column":31}},"7":{"start":{"line":36,"column":3},"end":{"line":36,"column":23}},"8":{"start":{"line":50,"column":3},"end":{"line":50,"column":31}},"9":{"start":{"line":50,"column":15},"end":{"line":50,"column":31}},"10":{"start":{"line":51,"column":3},"end":{"line":51,"column":20}},"11":{"start":{"line":52,"column":3},"end":{"line":52,"column":36}},"12":{"start":{"line":52,"column":19},"end":{"line":52,"column":36}},"13":{"start":{"line":53,"column":3},"end":{"line":53,"column":19}},"14":{"start":{"line":64,"column":3},"end":{"line":64,"column":32}},"15":{"start":{"line":64,"column":15},"end":{"line":64,"column":32}},"16":{"start":{"line":65,"column":3},"end":{"line":65,"column":23}},"17":{"start":{"line":76,"column":3},"end":{"line":76,"column":32}},"18":{"start":{"line":76,"column":15},"end":{"line":76,"column":32}},"19":{"start":{"line":77,"column":3},"end":{"line":77,"column":23}},"20":{"start":{"line":92,"column":2},"end":{"line":92,"column":14}},"21":{"start":{"line":106,"column":2},"end":{"line":106,"column":14}},"22":{"start":{"line":120,"column":2},"end":{"line":120,"column":14}},"23":{"start":{"line":134,"column":2},"end":{"line":134,"column":14}},"24":{"start":{"line":150,"column":2},"end":{"line":150,"column":14}},"25":{"start":{"line":168,"column":3},"end":{"line":168,"column":31}},"26":{"start":{"line":169,"column":3},"end":{"line":169,"column":15}},"27":{"start":{"line":187,"column":3},"end":{"line":187,"column":30}},"28":{"start":{"line":188,"column":3},"end":{"line":188,"column":15}},"29":{"start":{"line":209,"column":3},"end":{"line":209,"column":30}},"30":{"start":{"line":210,"column":3},"end":{"line":210,"column":15}}},"branchMap":{"1":{"line":23,"type":"if","locations":[{"start":{"line":23,"column":3},"end":{"line":23,"column":3}},{"start":{"line":23,"column":3},"end":{"line":23,"column":3}}]},"2":{"line":35,"type":"if","locations":[{"start":{"line":35,"column":3},"end":{"line":35,"column":3}},{"start":{"line":35,"column":3},"end":{"line":35,"column":3}}]},"3":{"line":50,"type":"if","locations":[{"start":{"line":50,"column":3},"end":{"line":50,"column":3}},{"start":{"line":50,"column":3},"end":{"line":50,"column":3}}]},"4":{"line":52,"type":"if","locations":[{"start":{"line":52,"column":3},"end":{"line":52,"column":3}},{"start":{"line":52,"column":3},"end":{"line":52,"column":3}}]},"5":{"line":64,"type":"if","locations":[{"start":{"line":64,"column":3},"end":{"line":64,"column":3}},{"start":{"line":64,"column":3},"end":{"line":64,"column":3}}]},"6":{"line":76,"type":"if","locations":[{"start":{"line":76,"column":3},"end":{"line":76,"column":3}},{"start":{"line":76,"column":3},"end":{"line":76,"column":3}}]},"7":{"line":168,"type":"if","locations":[{"start":{"line":168,"column":3},"end":{"line":168,"column":3}},{"start":{"line":168,"column":3},"end":{"line":168,"column":3}}]},"8":{"line":187,"type":"if","locations":[{"start":{"line":187,"column":3},"end":{"line":187,"column":3}},{"start":{"line":187,"column":3},"end":{"line":187,"column":3}}]},"9":{"line":209,"type":"if","locations":[{"start":{"line":209,"column":3},"end":{"line":209,"column":3}},{"start":{"line":209,"column":3},"end":{"line":209,"column":3}}]}}},"contracts\\utils\\UintUtils.sol":{"l":{"17":0,"21":0,"25":0,"26":0,"29":0,"30":0,"32":0,"33":0,"34":0,"37":0,"39":0,"40":0,"41":0,"42":0,"45":0,"49":0,"50":0,"53":0,"55":0,"56":0,"57":0,"61":0,"65":0,"66":0,"67":0,"69":0,"70":0,"71":0,"72":0,"76":0,"78":0},"path":"X:\\usmart\\arexa\\contracts\\utils\\UintUtils.sol","s":{"1":0,"2":0,"3":0,"4":0,"5":0,"6":0,"7":0,"8":0,"9":0,"10":0,"11":0,"12":0,"13":0,"14":0,"15":0,"16":0,"17":0,"18":0,"19":0},"b":{"1":[0,0],"2":[0,0],"3":[0,0],"4":[0,0],"5":[0,0]},"f":{"1":0,"2":0,"3":0,"4":0,"5":0},"fnMap":{"1":{"name":"add","line":16,"loc":{"start":{"line":16,"column":1},"end":{"line":18,"column":1}}},"2":{"name":"sub","line":20,"loc":{"start":{"line":20,"column":1},"end":{"line":22,"column":1}}},"3":{"name":"toString","line":24,"loc":{"start":{"line":24,"column":1},"end":{"line":46,"column":1}}},"4":{"name":"toHexString","line":48,"loc":{"start":{"line":48,"column":1},"end":{"line":62,"column":1}}},"5":{"name":"toHexString","line":64,"loc":{"start":{"line":64,"column":1},"end":{"line":79,"column":1}}}},"statementMap":{"1":{"start":{"line":17,"column":2},"end":{"line":17,"column":44}},"2":{"start":{"line":21,"column":2},"end":{"line":21,"column":44}},"3":{"start":{"line":25,"column":2},"end":{"line":25,"column":686}},"4":{"start":{"line":26,"column":3},"end":{"line":26,"column":13}},"5":{"start":{"line":29,"column":2},"end":{"line":29,"column":22}},"6":{"start":{"line":30,"column":2},"end":{"line":30,"column":16}},"7":{"start":{"line":32,"column":2},"end":{"line":32,"column":769}},"8":{"start":{"line":37,"column":2},"end":{"line":37,"column":41}},"9":{"start":{"line":39,"column":2},"end":{"line":39,"column":868}},"10":{"start":{"line":45,"column":2},"end":{"line":45,"column":23}},"11":{"start":{"line":49,"column":2},"end":{"line":49,"column":1095}},"12":{"start":{"line":50,"column":3},"end":{"line":50,"column":16}},"13":{"start":{"line":53,"column":2},"end":{"line":53,"column":20}},"14":{"start":{"line":55,"column":2},"end":{"line":55,"column":1161}},"15":{"start":{"line":61,"column":2},"end":{"line":61,"column":35}},"16":{"start":{"line":65,"column":2},"end":{"line":65,"column":49}},"17":{"start":{"line":70,"column":3},"end":{"line":70,"column":1494}},"18":{"start":{"line":76,"column":2},"end":{"line":76,"column":59}},"19":{"start":{"line":78,"column":2},"end":{"line":78,"column":23}}},"branchMap":{"1":{"line":17,"type":"if","locations":[{"start":{"line":17,"column":17},"end":{"line":17,"column":26}},{"start":{"line":17,"column":30},"end":{"line":17,"column":43}}]},"2":{"line":21,"type":"if","locations":[{"start":{"line":21,"column":17},"end":{"line":21,"column":26}},{"start":{"line":21,"column":30},"end":{"line":21,"column":43}}]},"3":{"line":25,"type":"if","locations":[{"start":{"line":25,"column":2},"end":{"line":25,"column":2}},{"start":{"line":25,"column":2},"end":{"line":25,"column":2}}]},"4":{"line":49,"type":"if","locations":[{"start":{"line":49,"column":2},"end":{"line":49,"column":2}},{"start":{"line":49,"column":2},"end":{"line":49,"column":2}}]},"5":{"line":76,"type":"if","locations":[{"start":{"line":76,"column":2},"end":{"line":76,"column":2}},{"start":{"line":76,"column":2},"end":{"line":76,"column":2}}]}}}}