{"contracts\\_dummy\\ArexaDiamondDummyImplementation.sol":{"l":{},"path":"X:\\usmart\\arexa\\contracts\\_dummy\\ArexaDiamondDummyImplementation.sol","s":{},"b":{},"f":{"1":0,"2":0,"3":0,"4":0,"5":0,"6":0,"7":0,"8":0,"9":0,"10":0,"11":0,"12":0,"13":0,"14":0,"15":0,"16":0,"17":0,"18":0,"19":0,"20":0,"21":0,"22":0,"23":0,"24":0,"25":0,"26":0,"27":0,"28":0,"29":0,"30":0,"31":0,"32":0,"33":0,"34":0,"35":0,"36":0,"37":0,"38":0,"39":0,"40":0,"41":0,"42":0,"43":0,"44":0,"45":0,"46":0,"47":0,"48":0,"49":0,"50":0,"51":0,"52":0,"53":0,"54":0,"55":0,"56":0,"57":0,"58":0,"59":0,"60":0,"61":0,"62":0,"63":0,"64":0,"65":0,"66":0,"67":0,"68":0,"69":0,"70":0,"71":0,"72":0,"73":0,"74":0,"75":0,"76":0,"77":0,"78":0,"79":0,"80":0,"81":0,"82":0,"83":0,"84":0,"85":0,"86":0,"87":0,"88":0,"89":0,"90":0,"91":0,"92":0,"93":0,"94":0,"95":0,"96":0,"97":0,"98":0,"99":0,"100":0,"101":0,"102":0,"103":0,"104":0,"105":0,"106":0,"107":0},"fnMap":{"1":{"name":"diamondCut","line":25,"loc":{"start":{"line":25,"column":3},"end":{"line":25,"column":108}}},"2":{"name":"facetAddress","line":27,"loc":{"start":{"line":27,"column":3},"end":{"line":27,"column":100}}},"3":{"name":"facetAddresses","line":29,"loc":{"start":{"line":29,"column":3},"end":{"line":29,"column":87}}},"4":{"name":"facetFunctionSelectors","line":31,"loc":{"start":{"line":31,"column":3},"end":{"line":31,"column":117}}},"5":{"name":"facets","line":33,"loc":{"start":{"line":33,"column":3},"end":{"line":33,"column":76}}},"6":{"name":"supportsInterface","line":35,"loc":{"start":{"line":35,"column":3},"end":{"line":35,"column":83}}},"7":{"name":"implementation","line":37,"loc":{"start":{"line":37,"column":3},"end":{"line":37,"column":63}}},"8":{"name":"setDummyImplementation","line":39,"loc":{"start":{"line":39,"column":3},"end":{"line":39,"column":71}}},"9":{"name":"owner","line":41,"loc":{"start":{"line":41,"column":3},"end":{"line":41,"column":54}}},"10":{"name":"transferOwnership","line":43,"loc":{"start":{"line":43,"column":3},"end":{"line":43,"column":59}}},"11":{"name":"PAUSABLE_AREXA_TOKEN","line":45,"loc":{"start":{"line":45,"column":3},"end":{"line":45,"column":69}}},"12":{"name":"PAUSABLE_FULL","line":47,"loc":{"start":{"line":47,"column":3},"end":{"line":47,"column":62}}},"13":{"name":"PAUSABLE_MAGIC_TOKEN","line":49,"loc":{"start":{"line":49,"column":3},"end":{"line":49,"column":69}}},"14":{"name":"PAUSABLE_SUBSCR1_TOKEN","line":51,"loc":{"start":{"line":51,"column":3},"end":{"line":51,"column":71}}},"15":{"name":"PAUSABLE_SUBSCR2_TOKEN","line":53,"loc":{"start":{"line":53,"column":3},"end":{"line":53,"column":71}}},"16":{"name":"PAUSABLE_TRADER_TOKEN","line":55,"loc":{"start":{"line":55,"column":3},"end":{"line":55,"column":70}}},"17":{"name":"pause","line":57,"loc":{"start":{"line":57,"column":3},"end":{"line":57,"column":45}}},"18":{"name":"pauseAllToken","line":59,"loc":{"start":{"line":59,"column":3},"end":{"line":59,"column":38}}},"19":{"name":"pauseToken","line":61,"loc":{"start":{"line":61,"column":3},"end":{"line":61,"column":51}}},"20":{"name":"paused","line":63,"loc":{"start":{"line":63,"column":3},"end":{"line":63,"column":67}}},"21":{"name":"unpause","line":65,"loc":{"start":{"line":65,"column":3},"end":{"line":65,"column":47}}},"22":{"name":"unpauseAllToken","line":67,"loc":{"start":{"line":67,"column":3},"end":{"line":67,"column":40}}},"23":{"name":"unpauseToken","line":69,"loc":{"start":{"line":69,"column":3},"end":{"line":69,"column":53}}},"24":{"name":"AREXA_ADMIN_ROLE","line":71,"loc":{"start":{"line":71,"column":3},"end":{"line":71,"column":65}}},"25":{"name":"getRoleAdmin","line":73,"loc":{"start":{"line":73,"column":3},"end":{"line":73,"column":74}}},"26":{"name":"grantRole","line":75,"loc":{"start":{"line":75,"column":3},"end":{"line":75,"column":65}}},"27":{"name":"hasRole","line":77,"loc":{"start":{"line":77,"column":3},"end":{"line":77,"column":84}}},"28":{"name":"renounceRole","line":79,"loc":{"start":{"line":79,"column":3},"end":{"line":79,"column":50}}},"29":{"name":"revokeRole","line":81,"loc":{"start":{"line":81,"column":3},"end":{"line":81,"column":66}}},"30":{"name":"setRoleAdmin","line":83,"loc":{"start":{"line":83,"column":3},"end":{"line":83,"column":70}}},"31":{"name":"getArexaERC20Token","line":85,"loc":{"start":{"line":85,"column":3},"end":{"line":85,"column":67}}},"32":{"name":"getPayingToken","line":87,"loc":{"start":{"line":87,"column":3},"end":{"line":87,"column":63}}},"33":{"name":"setPayingToken","line":89,"loc":{"start":{"line":89,"column":3},"end":{"line":89,"column":53}}},"34":{"name":"MAGIC100_FIRST_BUYER","line":91,"loc":{"start":{"line":91,"column":3},"end":{"line":91,"column":69}}},"35":{"name":"getAccountBlackWhiteList","line":93,"loc":{"start":{"line":93,"column":3},"end":{"line":93,"column":103}}},"36":{"name":"getMagic100FirstBuyerWL","line":95,"loc":{"start":{"line":95,"column":3},"end":{"line":95,"column":85}}},"37":{"name":"setAccountBlackWhiteList","line":97,"loc":{"start":{"line":97,"column":3},"end":{"line":97,"column":99}}},"38":{"name":"setBatchMagic100FirstBuyerWL","line":99,"loc":{"start":{"line":99,"column":3},"end":{"line":99,"column":96}}},"39":{"name":"setMagic100FirstBuyerWL","line":101,"loc":{"start":{"line":101,"column":3},"end":{"line":101,"column":81}}},"40":{"name":"AMOUNT_VALUE_TYPE","line":103,"loc":{"start":{"line":103,"column":3},"end":{"line":103,"column":64}}},"41":{"name":"AREXA_TOKEN_ID","line":105,"loc":{"start":{"line":105,"column":3},"end":{"line":105,"column":63}}},"42":{"name":"AREXA_TOKEN_POOL_AREXAINC","line":107,"loc":{"start":{"line":107,"column":3},"end":{"line":107,"column":72}}},"43":{"name":"AREXA_TOKEN_POOL_DEVELOPMENT","line":109,"loc":{"start":{"line":109,"column":3},"end":{"line":109,"column":75}}},"44":{"name":"AREXA_TOKEN_POOL_INVESTOR","line":111,"loc":{"start":{"line":111,"column":3},"end":{"line":111,"column":72}}},"45":{"name":"AREXA_TOKEN_POOL_MARKETING","line":113,"loc":{"start":{"line":113,"column":3},"end":{"line":113,"column":73}}},"46":{"name":"AREXA_TOKEN_POOL_RESERVED","line":115,"loc":{"start":{"line":115,"column":3},"end":{"line":115,"column":72}}},"47":{"name":"MAGIC_TOKEN_ID","line":117,"loc":{"start":{"line":117,"column":3},"end":{"line":117,"column":63}}},"48":{"name":"QUANTITY_VALUE_TYPE","line":119,"loc":{"start":{"line":119,"column":3},"end":{"line":119,"column":66}}},"49":{"name":"SUBSCR1_TOKEN_TYPE","line":121,"loc":{"start":{"line":121,"column":3},"end":{"line":121,"column":67}}},"50":{"name":"SUBSCR2_TOKEN_TYPE","line":123,"loc":{"start":{"line":123,"column":3},"end":{"line":123,"column":67}}},"51":{"name":"TRADER_TOKEN_ID","line":125,"loc":{"start":{"line":125,"column":3},"end":{"line":125,"column":64}}},"52":{"name":"buyArexaToken","line":127,"loc":{"start":{"line":127,"column":3},"end":{"line":127,"column":70}}},"53":{"name":"buyEdgeSubscription","line":129,"loc":{"start":{"line":129,"column":3},"end":{"line":129,"column":60}}},"54":{"name":"buyMagic100Token","line":131,"loc":{"start":{"line":131,"column":3},"end":{"line":131,"column":41}}},"55":{"name":"buyOracleSubscription","line":133,"loc":{"start":{"line":133,"column":3},"end":{"line":133,"column":62}}},"56":{"name":"buySubscription","line":135,"loc":{"start":{"line":135,"column":3},"end":{"line":135,"column":74}}},"57":{"name":"buyTraderToken","line":137,"loc":{"start":{"line":137,"column":3},"end":{"line":137,"column":71}}},"58":{"name":"calcSubscriptionPrice","line":139,"loc":{"start":{"line":139,"column":3},"end":{"line":139,"column":104}}},"59":{"name":"getCurrentSubscriptionTokenId","line":141,"loc":{"start":{"line":141,"column":3},"end":{"line":141,"column":96}}},"60":{"name":"buyArexaTokenAdmin","line":143,"loc":{"start":{"line":143,"column":3},"end":{"line":143,"column":120}}},"61":{"name":"buyEdgeSubscriptionAdmin","line":145,"loc":{"start":{"line":145,"column":3},"end":{"line":145,"column":110}}},"62":{"name":"buyMagic100TokenAdmin","line":147,"loc":{"start":{"line":147,"column":3},"end":{"line":147,"column":89}}},"63":{"name":"buyOracleSubscriptionAdmin","line":149,"loc":{"start":{"line":149,"column":3},"end":{"line":149,"column":112}}},"64":{"name":"buySubscriptionAdmin","line":151,"loc":{"start":{"line":151,"column":3},"end":{"line":151,"column":124}}},"65":{"name":"buyTraderTokenAdmin","line":153,"loc":{"start":{"line":153,"column":3},"end":{"line":153,"column":121}}},"66":{"name":"createSubscription","line":155,"loc":{"start":{"line":155,"column":3},"end":{"line":155,"column":163}}},"67":{"name":"getArexaTokenPool","line":157,"loc":{"start":{"line":157,"column":3},"end":{"line":157,"column":103}}},"68":{"name":"payArexaTokenFromPool","line":159,"loc":{"start":{"line":159,"column":3},"end":{"line":159,"column":97}}},"69":{"name":"calcDivident","line":161,"loc":{"start":{"line":161,"column":3},"end":{"line":161,"column":76}}},"70":{"name":"getArexaIncomeParameter","line":163,"loc":{"start":{"line":163,"column":3},"end":{"line":163,"column":107}}},"71":{"name":"getInventory","line":165,"loc":{"start":{"line":165,"column":3},"end":{"line":165,"column":124}}},"72":{"name":"getInventoryItem","line":167,"loc":{"start":{"line":167,"column":3},"end":{"line":167,"column":125}}},"73":{"name":"getPoolAndArexaIncomeBalances","line":169,"loc":{"start":{"line":169,"column":3},"end":{"line":169,"column":144}}},"74":{"name":"payoutArexaDivident","line":171,"loc":{"start":{"line":171,"column":3},"end":{"line":171,"column":78}}},"75":{"name":"payoutArexaIncome","line":173,"loc":{"start":{"line":173,"column":3},"end":{"line":173,"column":76}}},"76":{"name":"payoutDivident","line":175,"loc":{"start":{"line":175,"column":3},"end":{"line":175,"column":53}}},"77":{"name":"setArexaIncomeParameter","line":177,"loc":{"start":{"line":177,"column":3},"end":{"line":177,"column":93}}},"78":{"name":"calcUnrestrictedAmount","line":179,"loc":{"start":{"line":179,"column":3},"end":{"line":179,"column":122}}},"79":{"name":"checkRestriction","line":181,"loc":{"start":{"line":181,"column":3},"end":{"line":181,"column":113}}},"80":{"name":"checkRestrictions","line":183,"loc":{"start":{"line":183,"column":3},"end":{"line":183,"column":132}}},"81":{"name":"stakeArexaToken","line":185,"loc":{"start":{"line":185,"column":3},"end":{"line":185,"column":57}}},"82":{"name":"withdrawArexaToken","line":187,"loc":{"start":{"line":187,"column":3},"end":{"line":187,"column":102}}},"83":{"name":"balanceOf","line":189,"loc":{"start":{"line":189,"column":3},"end":{"line":189,"column":86}}},"84":{"name":"balanceOfBatch","line":191,"loc":{"start":{"line":191,"column":3},"end":{"line":191,"column":116}}},"85":{"name":"isApprovedForAll","line":193,"loc":{"start":{"line":193,"column":3},"end":{"line":193,"column":96}}},"86":{"name":"name","line":195,"loc":{"start":{"line":195,"column":3},"end":{"line":195,"column":58}}},"87":{"name":"safeBatchTransferFrom","line":197,"loc":{"start":{"line":197,"column":3},"end":{"line":197,"column":138}}},"88":{"name":"safeTransferFrom","line":199,"loc":{"start":{"line":199,"column":3},"end":{"line":199,"column":115}}},"89":{"name":"setApprovalForAll","line":201,"loc":{"start":{"line":201,"column":3},"end":{"line":201,"column":75}}},"90":{"name":"symbol","line":203,"loc":{"start":{"line":203,"column":3},"end":{"line":203,"column":60}}},"91":{"name":"allowance","line":205,"loc":{"start":{"line":205,"column":3},"end":{"line":205,"column":105}}},"92":{"name":"approve","line":207,"loc":{"start":{"line":207,"column":3},"end":{"line":207,"column":104}}},"93":{"name":"isOperatorSpendingLimitEnabled","line":209,"loc":{"start":{"line":209,"column":3},"end":{"line":209,"column":92}}},"94":{"name":"setOperatorSpendingLimitEnabled","line":211,"loc":{"start":{"line":211,"column":3},"end":{"line":211,"column":87}}},"95":{"name":"accountsByToken","line":213,"loc":{"start":{"line":213,"column":3},"end":{"line":213,"column":83}}},"96":{"name":"tokensByAccount","line":215,"loc":{"start":{"line":215,"column":3},"end":{"line":215,"column":88}}},"97":{"name":"totalHolders","line":217,"loc":{"start":{"line":217,"column":3},"end":{"line":217,"column":72}}},"98":{"name":"totalSupply","line":219,"loc":{"start":{"line":219,"column":3},"end":{"line":219,"column":71}}},"99":{"name":"getTokenBaseUri","line":221,"loc":{"start":{"line":221,"column":3},"end":{"line":221,"column":69}}},"100":{"name":"getTokenUri","line":223,"loc":{"start":{"line":223,"column":3},"end":{"line":223,"column":76}}},"101":{"name":"getUri","line":225,"loc":{"start":{"line":225,"column":3},"end":{"line":225,"column":60}}},"102":{"name":"setTokenBaseURI","line":227,"loc":{"start":{"line":227,"column":3},"end":{"line":227,"column":60}}},"103":{"name":"setTokenURI","line":229,"loc":{"start":{"line":229,"column":3},"end":{"line":229,"column":69}}},"104":{"name":"setURI","line":231,"loc":{"start":{"line":231,"column":3},"end":{"line":231,"column":51}}},"105":{"name":"uri","line":233,"loc":{"start":{"line":233,"column":3},"end":{"line":233,"column":68}}},"106":{"name":"onERC1155BatchReceived","line":235,"loc":{"start":{"line":235,"column":3},"end":{"line":235,"column":163}}},"107":{"name":"onERC1155Received","line":237,"loc":{"start":{"line":237,"column":3},"end":{"line":237,"column":140}}}},"statementMap":{},"branchMap":{}},"contracts\\_dummy\\TokenDiamondDummyImplementation.sol":{"l":{},"path":"X:\\usmart\\arexa\\contracts\\_dummy\\TokenDiamondDummyImplementation.sol","s":{},"b":{},"f":{"1":0,"2":0,"3":0,"4":0,"5":0,"6":0,"7":0,"8":0,"9":0,"10":0,"11":0,"12":0,"13":0,"14":0,"15":0,"16":0,"17":0,"18":0,"19":0,"20":0,"21":0,"22":0,"23":0,"24":0,"25":0,"26":0,"27":0,"28":0,"29":0,"30":0,"31":0,"32":0,"33":0,"34":0,"35":0,"36":0,"37":0,"38":0,"39":0,"40":0,"41":0,"42":0,"43":0,"44":0,"45":0,"46":0,"47":0,"48":0,"49":0,"50":0,"51":0,"52":0,"53":0,"54":0,"55":0,"56":0,"57":0,"58":0,"59":0,"60":0,"61":0},"fnMap":{"1":{"name":"diamondCut","line":25,"loc":{"start":{"line":25,"column":3},"end":{"line":25,"column":108}}},"2":{"name":"facetAddress","line":27,"loc":{"start":{"line":27,"column":3},"end":{"line":27,"column":100}}},"3":{"name":"facetAddresses","line":29,"loc":{"start":{"line":29,"column":3},"end":{"line":29,"column":87}}},"4":{"name":"facetFunctionSelectors","line":31,"loc":{"start":{"line":31,"column":3},"end":{"line":31,"column":117}}},"5":{"name":"facets","line":33,"loc":{"start":{"line":33,"column":3},"end":{"line":33,"column":76}}},"6":{"name":"supportsInterface","line":35,"loc":{"start":{"line":35,"column":3},"end":{"line":35,"column":83}}},"7":{"name":"implementation","line":37,"loc":{"start":{"line":37,"column":3},"end":{"line":37,"column":63}}},"8":{"name":"setDummyImplementation","line":39,"loc":{"start":{"line":39,"column":3},"end":{"line":39,"column":71}}},"9":{"name":"owner","line":41,"loc":{"start":{"line":41,"column":3},"end":{"line":41,"column":54}}},"10":{"name":"transferOwnership","line":43,"loc":{"start":{"line":43,"column":3},"end":{"line":43,"column":60}}},"11":{"name":"PAUSABLE_FULL","line":45,"loc":{"start":{"line":45,"column":3},"end":{"line":45,"column":62}}},"12":{"name":"pause","line":47,"loc":{"start":{"line":47,"column":3},"end":{"line":47,"column":45}}},"13":{"name":"paused","line":49,"loc":{"start":{"line":49,"column":3},"end":{"line":49,"column":75}}},"14":{"name":"unpause","line":51,"loc":{"start":{"line":51,"column":3},"end":{"line":51,"column":47}}},"15":{"name":"AML_ROLE","line":53,"loc":{"start":{"line":53,"column":3},"end":{"line":53,"column":57}}},"16":{"name":"COMPLIANCE_ROLE","line":55,"loc":{"start":{"line":55,"column":3},"end":{"line":55,"column":64}}},"17":{"name":"TOKEN_ADMIN_ROLE","line":57,"loc":{"start":{"line":57,"column":3},"end":{"line":57,"column":65}}},"18":{"name":"TREASURY_ROLE","line":59,"loc":{"start":{"line":59,"column":3},"end":{"line":59,"column":62}}},"19":{"name":"getRoleAdmin","line":61,"loc":{"start":{"line":61,"column":3},"end":{"line":61,"column":74}}},"20":{"name":"grantRole","line":63,"loc":{"start":{"line":63,"column":3},"end":{"line":63,"column":65}}},"21":{"name":"hasRole","line":65,"loc":{"start":{"line":65,"column":3},"end":{"line":65,"column":84}}},"22":{"name":"renounceRole","line":67,"loc":{"start":{"line":67,"column":3},"end":{"line":67,"column":50}}},"23":{"name":"revokeRole","line":69,"loc":{"start":{"line":69,"column":3},"end":{"line":69,"column":66}}},"24":{"name":"setRoleAdmin","line":71,"loc":{"start":{"line":71,"column":3},"end":{"line":71,"column":70}}},"25":{"name":"getGeneralFee","line":73,"loc":{"start":{"line":73,"column":3},"end":{"line":73,"column":61}}},"26":{"name":"getGeneralFeeAddress","line":75,"loc":{"start":{"line":75,"column":3},"end":{"line":75,"column":69}}},"27":{"name":"getPoolFee","line":77,"loc":{"start":{"line":77,"column":3},"end":{"line":77,"column":58}}},"28":{"name":"getPoolFeeAddress","line":79,"loc":{"start":{"line":79,"column":3},"end":{"line":79,"column":66}}},"29":{"name":"getTreasuryAddress","line":81,"loc":{"start":{"line":81,"column":3},"end":{"line":81,"column":67}}},"30":{"name":"getURL","line":83,"loc":{"start":{"line":83,"column":3},"end":{"line":83,"column":60}}},"31":{"name":"setGeneralFee","line":85,"loc":{"start":{"line":85,"column":3},"end":{"line":85,"column":56}}},"32":{"name":"setGeneralFeeAddress","line":87,"loc":{"start":{"line":87,"column":3},"end":{"line":87,"column":71}}},"33":{"name":"setPoolFee","line":89,"loc":{"start":{"line":89,"column":3},"end":{"line":89,"column":50}}},"34":{"name":"setPoolFeeAddress","line":91,"loc":{"start":{"line":91,"column":3},"end":{"line":91,"column":65}}},"35":{"name":"setTreasuryAddress","line":93,"loc":{"start":{"line":93,"column":3},"end":{"line":93,"column":67}}},"36":{"name":"setURL","line":95,"loc":{"start":{"line":95,"column":3},"end":{"line":95,"column":48}}},"37":{"name":"RECIPIENT_BLACKLIST","line":97,"loc":{"start":{"line":97,"column":3},"end":{"line":97,"column":68}}},"38":{"name":"SENDER_BLACKLIST","line":99,"loc":{"start":{"line":99,"column":3},"end":{"line":99,"column":65}}},"39":{"name":"getAccountBlackWhiteList","line":101,"loc":{"start":{"line":101,"column":3},"end":{"line":101,"column":103}}},"40":{"name":"getDestinationAccountBL","line":103,"loc":{"start":{"line":103,"column":3},"end":{"line":103,"column":85}}},"41":{"name":"getSourceAccountBL","line":105,"loc":{"start":{"line":105,"column":3},"end":{"line":105,"column":80}}},"42":{"name":"setAccountBlackWhiteList","line":107,"loc":{"start":{"line":107,"column":3},"end":{"line":107,"column":99}}},"43":{"name":"setBatchDestinationAccountBL","line":109,"loc":{"start":{"line":109,"column":3},"end":{"line":109,"column":96}}},"44":{"name":"setBatchSourceAccountBL","line":111,"loc":{"start":{"line":111,"column":3},"end":{"line":111,"column":91}}},"45":{"name":"setDestinationAccountBL","line":113,"loc":{"start":{"line":113,"column":3},"end":{"line":113,"column":81}}},"46":{"name":"setSourceAccountBL","line":115,"loc":{"start":{"line":115,"column":3},"end":{"line":115,"column":76}}},"47":{"name":"withdrawUserTokenByCompliance","line":117,"loc":{"start":{"line":117,"column":3},"end":{"line":117,"column":70}}},"48":{"name":"allowance","line":119,"loc":{"start":{"line":119,"column":3},"end":{"line":119,"column":102}}},"49":{"name":"approve","line":121,"loc":{"start":{"line":121,"column":3},"end":{"line":121,"column":89}}},"50":{"name":"balanceOf","line":123,"loc":{"start":{"line":123,"column":3},"end":{"line":123,"column":83}}},"51":{"name":"burn","line":125,"loc":{"start":{"line":125,"column":3},"end":{"line":125,"column":44}}},"52":{"name":"burnFrom","line":127,"loc":{"start":{"line":127,"column":3},"end":{"line":127,"column":66}}},"53":{"name":"decimals","line":129,"loc":{"start":{"line":129,"column":3},"end":{"line":129,"column":55}}},"54":{"name":"decreaseAllowance","line":131,"loc":{"start":{"line":131,"column":3},"end":{"line":131,"column":91}}},"55":{"name":"increaseAllowance","line":133,"loc":{"start":{"line":133,"column":3},"end":{"line":133,"column":91}}},"56":{"name":"mint","line":135,"loc":{"start":{"line":135,"column":3},"end":{"line":135,"column":62}}},"57":{"name":"name","line":137,"loc":{"start":{"line":137,"column":3},"end":{"line":137,"column":58}}},"58":{"name":"symbol","line":139,"loc":{"start":{"line":139,"column":3},"end":{"line":139,"column":60}}},"59":{"name":"totalSupply","line":141,"loc":{"start":{"line":141,"column":3},"end":{"line":141,"column":73}}},"60":{"name":"transfer","line":143,"loc":{"start":{"line":143,"column":3},"end":{"line":143,"column":92}}},"61":{"name":"transferFrom","line":145,"loc":{"start":{"line":145,"column":3},"end":{"line":145,"column":113}}}},"statementMap":{},"branchMap":{}},"contracts\\ArexaPlatform\\ArexaACLFacet.sol":{"l":{"19":14,"23":4,"27":4,"28":2,"32":1,"36":3,"40":1,"44":1,"48":4,"52":2,"56":1},"path":"X:\\usmart\\arexa\\contracts\\ArexaPlatform\\ArexaACLFacet.sol","s":{"1":14,"2":4,"3":4,"4":2,"5":1,"6":3,"7":1,"8":1,"9":4,"10":2,"11":1},"b":{"1":[14,0],"2":[4,0],"3":[4,0],"4":[4,0],"5":[4,0],"6":[2,2],"7":[1,0],"8":[3,0],"9":[1,0],"10":[1,0],"11":[1,0],"12":[4,0],"13":[2,0],"14":[1,0]},"f":{"1":14,"2":4,"3":4,"4":1,"5":3,"6":1,"7":1,"8":4,"9":2,"10":1},"fnMap":{"1":{"name":"hasRole","line":18,"loc":{"start":{"line":18,"column":1},"end":{"line":20,"column":1}}},"2":{"name":"grantRole","line":22,"loc":{"start":{"line":22,"column":1},"end":{"line":24,"column":1}}},"3":{"name":"revokeRole","line":26,"loc":{"start":{"line":26,"column":1},"end":{"line":29,"column":1}}},"4":{"name":"renounceRole","line":31,"loc":{"start":{"line":31,"column":1},"end":{"line":33,"column":1}}},"5":{"name":"getRoleAdmin","line":35,"loc":{"start":{"line":35,"column":1},"end":{"line":37,"column":1}}},"6":{"name":"setRoleAdmin","line":39,"loc":{"start":{"line":39,"column":1},"end":{"line":41,"column":1}}},"7":{"name":"_setRoleAdmin","line":43,"loc":{"start":{"line":43,"column":1},"end":{"line":45,"column":1}}},"8":{"name":"_grantRole","line":47,"loc":{"start":{"line":47,"column":1},"end":{"line":49,"column":1}}},"9":{"name":"_revokeRole","line":51,"loc":{"start":{"line":51,"column":1},"end":{"line":53,"column":1}}},"10":{"name":"_renounceRole","line":55,"loc":{"start":{"line":55,"column":1},"end":{"line":57,"column":1}}}},"statementMap":{"1":{"start":{"line":19,"column":2},"end":{"line":19,"column":49}},"2":{"start":{"line":23,"column":2},"end":{"line":23,"column":26}},"3":{"start":{"line":27,"column":2},"end":{"line":27,"column":111}},"4":{"start":{"line":28,"column":2},"end":{"line":28,"column":27}},"5":{"start":{"line":32,"column":2},"end":{"line":32,"column":20}},"6":{"start":{"line":36,"column":2},"end":{"line":36,"column":45}},"7":{"start":{"line":40,"column":2},"end":{"line":40,"column":31}},"8":{"start":{"line":44,"column":2},"end":{"line":44,"column":48}},"9":{"start":{"line":48,"column":2},"end":{"line":48,"column":43}},"10":{"start":{"line":52,"column":2},"end":{"line":52,"column":44}},"11":{"start":{"line":56,"column":2},"end":{"line":56,"column":37}}},"branchMap":{"1":{"line":18,"type":"if","locations":[{"start":{"line":18,"column":71},"end":{"line":18,"column":71}},{"start":{"line":18,"column":71},"end":{"line":18,"column":71}}]},"2":{"line":22,"type":"if","locations":[{"start":{"line":22,"column":68},"end":{"line":22,"column":68}},{"start":{"line":22,"column":68},"end":{"line":22,"column":68}}]},"3":{"line":22,"type":"if","locations":[{"start":{"line":22,"column":82},"end":{"line":22,"column":82}},{"start":{"line":22,"column":82},"end":{"line":22,"column":82}}]},"4":{"line":26,"type":"if","locations":[{"start":{"line":26,"column":69},"end":{"line":26,"column":69}},{"start":{"line":26,"column":69},"end":{"line":26,"column":69}}]},"5":{"line":26,"type":"if","locations":[{"start":{"line":26,"column":83},"end":{"line":26,"column":83}},{"start":{"line":26,"column":83},"end":{"line":26,"column":83}}]},"6":{"line":27,"type":"if","locations":[{"start":{"line":27,"column":2},"end":{"line":27,"column":2}},{"start":{"line":27,"column":2},"end":{"line":27,"column":2}}]},"7":{"line":31,"type":"if","locations":[{"start":{"line":31,"column":54},"end":{"line":31,"column":54}},{"start":{"line":31,"column":54},"end":{"line":31,"column":54}}]},"8":{"line":35,"type":"if","locations":[{"start":{"line":35,"column":59},"end":{"line":35,"column":59}},{"start":{"line":35,"column":59},"end":{"line":35,"column":59}}]},"9":{"line":39,"type":"if","locations":[{"start":{"line":39,"column":65},"end":{"line":39,"column":65}},{"start":{"line":39,"column":65},"end":{"line":39,"column":65}}]},"10":{"line":39,"type":"if","locations":[{"start":{"line":39,"column":79},"end":{"line":39,"column":79}},{"start":{"line":39,"column":79},"end":{"line":39,"column":79}}]},"11":{"line":43,"type":"if","locations":[{"start":{"line":43,"column":74},"end":{"line":43,"column":74}},{"start":{"line":43,"column":74},"end":{"line":43,"column":74}}]},"12":{"line":47,"type":"if","locations":[{"start":{"line":47,"column":69},"end":{"line":47,"column":69}},{"start":{"line":47,"column":69},"end":{"line":47,"column":69}}]},"13":{"line":51,"type":"if","locations":[{"start":{"line":51,"column":70},"end":{"line":51,"column":70}},{"start":{"line":51,"column":70},"end":{"line":51,"column":70}}]},"14":{"line":55,"type":"if","locations":[{"start":{"line":55,"column":55},"end":{"line":55,"column":55}},{"start":{"line":55,"column":55},"end":{"line":55,"column":55}}]}}},"contracts\\ArexaPlatform\\ArexaAdminFacet.sol":{"l":{"23":2,"29":2,"30":0,"34":2},"path":"X:\\usmart\\arexa\\contracts\\ArexaPlatform\\ArexaAdminFacet.sol","s":{"1":2,"2":2,"3":0,"4":2},"b":{"1":[2,0],"2":[2,0],"3":[2,0],"4":[2,0],"5":[0,2],"6":[2,0]},"f":{"1":2,"2":2,"3":2},"fnMap":{"1":{"name":"getPayingToken","line":22,"loc":{"start":{"line":22,"column":1},"end":{"line":24,"column":1}}},"2":{"name":"setPayingToken","line":28,"loc":{"start":{"line":26,"column":1},"end":{"line":31,"column":1}}},"3":{"name":"getArexaERC20Token","line":33,"loc":{"start":{"line":33,"column":1},"end":{"line":35,"column":1}}}},"statementMap":{"1":{"start":{"line":23,"column":2},"end":{"line":23,"column":48}},"2":{"start":{"line":29,"column":2},"end":{"line":29,"column":126}},"3":{"start":{"line":30,"column":2},"end":{"line":30,"column":39}},"4":{"start":{"line":34,"column":2},"end":{"line":34,"column":52}}},"branchMap":{"1":{"line":22,"type":"if","locations":[{"start":{"line":22,"column":41},"end":{"line":22,"column":41}},{"start":{"line":22,"column":41},"end":{"line":22,"column":41}}]},"2":{"line":28,"type":"if","locations":[{"start":{"line":28,"column":12},"end":{"line":28,"column":12}},{"start":{"line":28,"column":12},"end":{"line":28,"column":12}}]},"3":{"line":28,"type":"if","locations":[{"start":{"line":28,"column":26},"end":{"line":28,"column":26}},{"start":{"line":28,"column":26},"end":{"line":28,"column":26}}]},"4":{"line":28,"type":"if","locations":[{"start":{"line":28,"column":60},"end":{"line":28,"column":60}},{"start":{"line":28,"column":60},"end":{"line":28,"column":60}}]},"5":{"line":29,"type":"if","locations":[{"start":{"line":29,"column":2},"end":{"line":29,"column":2}},{"start":{"line":29,"column":2},"end":{"line":29,"column":2}}]},"6":{"line":33,"type":"if","locations":[{"start":{"line":33,"column":45},"end":{"line":33,"column":45}},{"start":{"line":33,"column":45},"end":{"line":33,"column":45}}]}}},"contracts\\ArexaPlatform\\ArexaAMLFacet.sol":{"l":{"20":9,"28":2,"32":19,"39":15,"46":4,"47":4,"48":6},"path":"X:\\usmart\\arexa\\contracts\\ArexaPlatform\\ArexaAMLFacet.sol","s":{"1":9,"2":2,"3":19,"4":15,"5":4,"6":4,"7":6},"b":{"1":[9,0],"2":[4,0],"3":[4,0],"4":[2,2],"5":[19,0],"6":[17,0],"7":[17,0],"8":[15,2],"9":[4,0],"10":[4,0],"11":[4,0],"12":[4,0]},"f":{"1":9,"2":2,"3":19,"4":15,"5":4},"fnMap":{"1":{"name":"getAccountBlackWhiteList","line":19,"loc":{"start":{"line":19,"column":1},"end":{"line":21,"column":1}}},"2":{"name":"setAccountBlackWhiteList","line":27,"loc":{"start":{"line":23,"column":1},"end":{"line":29,"column":1}}},"3":{"name":"getMagic100FirstBuyerWL","line":31,"loc":{"start":{"line":31,"column":1},"end":{"line":33,"column":1}}},"4":{"name":"setMagic100FirstBuyerWL","line":38,"loc":{"start":{"line":35,"column":1},"end":{"line":40,"column":1}}},"5":{"name":"setBatchMagic100FirstBuyerWL","line":45,"loc":{"start":{"line":42,"column":1},"end":{"line":50,"column":1}}}},"statementMap":{"1":{"start":{"line":20,"column":2},"end":{"line":20,"column":68}},"2":{"start":{"line":28,"column":2},"end":{"line":28,"column":71}},"3":{"start":{"line":32,"column":2},"end":{"line":32,"column":82}},"4":{"start":{"line":39,"column":2},"end":{"line":39,"column":85}},"5":{"start":{"line":46,"column":2},"end":{"line":46,"column":62}},"6":{"start":{"line":47,"column":2},"end":{"line":47,"column":2031}},"7":{"start":{"line":48,"column":3},"end":{"line":48,"column":91}}},"branchMap":{"1":{"line":19,"type":"if","locations":[{"start":{"line":19,"column":82},"end":{"line":19,"column":82}},{"start":{"line":19,"column":82},"end":{"line":19,"column":82}}]},"2":{"line":27,"type":"if","locations":[{"start":{"line":27,"column":12},"end":{"line":27,"column":12}},{"start":{"line":27,"column":12},"end":{"line":27,"column":12}}]},"3":{"line":27,"type":"if","locations":[{"start":{"line":27,"column":26},"end":{"line":27,"column":26}},{"start":{"line":27,"column":26},"end":{"line":27,"column":26}}]},"4":{"line":27,"type":"if","locations":[{"start":{"line":27,"column":60},"end":{"line":27,"column":60}},{"start":{"line":27,"column":60},"end":{"line":27,"column":60}}]},"5":{"line":31,"type":"if","locations":[{"start":{"line":31,"column":65},"end":{"line":31,"column":65}},{"start":{"line":31,"column":65},"end":{"line":31,"column":65}}]},"6":{"line":38,"type":"if","locations":[{"start":{"line":38,"column":12},"end":{"line":38,"column":12}},{"start":{"line":38,"column":12},"end":{"line":38,"column":12}}]},"7":{"line":38,"type":"if","locations":[{"start":{"line":38,"column":26},"end":{"line":38,"column":26}},{"start":{"line":38,"column":26},"end":{"line":38,"column":26}}]},"8":{"line":38,"type":"if","locations":[{"start":{"line":38,"column":60},"end":{"line":38,"column":60}},{"start":{"line":38,"column":60},"end":{"line":38,"column":60}}]},"9":{"line":45,"type":"if","locations":[{"start":{"line":45,"column":12},"end":{"line":45,"column":12}},{"start":{"line":45,"column":12},"end":{"line":45,"column":12}}]},"10":{"line":45,"type":"if","locations":[{"start":{"line":45,"column":26},"end":{"line":45,"column":26}},{"start":{"line":45,"column":26},"end":{"line":45,"column":26}}]},"11":{"line":45,"type":"if","locations":[{"start":{"line":45,"column":60},"end":{"line":45,"column":60}},{"start":{"line":45,"column":60},"end":{"line":45,"column":60}}]},"12":{"line":46,"type":"if","locations":[{"start":{"line":46,"column":2},"end":{"line":46,"column":2}},{"start":{"line":46,"column":2},"end":{"line":46,"column":2}}]}}},"contracts\\ArexaPlatform\\ArexaOwnershipFacet.sol":{"l":{"15":2,"17":2,"19":2},"path":"X:\\usmart\\arexa\\contracts\\ArexaPlatform\\ArexaOwnershipFacet.sol","s":{"1":2,"2":2,"3":2},"b":{"1":[3,0],"2":[2,1]},"f":{"1":2},"fnMap":{"1":{"name":"transferOwnership","line":14,"loc":{"start":{"line":14,"column":1},"end":{"line":20,"column":1}}}},"statementMap":{"1":{"start":{"line":15,"column":2},"end":{"line":15,"column":34}},"2":{"start":{"line":17,"column":2},"end":{"line":17,"column":95}},"3":{"start":{"line":19,"column":2},"end":{"line":19,"column":87}}},"branchMap":{"1":{"line":14,"type":"if","locations":[{"start":{"line":14,"column":62},"end":{"line":14,"column":62}},{"start":{"line":14,"column":62},"end":{"line":14,"column":62}}]},"2":{"line":14,"type":"if","locations":[{"start":{"line":14,"column":76},"end":{"line":14,"column":76}},{"start":{"line":14,"column":76},"end":{"line":14,"column":76}}]}}},"contracts\\ArexaPlatform\\ArexaPausableFacet.sol":{"l":{"26":0,"30":0,"34":0,"43":0,"47":0,"53":0,"59":0},"path":"X:\\usmart\\arexa\\contracts\\ArexaPlatform\\ArexaPausableFacet.sol","s":{"1":0,"2":0,"3":0,"4":0,"5":0,"6":0,"7":0},"b":{"1":[0,0],"2":[0,0],"3":[0,0],"4":[0,0],"5":[0,0],"6":[0,0],"7":[0,0],"8":[0,0],"9":[0,0],"10":[0,0],"11":[0,0],"12":[0,0],"13":[0,0],"14":[0,0],"15":[0,0],"16":[0,0],"17":[0,0],"18":[0,0],"19":[0,0]},"f":{"1":0,"2":0,"3":0,"4":0,"5":0,"6":0,"7":0},"fnMap":{"1":{"name":"paused","line":25,"loc":{"start":{"line":25,"column":1},"end":{"line":27,"column":1}}},"2":{"name":"pause","line":29,"loc":{"start":{"line":29,"column":1},"end":{"line":31,"column":1}}},"3":{"name":"unpause","line":33,"loc":{"start":{"line":33,"column":1},"end":{"line":35,"column":1}}},"4":{"name":"pauseAllToken","line":42,"loc":{"start":{"line":42,"column":1},"end":{"line":44,"column":1}}},"5":{"name":"unpauseAllToken","line":46,"loc":{"start":{"line":46,"column":1},"end":{"line":48,"column":1}}},"6":{"name":"pauseToken","line":52,"loc":{"start":{"line":50,"column":1},"end":{"line":54,"column":1}}},"7":{"name":"unpauseToken","line":58,"loc":{"start":{"line":56,"column":1},"end":{"line":60,"column":1}}}},"statementMap":{"1":{"start":{"line":26,"column":2},"end":{"line":26,"column":43}},"2":{"start":{"line":30,"column":2},"end":{"line":30,"column":46}},"3":{"start":{"line":34,"column":2},"end":{"line":34,"column":48}},"4":{"start":{"line":43,"column":2},"end":{"line":43,"column":37}},"5":{"start":{"line":47,"column":2},"end":{"line":47,"column":39}},"6":{"start":{"line":53,"column":2},"end":{"line":53,"column":43}},"7":{"start":{"line":59,"column":2},"end":{"line":59,"column":45}}},"branchMap":{"1":{"line":25,"type":"if","locations":[{"start":{"line":25,"column":47},"end":{"line":25,"column":47}},{"start":{"line":25,"column":47},"end":{"line":25,"column":47}}]},"2":{"line":29,"type":"if","locations":[{"start":{"line":29,"column":41},"end":{"line":29,"column":41}},{"start":{"line":29,"column":41},"end":{"line":29,"column":41}}]},"3":{"line":29,"type":"if","locations":[{"start":{"line":29,"column":55},"end":{"line":29,"column":55}},{"start":{"line":29,"column":55},"end":{"line":29,"column":55}}]},"4":{"line":29,"type":"if","locations":[{"start":{"line":29,"column":77},"end":{"line":29,"column":77}},{"start":{"line":29,"column":77},"end":{"line":29,"column":77}}]},"5":{"line":33,"type":"if","locations":[{"start":{"line":33,"column":43},"end":{"line":33,"column":43}},{"start":{"line":33,"column":43},"end":{"line":33,"column":43}}]},"6":{"line":33,"type":"if","locations":[{"start":{"line":33,"column":57},"end":{"line":33,"column":57}},{"start":{"line":33,"column":57},"end":{"line":33,"column":57}}]},"7":{"line":33,"type":"if","locations":[{"start":{"line":33,"column":76},"end":{"line":33,"column":76}},{"start":{"line":33,"column":76},"end":{"line":33,"column":76}}]},"8":{"line":42,"type":"if","locations":[{"start":{"line":42,"column":44},"end":{"line":42,"column":44}},{"start":{"line":42,"column":44},"end":{"line":42,"column":44}}]},"9":{"line":42,"type":"if","locations":[{"start":{"line":42,"column":58},"end":{"line":42,"column":58}},{"start":{"line":42,"column":58},"end":{"line":42,"column":58}}]},"10":{"line":42,"type":"if","locations":[{"start":{"line":42,"column":92},"end":{"line":42,"column":92}},{"start":{"line":42,"column":92},"end":{"line":42,"column":92}}]},"11":{"line":46,"type":"if","locations":[{"start":{"line":46,"column":46},"end":{"line":46,"column":46}},{"start":{"line":46,"column":46},"end":{"line":46,"column":46}}]},"12":{"line":46,"type":"if","locations":[{"start":{"line":46,"column":60},"end":{"line":46,"column":60}},{"start":{"line":46,"column":60},"end":{"line":46,"column":60}}]},"13":{"line":46,"type":"if","locations":[{"start":{"line":46,"column":94},"end":{"line":46,"column":94}},{"start":{"line":46,"column":94},"end":{"line":46,"column":94}}]},"14":{"line":52,"type":"if","locations":[{"start":{"line":52,"column":21},"end":{"line":52,"column":21}},{"start":{"line":52,"column":21},"end":{"line":52,"column":21}}]},"15":{"line":52,"type":"if","locations":[{"start":{"line":52,"column":35},"end":{"line":52,"column":35}},{"start":{"line":52,"column":35},"end":{"line":52,"column":35}}]},"16":{"line":52,"type":"if","locations":[{"start":{"line":52,"column":69},"end":{"line":52,"column":69}},{"start":{"line":52,"column":69},"end":{"line":52,"column":69}}]},"17":{"line":58,"type":"if","locations":[{"start":{"line":58,"column":21},"end":{"line":58,"column":21}},{"start":{"line":58,"column":21},"end":{"line":58,"column":21}}]},"18":{"line":58,"type":"if","locations":[{"start":{"line":58,"column":35},"end":{"line":58,"column":35}},{"start":{"line":58,"column":35},"end":{"line":58,"column":35}}]},"19":{"line":58,"type":"if","locations":[{"start":{"line":58,"column":69},"end":{"line":58,"column":69}},{"start":{"line":58,"column":69},"end":{"line":58,"column":69}}]}}},"contracts\\ArexaPlatform\\ArexaPfmTokenAllowanceFacet.sol":{"l":{"21":0,"25":0,"34":0,"38":0},"path":"X:\\usmart\\arexa\\contracts\\ArexaPlatform\\ArexaPfmTokenAllowanceFacet.sol","s":{"1":0,"2":0,"3":0,"4":0},"b":{"1":[0,0],"2":[0,0],"3":[0,0],"4":[0,0],"5":[0,0]},"f":{"1":0,"2":0,"3":0,"4":0},"fnMap":{"1":{"name":"isOperatorSpendingLimitEnabled","line":20,"loc":{"start":{"line":20,"column":1},"end":{"line":22,"column":1}}},"2":{"name":"setOperatorSpendingLimitEnabled","line":24,"loc":{"start":{"line":24,"column":1},"end":{"line":26,"column":1}}},"3":{"name":"approve","line":33,"loc":{"start":{"line":28,"column":1},"end":{"line":35,"column":1}}},"4":{"name":"allowance","line":37,"loc":{"start":{"line":37,"column":1},"end":{"line":39,"column":1}}}},"statementMap":{"1":{"start":{"line":21,"column":2},"end":{"line":21,"column":59}},"2":{"start":{"line":25,"column":2},"end":{"line":25,"column":61}},"3":{"start":{"line":34,"column":2},"end":{"line":34,"column":69}},"4":{"start":{"line":38,"column":2},"end":{"line":38,"column":51}}},"branchMap":{"1":{"line":24,"type":"if","locations":[{"start":{"line":24,"column":82},"end":{"line":24,"column":82}},{"start":{"line":24,"column":82},"end":{"line":24,"column":82}}]},"2":{"line":24,"type":"if","locations":[{"start":{"line":24,"column":96},"end":{"line":24,"column":96}},{"start":{"line":24,"column":96},"end":{"line":24,"column":96}}]},"3":{"line":33,"type":"if","locations":[{"start":{"line":33,"column":29},"end":{"line":33,"column":29}},{"start":{"line":33,"column":29},"end":{"line":33,"column":29}}]},"4":{"line":33,"type":"if","locations":[{"start":{"line":33,"column":43},"end":{"line":33,"column":43}},{"start":{"line":33,"column":43},"end":{"line":33,"column":43}}]},"5":{"line":37,"type":"if","locations":[{"start":{"line":37,"column":89},"end":{"line":37,"column":89}},{"start":{"line":37,"column":89},"end":{"line":37,"column":89}}]}}},"contracts\\ArexaPlatform\\ArexaPfmTokenEnumerableFacet.sol":{"l":{"13":0,"17":0,"21":0,"25":0},"path":"X:\\usmart\\arexa\\contracts\\ArexaPlatform\\ArexaPfmTokenEnumerableFacet.sol","s":{"1":0,"2":0,"3":0,"4":0},"b":{"1":[0,0],"2":[0,0],"3":[0,0],"4":[0,0]},"f":{"1":0,"2":0,"3":0,"4":0},"fnMap":{"1":{"name":"totalSupply","line":12,"loc":{"start":{"line":12,"column":1},"end":{"line":14,"column":1}}},"2":{"name":"totalHolders","line":16,"loc":{"start":{"line":16,"column":1},"end":{"line":18,"column":1}}},"3":{"name":"accountsByToken","line":20,"loc":{"start":{"line":20,"column":1},"end":{"line":22,"column":1}}},"4":{"name":"tokensByAccount","line":24,"loc":{"start":{"line":24,"column":1},"end":{"line":26,"column":1}}}},"statementMap":{"1":{"start":{"line":13,"column":2},"end":{"line":13,"column":35}},"2":{"start":{"line":17,"column":2},"end":{"line":17,"column":36}},"3":{"start":{"line":21,"column":2},"end":{"line":21,"column":39}},"4":{"start":{"line":25,"column":2},"end":{"line":25,"column":44}}},"branchMap":{"1":{"line":12,"type":"if","locations":[{"start":{"line":12,"column":57},"end":{"line":12,"column":57}},{"start":{"line":12,"column":57},"end":{"line":12,"column":57}}]},"2":{"line":16,"type":"if","locations":[{"start":{"line":16,"column":58},"end":{"line":16,"column":58}},{"start":{"line":16,"column":58},"end":{"line":16,"column":58}}]},"3":{"line":20,"type":"if","locations":[{"start":{"line":20,"column":61},"end":{"line":20,"column":61}},{"start":{"line":20,"column":61},"end":{"line":20,"column":61}}]},"4":{"line":24,"type":"if","locations":[{"start":{"line":24,"column":66},"end":{"line":24,"column":66}},{"start":{"line":24,"column":66},"end":{"line":24,"column":66}}]}}},"contracts\\ArexaPlatform\\ArexaPfmTokenFacet.sol":{"l":{"26":2,"36":0,"41":74,"48":0,"52":0,"56":0},"path":"X:\\usmart\\arexa\\contracts\\ArexaPlatform\\ArexaPfmTokenFacet.sol","s":{"1":2,"2":0,"3":74,"4":0,"5":0,"6":0},"b":{"1":[2,0],"2":[2,0],"3":[0,0],"4":[0,0],"5":[74,0],"6":[0,0],"7":[0,0],"8":[0,0],"9":[0,0]},"f":{"1":2,"2":0,"3":74,"4":0,"5":0,"6":0},"fnMap":{"1":{"name":"safeTransferFrom","line":25,"loc":{"start":{"line":19,"column":1},"end":{"line":27,"column":1}}},"2":{"name":"safeBatchTransferFrom","line":35,"loc":{"start":{"line":29,"column":1},"end":{"line":37,"column":1}}},"3":{"name":"balanceOf","line":40,"loc":{"start":{"line":40,"column":1},"end":{"line":42,"column":1}}},"4":{"name":"balanceOfBatch","line":47,"loc":{"start":{"line":44,"column":1},"end":{"line":49,"column":1}}},"5":{"name":"setApprovalForAll","line":51,"loc":{"start":{"line":51,"column":1},"end":{"line":53,"column":1}}},"6":{"name":"isApprovedForAll","line":55,"loc":{"start":{"line":55,"column":1},"end":{"line":57,"column":1}}}},"statementMap":{"1":{"start":{"line":26,"column":2},"end":{"line":26,"column":63}},"2":{"start":{"line":36,"column":2},"end":{"line":36,"column":70}},"3":{"start":{"line":41,"column":2},"end":{"line":41,"column":41}},"4":{"start":{"line":48,"column":2},"end":{"line":48,"column":47}},"5":{"start":{"line":52,"column":2},"end":{"line":52,"column":61}},"6":{"start":{"line":56,"column":2},"end":{"line":56,"column":54}}},"branchMap":{"1":{"line":25,"type":"if","locations":[{"start":{"line":25,"column":21},"end":{"line":25,"column":21}},{"start":{"line":25,"column":21},"end":{"line":25,"column":21}}]},"2":{"line":25,"type":"if","locations":[{"start":{"line":25,"column":35},"end":{"line":25,"column":35}},{"start":{"line":25,"column":35},"end":{"line":25,"column":35}}]},"3":{"line":35,"type":"if","locations":[{"start":{"line":35,"column":21},"end":{"line":35,"column":21}},{"start":{"line":35,"column":21},"end":{"line":35,"column":21}}]},"4":{"line":35,"type":"if","locations":[{"start":{"line":35,"column":35},"end":{"line":35,"column":35}},{"start":{"line":35,"column":35},"end":{"line":35,"column":35}}]},"5":{"line":40,"type":"if","locations":[{"start":{"line":40,"column":71},"end":{"line":40,"column":71}},{"start":{"line":40,"column":71},"end":{"line":40,"column":71}}]},"6":{"line":47,"type":"if","locations":[{"start":{"line":47,"column":26},"end":{"line":47,"column":26}},{"start":{"line":47,"column":26},"end":{"line":47,"column":26}}]},"7":{"line":51,"type":"if","locations":[{"start":{"line":51,"column":79},"end":{"line":51,"column":79}},{"start":{"line":51,"column":79},"end":{"line":51,"column":79}}]},"8":{"line":51,"type":"if","locations":[{"start":{"line":51,"column":93},"end":{"line":51,"column":93}},{"start":{"line":51,"column":93},"end":{"line":51,"column":93}}]},"9":{"line":55,"type":"if","locations":[{"start":{"line":55,"column":84},"end":{"line":55,"column":84}},{"start":{"line":55,"column":84},"end":{"line":55,"column":84}}]}}},"contracts\\ArexaPlatform\\ArexaPfmTokenMetadataURIFacet.sol":{"l":{"19":0,"23":0,"27":0,"31":0,"35":0,"39":0,"46":0},"path":"X:\\usmart\\arexa\\contracts\\ArexaPlatform\\ArexaPfmTokenMetadataURIFacet.sol","s":{"1":0,"2":0,"3":0,"4":0,"5":0,"6":0,"7":0},"b":{"1":[0,0],"2":[0,0],"3":[0,0],"4":[0,0],"5":[0,0],"6":[0,0],"7":[0,0],"8":[0,0],"9":[0,0],"10":[0,0],"11":[0,0],"12":[0,0],"13":[0,0],"14":[0,0]},"f":{"1":0,"2":0,"3":0,"4":0,"5":0,"6":0,"7":0},"fnMap":{"1":{"name":"uri","line":18,"loc":{"start":{"line":18,"column":1},"end":{"line":20,"column":1}}},"2":{"name":"getUri","line":22,"loc":{"start":{"line":22,"column":1},"end":{"line":24,"column":1}}},"3":{"name":"setURI","line":26,"loc":{"start":{"line":26,"column":1},"end":{"line":28,"column":1}}},"4":{"name":"getTokenBaseUri","line":30,"loc":{"start":{"line":30,"column":1},"end":{"line":32,"column":1}}},"5":{"name":"setTokenBaseURI","line":34,"loc":{"start":{"line":34,"column":1},"end":{"line":36,"column":1}}},"6":{"name":"getTokenUri","line":38,"loc":{"start":{"line":38,"column":1},"end":{"line":40,"column":1}}},"7":{"name":"setTokenURI","line":45,"loc":{"start":{"line":42,"column":1},"end":{"line":47,"column":1}}}},"statementMap":{"1":{"start":{"line":19,"column":2},"end":{"line":19,"column":30}},"2":{"start":{"line":23,"column":2},"end":{"line":23,"column":28}},"3":{"start":{"line":27,"column":2},"end":{"line":27,"column":26}},"4":{"start":{"line":31,"column":2},"end":{"line":31,"column":37}},"5":{"start":{"line":35,"column":2},"end":{"line":35,"column":35}},"6":{"start":{"line":39,"column":2},"end":{"line":39,"column":35}},"7":{"start":{"line":46,"column":2},"end":{"line":46,"column":35}}},"branchMap":{"1":{"line":18,"type":"if","locations":[{"start":{"line":18,"column":57},"end":{"line":18,"column":57}},{"start":{"line":18,"column":57},"end":{"line":18,"column":57}}]},"2":{"line":22,"type":"if","locations":[{"start":{"line":22,"column":33},"end":{"line":22,"column":33}},{"start":{"line":22,"column":33},"end":{"line":22,"column":33}}]},"3":{"line":26,"type":"if","locations":[{"start":{"line":26,"column":56},"end":{"line":26,"column":56}},{"start":{"line":26,"column":56},"end":{"line":26,"column":56}}]},"4":{"line":26,"type":"if","locations":[{"start":{"line":26,"column":70},"end":{"line":26,"column":70}},{"start":{"line":26,"column":70},"end":{"line":26,"column":70}}]},"5":{"line":26,"type":"if","locations":[{"start":{"line":26,"column":80},"end":{"line":26,"column":80}},{"start":{"line":26,"column":80},"end":{"line":26,"column":80}}]},"6":{"line":30,"type":"if","locations":[{"start":{"line":30,"column":42},"end":{"line":30,"column":42}},{"start":{"line":30,"column":42},"end":{"line":30,"column":42}}]},"7":{"line":34,"type":"if","locations":[{"start":{"line":34,"column":65},"end":{"line":34,"column":65}},{"start":{"line":34,"column":65},"end":{"line":34,"column":65}}]},"8":{"line":34,"type":"if","locations":[{"start":{"line":34,"column":79},"end":{"line":34,"column":79}},{"start":{"line":34,"column":79},"end":{"line":34,"column":79}}]},"9":{"line":34,"type":"if","locations":[{"start":{"line":34,"column":89},"end":{"line":34,"column":89}},{"start":{"line":34,"column":89},"end":{"line":34,"column":89}}]},"10":{"line":38,"type":"if","locations":[{"start":{"line":38,"column":48},"end":{"line":38,"column":48}},{"start":{"line":38,"column":48},"end":{"line":38,"column":48}}]},"11":{"line":45,"type":"if","locations":[{"start":{"line":45,"column":20},"end":{"line":45,"column":20}},{"start":{"line":45,"column":20},"end":{"line":45,"column":20}}]},"12":{"line":45,"type":"if","locations":[{"start":{"line":45,"column":34},"end":{"line":45,"column":34}},{"start":{"line":45,"column":34},"end":{"line":45,"column":34}}]},"13":{"line":45,"type":"if","locations":[{"start":{"line":45,"column":44},"end":{"line":45,"column":44}},{"start":{"line":45,"column":44},"end":{"line":45,"column":44}}]},"14":{"line":45,"type":"if","locations":[{"start":{"line":45,"column":78},"end":{"line":45,"column":78}},{"start":{"line":45,"column":78},"end":{"line":45,"column":78}}]}}},"contracts\\ArexaPlatform\\ArexaPfmTokenReceiverFacet.sol":{"l":{"21":18,"31":0},"path":"X:\\usmart\\arexa\\contracts\\ArexaPlatform\\ArexaPfmTokenReceiverFacet.sol","s":{"1":18,"2":0},"b":{"1":[18,0],"2":[0,0]},"f":{"1":18,"2":0},"fnMap":{"1":{"name":"onERC1155Received","line":20,"loc":{"start":{"line":14,"column":1},"end":{"line":22,"column":1}}},"2":{"name":"onERC1155BatchReceived","line":30,"loc":{"start":{"line":24,"column":1},"end":{"line":32,"column":1}}}},"statementMap":{"1":{"start":{"line":21,"column":2},"end":{"line":21,"column":70}},"2":{"start":{"line":31,"column":2},"end":{"line":31,"column":77}}},"branchMap":{"1":{"line":20,"type":"if","locations":[{"start":{"line":20,"column":21},"end":{"line":20,"column":21}},{"start":{"line":20,"column":21},"end":{"line":20,"column":21}}]},"2":{"line":30,"type":"if","locations":[{"start":{"line":30,"column":21},"end":{"line":30,"column":21}},{"start":{"line":30,"column":21},"end":{"line":30,"column":21}}]}}},"contracts\\ArexaPlatform\\ArexaPlatformAdminFacet.sol":{"l":{"26":4,"37":12,"41":12,"42":10,"55":6,"61":6,"75":0,"87":0,"90":0,"102":0,"105":0,"119":0,"133":0,"145":7},"path":"X:\\usmart\\arexa\\contracts\\ArexaPlatform\\ArexaPlatformAdminFacet.sol","s":{"1":12,"2":10,"3":6,"4":6,"5":0,"6":0,"7":0,"8":0,"9":0,"10":0,"11":0,"12":7},"b":{"1":[4,0],"2":[14,0],"3":[12,2],"4":[12,0],"5":[12,0],"6":[6,6],"7":[6,0],"8":[6,0],"9":[6,0],"10":[6,0],"11":[6,0],"12":[1,1],"13":[1,4],"14":[0,0],"15":[0,0],"16":[0,0],"17":[0,0],"18":[0,0],"19":[0,0],"20":[0,0],"21":[0,0],"22":[0,0],"23":[0,0],"24":[0,0],"25":[0,0],"26":[0,0],"27":[0,0],"28":[0,0],"29":[0,0],"30":[0,0],"31":[0,0],"32":[0,0],"33":[0,0],"34":[9,0],"35":[9,0],"36":[7,2],"37":[7,0]},"f":{"1":4,"2":12,"3":6,"4":0,"5":0,"6":0,"7":0,"8":0,"9":7},"fnMap":{"1":{"name":"getArexaTokenPool","line":25,"loc":{"start":{"line":25,"column":1},"end":{"line":27,"column":1}}},"2":{"name":"createSubscription","line":36,"loc":{"start":{"line":29,"column":1},"end":{"line":43,"column":1}}},"3":{"name":"payArexaTokenFromPool","line":49,"loc":{"start":{"line":45,"column":1},"end":{"line":62,"column":1}}},"4":{"name":"buySubscriptionAdmin","line":69,"loc":{"start":{"line":64,"column":1},"end":{"line":76,"column":1}}},"5":{"name":"buyOracleSubscriptionAdmin","line":82,"loc":{"start":{"line":78,"column":1},"end":{"line":91,"column":1}}},"6":{"name":"buyEdgeSubscriptionAdmin","line":97,"loc":{"start":{"line":93,"column":1},"end":{"line":106,"column":1}}},"7":{"name":"buyTraderTokenAdmin","line":113,"loc":{"start":{"line":108,"column":1},"end":{"line":120,"column":1}}},"8":{"name":"buyArexaTokenAdmin","line":127,"loc":{"start":{"line":122,"column":1},"end":{"line":134,"column":1}}},"9":{"name":"buyMagic100TokenAdmin","line":139,"loc":{"start":{"line":136,"column":1},"end":{"line":146,"column":1}}}},"statementMap":{"1":{"start":{"line":37,"column":2},"end":{"line":37,"column":1648}},"2":{"start":{"line":42,"column":2},"end":{"line":42,"column":67}},"3":{"start":{"line":55,"column":2},"end":{"line":55,"column":2337}},"4":{"start":{"line":61,"column":2},"end":{"line":61,"column":64}},"5":{"start":{"line":75,"column":2},"end":{"line":75,"column":93}},"6":{"start":{"line":87,"column":2},"end":{"line":87,"column":113}},"7":{"start":{"line":90,"column":2},"end":{"line":90,"column":93}},"8":{"start":{"line":102,"column":2},"end":{"line":102,"column":113}},"9":{"start":{"line":105,"column":2},"end":{"line":105,"column":93}},"10":{"start":{"line":119,"column":2},"end":{"line":119,"column":92}},"11":{"start":{"line":133,"column":2},"end":{"line":133,"column":79}},"12":{"start":{"line":145,"column":2},"end":{"line":145,"column":64}}},"branchMap":{"1":{"line":25,"type":"if","locations":[{"start":{"line":25,"column":59},"end":{"line":25,"column":59}},{"start":{"line":25,"column":59},"end":{"line":25,"column":59}}]},"2":{"line":36,"type":"if","locations":[{"start":{"line":36,"column":12},"end":{"line":36,"column":12}},{"start":{"line":36,"column":12},"end":{"line":36,"column":12}}]},"3":{"line":36,"type":"if","locations":[{"start":{"line":36,"column":26},"end":{"line":36,"column":26}},{"start":{"line":36,"column":26},"end":{"line":36,"column":26}}]},"4":{"line":36,"type":"if","locations":[{"start":{"line":36,"column":67},"end":{"line":36,"column":67}},{"start":{"line":36,"column":67},"end":{"line":36,"column":67}}]},"5":{"line":37,"type":"if","locations":[{"start":{"line":37,"column":2},"end":{"line":37,"column":2}},{"start":{"line":37,"column":2},"end":{"line":37,"column":2}}]},"6":{"line":38,"type":"cond-expr","locations":[{"start":{"line":38,"column":3},"end":{"line":38,"column":47}},{"start":{"line":38,"column":52},"end":{"line":38,"column":96}}]},"7":{"line":49,"type":"if","locations":[{"start":{"line":49,"column":12},"end":{"line":49,"column":12}},{"start":{"line":49,"column":12},"end":{"line":49,"column":12}}]},"8":{"line":49,"type":"if","locations":[{"start":{"line":49,"column":26},"end":{"line":49,"column":26}},{"start":{"line":49,"column":26},"end":{"line":49,"column":26}}]},"9":{"line":49,"type":"if","locations":[{"start":{"line":49,"column":36},"end":{"line":49,"column":36}},{"start":{"line":49,"column":36},"end":{"line":49,"column":36}}]},"10":{"line":49,"type":"if","locations":[{"start":{"line":49,"column":77},"end":{"line":49,"column":77}},{"start":{"line":49,"column":77},"end":{"line":49,"column":77}}]},"11":{"line":55,"type":"if","locations":[{"start":{"line":55,"column":2},"end":{"line":55,"column":2}},{"start":{"line":55,"column":2},"end":{"line":55,"column":2}}]},"12":{"line":56,"type":"cond-expr","locations":[{"start":{"line":56,"column":3},"end":{"line":56,"column":53}},{"start":{"line":57,"column":4},"end":{"line":57,"column":55}}]},"13":{"line":56,"type":"cond-expr","locations":[{"start":{"line":56,"column":3},"end":{"line":57,"column":55}},{"start":{"line":58,"column":4},"end":{"line":58,"column":57}}]},"14":{"line":69,"type":"if","locations":[{"start":{"line":69,"column":12},"end":{"line":69,"column":12}},{"start":{"line":69,"column":12},"end":{"line":69,"column":12}}]},"15":{"line":69,"type":"if","locations":[{"start":{"line":69,"column":26},"end":{"line":69,"column":26}},{"start":{"line":69,"column":26},"end":{"line":69,"column":26}}]},"16":{"line":69,"type":"if","locations":[{"start":{"line":69,"column":36},"end":{"line":69,"column":36}},{"start":{"line":69,"column":36},"end":{"line":69,"column":36}}]},"17":{"line":69,"type":"if","locations":[{"start":{"line":69,"column":77},"end":{"line":69,"column":77}},{"start":{"line":69,"column":77},"end":{"line":69,"column":77}}]},"18":{"line":82,"type":"if","locations":[{"start":{"line":82,"column":12},"end":{"line":82,"column":12}},{"start":{"line":82,"column":12},"end":{"line":82,"column":12}}]},"19":{"line":82,"type":"if","locations":[{"start":{"line":82,"column":26},"end":{"line":82,"column":26}},{"start":{"line":82,"column":26},"end":{"line":82,"column":26}}]},"20":{"line":82,"type":"if","locations":[{"start":{"line":82,"column":36},"end":{"line":82,"column":36}},{"start":{"line":82,"column":36},"end":{"line":82,"column":36}}]},"21":{"line":82,"type":"if","locations":[{"start":{"line":82,"column":77},"end":{"line":82,"column":77}},{"start":{"line":82,"column":77},"end":{"line":82,"column":77}}]},"22":{"line":97,"type":"if","locations":[{"start":{"line":97,"column":12},"end":{"line":97,"column":12}},{"start":{"line":97,"column":12},"end":{"line":97,"column":12}}]},"23":{"line":97,"type":"if","locations":[{"start":{"line":97,"column":26},"end":{"line":97,"column":26}},{"start":{"line":97,"column":26},"end":{"line":97,"column":26}}]},"24":{"line":97,"type":"if","locations":[{"start":{"line":97,"column":36},"end":{"line":97,"column":36}},{"start":{"line":97,"column":36},"end":{"line":97,"column":36}}]},"25":{"line":97,"type":"if","locations":[{"start":{"line":97,"column":77},"end":{"line":97,"column":77}},{"start":{"line":97,"column":77},"end":{"line":97,"column":77}}]},"26":{"line":113,"type":"if","locations":[{"start":{"line":113,"column":12},"end":{"line":113,"column":12}},{"start":{"line":113,"column":12},"end":{"line":113,"column":12}}]},"27":{"line":113,"type":"if","locations":[{"start":{"line":113,"column":26},"end":{"line":113,"column":26}},{"start":{"line":113,"column":26},"end":{"line":113,"column":26}}]},"28":{"line":113,"type":"if","locations":[{"start":{"line":113,"column":36},"end":{"line":113,"column":36}},{"start":{"line":113,"column":36},"end":{"line":113,"column":36}}]},"29":{"line":113,"type":"if","locations":[{"start":{"line":113,"column":77},"end":{"line":113,"column":77}},{"start":{"line":113,"column":77},"end":{"line":113,"column":77}}]},"30":{"line":127,"type":"if","locations":[{"start":{"line":127,"column":12},"end":{"line":127,"column":12}},{"start":{"line":127,"column":12},"end":{"line":127,"column":12}}]},"31":{"line":127,"type":"if","locations":[{"start":{"line":127,"column":26},"end":{"line":127,"column":26}},{"start":{"line":127,"column":26},"end":{"line":127,"column":26}}]},"32":{"line":127,"type":"if","locations":[{"start":{"line":127,"column":36},"end":{"line":127,"column":36}},{"start":{"line":127,"column":36},"end":{"line":127,"column":36}}]},"33":{"line":127,"type":"if","locations":[{"start":{"line":127,"column":77},"end":{"line":127,"column":77}},{"start":{"line":127,"column":77},"end":{"line":127,"column":77}}]},"34":{"line":139,"type":"if","locations":[{"start":{"line":139,"column":12},"end":{"line":139,"column":12}},{"start":{"line":139,"column":12},"end":{"line":139,"column":12}}]},"35":{"line":139,"type":"if","locations":[{"start":{"line":139,"column":26},"end":{"line":139,"column":26}},{"start":{"line":139,"column":26},"end":{"line":139,"column":26}}]},"36":{"line":139,"type":"if","locations":[{"start":{"line":139,"column":36},"end":{"line":139,"column":36}},{"start":{"line":139,"column":36},"end":{"line":139,"column":36}}]},"37":{"line":139,"type":"if","locations":[{"start":{"line":139,"column":77},"end":{"line":139,"column":77}},{"start":{"line":139,"column":77},"end":{"line":139,"column":77}}]}}},"contracts\\ArexaPlatform\\ArexaPlatformFacet.sol":{"l":{"40":24,"44":12,"53":8,"61":0,"64":0,"72":0,"75":0,"84":1,"93":24,"102":11,"107":9,"109":9,"110":9,"112":7},"path":"X:\\usmart\\arexa\\contracts\\ArexaPlatform\\ArexaPlatformFacet.sol","s":{"1":24,"2":12,"3":8,"4":0,"5":0,"6":0,"7":0,"8":1,"9":24,"10":11,"11":9,"12":9,"13":9,"14":7},"b":{"1":[24,0],"2":[12,0],"3":[8,0],"4":[8,0],"5":[8,0],"6":[0,0],"7":[0,0],"8":[0,0],"9":[0,0],"10":[0,0],"11":[0,0],"12":[1,0],"13":[1,0],"14":[1,0],"15":[24,0],"16":[24,0],"17":[24,0],"18":[11,0],"19":[11,0],"20":[11,0],"21":[9,2],"22":[7,2]},"f":{"1":24,"2":12,"3":8,"4":0,"5":0,"6":1,"7":24,"8":11},"fnMap":{"1":{"name":"getCurrentSubscriptionTokenId","line":39,"loc":{"start":{"line":39,"column":1},"end":{"line":41,"column":1}}},"2":{"name":"calcSubscriptionPrice","line":43,"loc":{"start":{"line":43,"column":1},"end":{"line":45,"column":1}}},"3":{"name":"buySubscription","line":47,"loc":{"start":{"line":47,"column":1},"end":{"line":54,"column":1}}},"4":{"name":"buyOracleSubscription","line":56,"loc":{"start":{"line":56,"column":1},"end":{"line":65,"column":1}}},"5":{"name":"buyEdgeSubscription","line":67,"loc":{"start":{"line":67,"column":1},"end":{"line":76,"column":1}}},"6":{"name":"buyTraderToken","line":78,"loc":{"start":{"line":78,"column":1},"end":{"line":85,"column":1}}},"7":{"name":"buyArexaToken","line":87,"loc":{"start":{"line":87,"column":1},"end":{"line":94,"column":1}}},"8":{"name":"buyMagic100Token","line":96,"loc":{"start":{"line":96,"column":1},"end":{"line":113,"column":1}}}},"statementMap":{"1":{"start":{"line":40,"column":2},"end":{"line":40,"column":79}},"2":{"start":{"line":44,"column":2},"end":{"line":44,"column":79}},"3":{"start":{"line":53,"column":2},"end":{"line":53,"column":80}},"4":{"start":{"line":61,"column":2},"end":{"line":61,"column":99}},"5":{"start":{"line":64,"column":2},"end":{"line":64,"column":80}},"6":{"start":{"line":72,"column":2},"end":{"line":72,"column":99}},"7":{"start":{"line":75,"column":2},"end":{"line":75,"column":80}},"8":{"start":{"line":84,"column":2},"end":{"line":84,"column":79}},"9":{"start":{"line":93,"column":2},"end":{"line":93,"column":66}},"10":{"start":{"line":102,"column":2},"end":{"line":102,"column":5157}},"11":{"start":{"line":107,"column":2},"end":{"line":107,"column":98}},"12":{"start":{"line":109,"column":2},"end":{"line":109,"column":82}},"13":{"start":{"line":110,"column":2},"end":{"line":110,"column":63}},"14":{"start":{"line":112,"column":2},"end":{"line":112,"column":51}}},"branchMap":{"1":{"line":39,"type":"if","locations":[{"start":{"line":39,"column":73},"end":{"line":39,"column":73}},{"start":{"line":39,"column":73},"end":{"line":39,"column":73}}]},"2":{"line":43,"type":"if","locations":[{"start":{"line":43,"column":80},"end":{"line":43,"column":80}},{"start":{"line":43,"column":80},"end":{"line":43,"column":80}}]},"3":{"line":47,"type":"if","locations":[{"start":{"line":47,"column":69},"end":{"line":47,"column":69}},{"start":{"line":47,"column":69},"end":{"line":47,"column":69}}]},"4":{"line":47,"type":"if","locations":[{"start":{"line":47,"column":83},"end":{"line":47,"column":83}},{"start":{"line":47,"column":83},"end":{"line":47,"column":83}}]},"5":{"line":47,"type":"if","locations":[{"start":{"line":47,"column":93},"end":{"line":47,"column":93}},{"start":{"line":47,"column":93},"end":{"line":47,"column":93}}]},"6":{"line":56,"type":"if","locations":[{"start":{"line":56,"column":58},"end":{"line":56,"column":58}},{"start":{"line":56,"column":58},"end":{"line":56,"column":58}}]},"7":{"line":56,"type":"if","locations":[{"start":{"line":56,"column":72},"end":{"line":56,"column":72}},{"start":{"line":56,"column":72},"end":{"line":56,"column":72}}]},"8":{"line":56,"type":"if","locations":[{"start":{"line":56,"column":82},"end":{"line":56,"column":82}},{"start":{"line":56,"column":82},"end":{"line":56,"column":82}}]},"9":{"line":67,"type":"if","locations":[{"start":{"line":67,"column":56},"end":{"line":67,"column":56}},{"start":{"line":67,"column":56},"end":{"line":67,"column":56}}]},"10":{"line":67,"type":"if","locations":[{"start":{"line":67,"column":70},"end":{"line":67,"column":70}},{"start":{"line":67,"column":70},"end":{"line":67,"column":70}}]},"11":{"line":67,"type":"if","locations":[{"start":{"line":67,"column":80},"end":{"line":67,"column":80}},{"start":{"line":67,"column":80},"end":{"line":67,"column":80}}]},"12":{"line":78,"type":"if","locations":[{"start":{"line":78,"column":66},"end":{"line":78,"column":66}},{"start":{"line":78,"column":66},"end":{"line":78,"column":66}}]},"13":{"line":78,"type":"if","locations":[{"start":{"line":78,"column":80},"end":{"line":78,"column":80}},{"start":{"line":78,"column":80},"end":{"line":78,"column":80}}]},"14":{"line":78,"type":"if","locations":[{"start":{"line":78,"column":90},"end":{"line":78,"column":90}},{"start":{"line":78,"column":90},"end":{"line":78,"column":90}}]},"15":{"line":87,"type":"if","locations":[{"start":{"line":87,"column":65},"end":{"line":87,"column":65}},{"start":{"line":87,"column":65},"end":{"line":87,"column":65}}]},"16":{"line":87,"type":"if","locations":[{"start":{"line":87,"column":79},"end":{"line":87,"column":79}},{"start":{"line":87,"column":79},"end":{"line":87,"column":79}}]},"17":{"line":87,"type":"if","locations":[{"start":{"line":87,"column":89},"end":{"line":87,"column":89}},{"start":{"line":87,"column":89},"end":{"line":87,"column":89}}]},"18":{"line":96,"type":"if","locations":[{"start":{"line":96,"column":38},"end":{"line":96,"column":38}},{"start":{"line":96,"column":38},"end":{"line":96,"column":38}}]},"19":{"line":96,"type":"if","locations":[{"start":{"line":96,"column":52},"end":{"line":96,"column":52}},{"start":{"line":96,"column":52},"end":{"line":96,"column":52}}]},"20":{"line":96,"type":"if","locations":[{"start":{"line":96,"column":62},"end":{"line":96,"column":62}},{"start":{"line":96,"column":62},"end":{"line":96,"column":62}}]},"21":{"line":102,"type":"if","locations":[{"start":{"line":102,"column":2},"end":{"line":102,"column":2}},{"start":{"line":102,"column":2},"end":{"line":102,"column":2}}]},"22":{"line":110,"type":"if","locations":[{"start":{"line":110,"column":2},"end":{"line":110,"column":2}},{"start":{"line":110,"column":2},"end":{"line":110,"column":2}}]}}},"contracts\\ArexaPlatform\\ArexaPoolPNLFacet.sol":{"l":{"26":2,"33":2,"41":43,"45":16,"46":16,"53":15,"61":5,"62":5,"69":5,"78":7,"85":3,"92":3,"96":0},"path":"X:\\usmart\\arexa\\contracts\\ArexaPlatform\\ArexaPoolPNLFacet.sol","s":{"1":43,"2":16,"3":16,"4":5,"5":5,"6":5,"7":3,"8":3,"9":0},"b":{"1":[2,0],"2":[2,0],"3":[43,0],"4":[16,0],"5":[15,1],"6":[3,3],"7":[3,3],"8":[3,3],"9":[3,3],"10":[6,0],"11":[5,1],"12":[5,0],"13":[5,0],"14":[1,1],"15":[1,1],"16":[1,1],"17":[1,1],"18":[7,0],"19":[4,0],"20":[4,0],"21":[3,1],"22":[3,0],"23":[4,0],"24":[4,0],"25":[3,1],"26":[3,0],"27":[0,0],"28":[0,0],"29":[0,0]},"f":{"1":2,"2":2,"3":43,"4":16,"5":5,"6":7,"7":3,"8":3,"9":0},"fnMap":{"1":{"name":"getInventory","line":25,"loc":{"start":{"line":25,"column":1},"end":{"line":30,"column":1}}},"2":{"name":"getInventoryItem","line":32,"loc":{"start":{"line":32,"column":1},"end":{"line":38,"column":1}}},"3":{"name":"calcDivident","line":40,"loc":{"start":{"line":40,"column":1},"end":{"line":42,"column":1}}},"4":{"name":"getArexaIncomeParameter","line":44,"loc":{"start":{"line":44,"column":1},"end":{"line":54,"column":1}}},"5":{"name":"setArexaIncomeParameter","line":60,"loc":{"start":{"line":56,"column":1},"end":{"line":70,"column":1}}},"6":{"name":"getPoolAndArexaIncomeBalances","line":75,"loc":{"start":{"line":72,"column":1},"end":{"line":79,"column":1}}},"7":{"name":"payoutArexaIncome","line":84,"loc":{"start":{"line":81,"column":1},"end":{"line":86,"column":1}}},"8":{"name":"payoutArexaDivident","line":91,"loc":{"start":{"line":88,"column":1},"end":{"line":93,"column":1}}},"9":{"name":"payoutDivident","line":95,"loc":{"start":{"line":95,"column":1},"end":{"line":97,"column":1}}}},"statementMap":{"1":{"start":{"line":41,"column":2},"end":{"line":41,"column":122}},"2":{"start":{"line":45,"column":2},"end":{"line":45,"column":57}},"3":{"start":{"line":46,"column":2},"end":{"line":46,"column":2099}},"4":{"start":{"line":61,"column":2},"end":{"line":61,"column":57}},"5":{"start":{"line":62,"column":2},"end":{"line":62,"column":2720}},"6":{"start":{"line":69,"column":2},"end":{"line":69,"column":63}},"7":{"start":{"line":85,"column":2},"end":{"line":85,"column":56}},"8":{"start":{"line":92,"column":2},"end":{"line":92,"column":89}},"9":{"start":{"line":96,"column":2},"end":{"line":96,"column":70}}},"branchMap":{"1":{"line":25,"type":"if","locations":[{"start":{"line":25,"column":39},"end":{"line":25,"column":39}},{"start":{"line":25,"column":39},"end":{"line":25,"column":39}}]},"2":{"line":32,"type":"if","locations":[{"start":{"line":32,"column":58},"end":{"line":32,"column":58}},{"start":{"line":32,"column":58},"end":{"line":32,"column":58}}]},"3":{"line":40,"type":"if","locations":[{"start":{"line":40,"column":54},"end":{"line":40,"column":54}},{"start":{"line":40,"column":54},"end":{"line":40,"column":54}}]},"4":{"line":44,"type":"if","locations":[{"start":{"line":44,"column":65},"end":{"line":44,"column":65}},{"start":{"line":44,"column":65},"end":{"line":44,"column":65}}]},"5":{"line":46,"type":"if","locations":[{"start":{"line":46,"column":2},"end":{"line":46,"column":2}},{"start":{"line":46,"column":2},"end":{"line":46,"column":2}}]},"6":{"line":47,"type":"cond-expr","locations":[{"start":{"line":47,"column":3},"end":{"line":47,"column":49}},{"start":{"line":48,"column":4},"end":{"line":48,"column":50}}]},"7":{"line":47,"type":"cond-expr","locations":[{"start":{"line":47,"column":3},"end":{"line":48,"column":50}},{"start":{"line":49,"column":4},"end":{"line":49,"column":47}}]},"8":{"line":47,"type":"cond-expr","locations":[{"start":{"line":47,"column":3},"end":{"line":49,"column":47}},{"start":{"line":50,"column":4},"end":{"line":50,"column":46}}]},"9":{"line":47,"type":"cond-expr","locations":[{"start":{"line":47,"column":3},"end":{"line":50,"column":46}},{"start":{"line":51,"column":4},"end":{"line":51,"column":46}}]},"10":{"line":60,"type":"if","locations":[{"start":{"line":60,"column":12},"end":{"line":60,"column":12}},{"start":{"line":60,"column":12},"end":{"line":60,"column":12}}]},"11":{"line":60,"type":"if","locations":[{"start":{"line":60,"column":26},"end":{"line":60,"column":26}},{"start":{"line":60,"column":26},"end":{"line":60,"column":26}}]},"12":{"line":60,"type":"if","locations":[{"start":{"line":60,"column":67},"end":{"line":60,"column":67}},{"start":{"line":60,"column":67},"end":{"line":60,"column":67}}]},"13":{"line":62,"type":"if","locations":[{"start":{"line":62,"column":2},"end":{"line":62,"column":2}},{"start":{"line":62,"column":2},"end":{"line":62,"column":2}}]},"14":{"line":63,"type":"cond-expr","locations":[{"start":{"line":63,"column":3},"end":{"line":63,"column":49}},{"start":{"line":64,"column":4},"end":{"line":64,"column":50}}]},"15":{"line":63,"type":"cond-expr","locations":[{"start":{"line":63,"column":3},"end":{"line":64,"column":50}},{"start":{"line":65,"column":4},"end":{"line":65,"column":47}}]},"16":{"line":63,"type":"cond-expr","locations":[{"start":{"line":63,"column":3},"end":{"line":65,"column":47}},{"start":{"line":66,"column":4},"end":{"line":66,"column":46}}]},"17":{"line":63,"type":"cond-expr","locations":[{"start":{"line":63,"column":3},"end":{"line":66,"column":46}},{"start":{"line":67,"column":4},"end":{"line":67,"column":46}}]},"18":{"line":75,"type":"if","locations":[{"start":{"line":75,"column":2},"end":{"line":75,"column":2}},{"start":{"line":75,"column":2},"end":{"line":75,"column":2}}]},"19":{"line":84,"type":"if","locations":[{"start":{"line":84,"column":12},"end":{"line":84,"column":12}},{"start":{"line":84,"column":12},"end":{"line":84,"column":12}}]},"20":{"line":84,"type":"if","locations":[{"start":{"line":84,"column":26},"end":{"line":84,"column":26}},{"start":{"line":84,"column":26},"end":{"line":84,"column":26}}]},"21":{"line":84,"type":"if","locations":[{"start":{"line":84,"column":36},"end":{"line":84,"column":36}},{"start":{"line":84,"column":36},"end":{"line":84,"column":36}}]},"22":{"line":84,"type":"if","locations":[{"start":{"line":84,"column":77},"end":{"line":84,"column":77}},{"start":{"line":84,"column":77},"end":{"line":84,"column":77}}]},"23":{"line":91,"type":"if","locations":[{"start":{"line":91,"column":12},"end":{"line":91,"column":12}},{"start":{"line":91,"column":12},"end":{"line":91,"column":12}}]},"24":{"line":91,"type":"if","locations":[{"start":{"line":91,"column":26},"end":{"line":91,"column":26}},{"start":{"line":91,"column":26},"end":{"line":91,"column":26}}]},"25":{"line":91,"type":"if","locations":[{"start":{"line":91,"column":36},"end":{"line":91,"column":36}},{"start":{"line":91,"column":36},"end":{"line":91,"column":36}}]},"26":{"line":91,"type":"if","locations":[{"start":{"line":91,"column":77},"end":{"line":91,"column":77}},{"start":{"line":91,"column":77},"end":{"line":91,"column":77}}]},"27":{"line":95,"type":"if","locations":[{"start":{"line":95,"column":49},"end":{"line":95,"column":49}},{"start":{"line":95,"column":49},"end":{"line":95,"column":49}}]},"28":{"line":95,"type":"if","locations":[{"start":{"line":95,"column":63},"end":{"line":95,"column":63}},{"start":{"line":95,"column":63},"end":{"line":95,"column":63}}]},"29":{"line":95,"type":"if","locations":[{"start":{"line":95,"column":73},"end":{"line":95,"column":73}},{"start":{"line":95,"column":73},"end":{"line":95,"column":73}}]}}},"contracts\\ArexaPlatform\\ArexaRestrictionFacet.sol":{"l":{"16":14,"20":2,"28":2},"path":"X:\\usmart\\arexa\\contracts\\ArexaPlatform\\ArexaRestrictionFacet.sol","s":{"1":14,"2":2,"3":2},"b":{"1":[14,0],"2":[2,0],"3":[2,0]},"f":{"1":14,"2":2,"3":2},"fnMap":{"1":{"name":"calcUnrestrictedAmount","line":15,"loc":{"start":{"line":15,"column":1},"end":{"line":17,"column":1}}},"2":{"name":"checkRestriction","line":19,"loc":{"start":{"line":19,"column":1},"end":{"line":21,"column":1}}},"3":{"name":"checkRestrictions","line":27,"loc":{"start":{"line":23,"column":1},"end":{"line":29,"column":1}}}},"statementMap":{"1":{"start":{"line":16,"column":2},"end":{"line":16,"column":77}},"2":{"start":{"line":20,"column":2},"end":{"line":20,"column":71}},"3":{"start":{"line":28,"column":2},"end":{"line":28,"column":74}}},"branchMap":{"1":{"line":15,"type":"if","locations":[{"start":{"line":15,"column":97},"end":{"line":15,"column":97}},{"start":{"line":15,"column":97},"end":{"line":15,"column":97}}]},"2":{"line":19,"type":"if","locations":[{"start":{"line":19,"column":91},"end":{"line":19,"column":91}},{"start":{"line":19,"column":91},"end":{"line":19,"column":91}}]},"3":{"line":27,"type":"if","locations":[{"start":{"line":27,"column":17},"end":{"line":27,"column":17}},{"start":{"line":27,"column":17},"end":{"line":27,"column":17}}]}}},"contracts\\ArexaPlatform\\ArexaStakingFacet.sol":{"l":{"14":1,"18":4},"path":"X:\\usmart\\arexa\\contracts\\ArexaPlatform\\ArexaStakingFacet.sol","s":{"1":1,"2":4},"b":{"1":[1,0],"2":[4,0],"3":[4,0]},"f":{"1":1,"2":4},"fnMap":{"1":{"name":"stakeArexaToken","line":13,"loc":{"start":{"line":13,"column":1},"end":{"line":15,"column":1}}},"2":{"name":"withdrawArexaToken","line":17,"loc":{"start":{"line":17,"column":1},"end":{"line":19,"column":1}}}},"statementMap":{"1":{"start":{"line":14,"column":2},"end":{"line":14,"column":74}},"2":{"start":{"line":18,"column":2},"end":{"line":18,"column":89}}},"branchMap":{"1":{"line":13,"type":"if","locations":[{"start":{"line":13,"column":53},"end":{"line":13,"column":53}},{"start":{"line":13,"column":53},"end":{"line":13,"column":53}}]},"2":{"line":17,"type":"if","locations":[{"start":{"line":17,"column":96},"end":{"line":17,"column":96}},{"start":{"line":17,"column":96},"end":{"line":17,"column":96}}]},"3":{"line":17,"type":"if","locations":[{"start":{"line":17,"column":110},"end":{"line":17,"column":110}},{"start":{"line":17,"column":110},"end":{"line":17,"column":110}}]}}},"contracts\\ArexaPlatform\\LibArexaConst.sol":{"l":{},"path":"X:\\usmart\\arexa\\contracts\\ArexaPlatform\\LibArexaConst.sol","s":{},"b":{},"f":{},"fnMap":{},"statementMap":{},"branchMap":{}},"contracts\\ArexaPlatform\\Platform\\LibArexaPlatform.sol":{"l":{"24":5,"25":5,"26":5,"27":5,"31":1,"32":1,"34":1,"35":1,"40":1,"45":1,"50":1,"55":1,"58":1,"61":1,"64":1,"65":1,"66":1,"67":1,"70":1,"78":1,"83":1,"84":1,"88":10,"89":10,"90":10,"94":0,"95":0},"path":"X:\\usmart\\arexa\\contracts\\ArexaPlatform\\Platform\\LibArexaPlatform.sol","s":{"1":5,"2":5,"3":5,"4":1,"5":1,"6":1,"7":1,"8":1,"9":1,"10":1,"11":1,"12":1,"13":1,"14":1,"15":1,"16":1,"17":1,"18":1,"19":1,"20":10,"21":0},"b":{"1":[5,0]},"f":{"1":5,"2":1,"3":10,"4":0},"fnMap":{"1":{"name":"_initArexaTokenPool","line":23,"loc":{"start":{"line":23,"column":1},"end":{"line":28,"column":1}}},"2":{"name":"initialize","line":30,"loc":{"start":{"line":30,"column":1},"end":{"line":85,"column":1}}},"3":{"name":"setArexaIncomeParameter","line":87,"loc":{"start":{"line":87,"column":1},"end":{"line":91,"column":1}}},"4":{"name":"setPayingToken","line":93,"loc":{"start":{"line":93,"column":1},"end":{"line":96,"column":1}}}},"statementMap":{"1":{"start":{"line":24,"column":2},"end":{"line":24,"column":71}},"2":{"start":{"line":25,"column":2},"end":{"line":25,"column":116}},"3":{"start":{"line":27,"column":2},"end":{"line":27,"column":83}},"4":{"start":{"line":31,"column":2},"end":{"line":31,"column":71}},"5":{"start":{"line":32,"column":2},"end":{"line":32,"column":58}},"6":{"start":{"line":40,"column":2},"end":{"line":40,"column":66}},"7":{"start":{"line":45,"column":2},"end":{"line":45,"column":65}},"8":{"start":{"line":50,"column":2},"end":{"line":50,"column":63}},"9":{"start":{"line":55,"column":2},"end":{"line":55,"column":62}},"10":{"start":{"line":58,"column":2},"end":{"line":58,"column":77}},"11":{"start":{"line":61,"column":2},"end":{"line":61,"column":125}},"12":{"start":{"line":64,"column":2},"end":{"line":64,"column":99}},"13":{"start":{"line":65,"column":2},"end":{"line":65,"column":98}},"14":{"start":{"line":66,"column":2},"end":{"line":66,"column":99}},"15":{"start":{"line":67,"column":2},"end":{"line":67,"column":101}},"16":{"start":{"line":70,"column":2},"end":{"line":70,"column":3081}},"17":{"start":{"line":78,"column":2},"end":{"line":78,"column":99}},"18":{"start":{"line":83,"column":2},"end":{"line":83,"column":62}},"19":{"start":{"line":84,"column":2},"end":{"line":84,"column":83}},"20":{"start":{"line":88,"column":2},"end":{"line":88,"column":71}},"21":{"start":{"line":94,"column":2},"end":{"line":94,"column":71}}},"branchMap":{"1":{"line":25,"type":"if","locations":[{"start":{"line":25,"column":2},"end":{"line":25,"column":2}},{"start":{"line":25,"column":2},"end":{"line":25,"column":2}}]}}},"contracts\\ArexaPlatform\\Platform\\LibArexaPlatformPNL.sol":{"l":{"21":7,"22":7,"23":7,"24":7,"25":7,"29":3,"30":3,"32":2,"36":2,"40":3,"42":3,"49":2,"51":2},"path":"X:\\usmart\\arexa\\contracts\\ArexaPlatform\\Platform\\LibArexaPlatformPNL.sol","s":{"1":7,"2":3,"3":3,"4":2,"5":3,"6":3,"7":2},"b":{"1":[2,1]},"f":{"1":7,"2":3,"3":3},"fnMap":{"1":{"name":"getPoolAndArexaIncomeBalances","line":16,"loc":{"start":{"line":16,"column":1},"end":{"line":26,"column":1}}},"2":{"name":"payoutArexaIncome","line":28,"loc":{"start":{"line":28,"column":1},"end":{"line":37,"column":1}}},"3":{"name":"payoutPoolDivident","line":39,"loc":{"start":{"line":39,"column":1},"end":{"line":52,"column":1}}}},"statementMap":{"1":{"start":{"line":21,"column":2},"end":{"line":21,"column":71}},"2":{"start":{"line":29,"column":2},"end":{"line":29,"column":71}},"3":{"start":{"line":30,"column":2},"end":{"line":30,"column":102}},"4":{"start":{"line":36,"column":2},"end":{"line":36,"column":66}},"5":{"start":{"line":40,"column":2},"end":{"line":40,"column":71}},"6":{"start":{"line":42,"column":2},"end":{"line":42,"column":1541}},"7":{"start":{"line":51,"column":2},"end":{"line":51,"column":68}}},"branchMap":{"1":{"line":30,"type":"if","locations":[{"start":{"line":30,"column":2},"end":{"line":30,"column":2}},{"start":{"line":30,"column":2},"end":{"line":30,"column":2}}]}}},"contracts\\ArexaPlatform\\Platform\\LibArexaPlatformShared.sol":{"l":{"17":122,"18":122,"22":2,"23":2,"27":4,"28":4,"29":4,"33":15,"34":15,"35":15,"39":43,"41":43,"43":43,"45":43,"46":43,"47":43},"path":"X:\\usmart\\arexa\\contracts\\ArexaPlatform\\Platform\\LibArexaPlatformShared.sol","s":{"1":122,"2":122,"3":2,"4":2,"5":4,"6":15,"7":43,"8":43,"9":43,"10":43},"b":{},"f":{"1":122,"2":2,"3":4,"4":15,"5":43},"fnMap":{"1":{"name":"getPayingToken","line":16,"loc":{"start":{"line":16,"column":1},"end":{"line":19,"column":1}}},"2":{"name":"getArexaERC20Token","line":21,"loc":{"start":{"line":21,"column":1},"end":{"line":24,"column":1}}},"3":{"name":"getArexaTokenPool","line":26,"loc":{"start":{"line":26,"column":1},"end":{"line":30,"column":1}}},"4":{"name":"getArexaIncomeParameter","line":32,"loc":{"start":{"line":32,"column":1},"end":{"line":36,"column":1}}},"5":{"name":"_divideAmountPoolAndArexa","line":38,"loc":{"start":{"line":38,"column":1},"end":{"line":48,"column":1}}}},"statementMap":{"1":{"start":{"line":17,"column":2},"end":{"line":17,"column":71}},"2":{"start":{"line":18,"column":2},"end":{"line":18,"column":31}},"3":{"start":{"line":22,"column":2},"end":{"line":22,"column":71}},"4":{"start":{"line":23,"column":2},"end":{"line":23,"column":30}},"5":{"start":{"line":27,"column":2},"end":{"line":27,"column":71}},"6":{"start":{"line":33,"column":2},"end":{"line":33,"column":71}},"7":{"start":{"line":39,"column":2},"end":{"line":39,"column":71}},"8":{"start":{"line":41,"column":2},"end":{"line":41,"column":1542}},"9":{"start":{"line":43,"column":2},"end":{"line":43,"column":43}},"10":{"start":{"line":45,"column":2},"end":{"line":45,"column":112}}},"branchMap":{}},"contracts\\ArexaPlatform\\Platform\\LibArexaPlatformStaking.sol":{"l":{"20":1,"24":1,"25":1,"26":1,"28":1,"31":1,"33":1,"36":1,"37":1,"41":4,"45":4,"46":4,"49":4,"52":2,"54":2},"path":"X:\\usmart\\arexa\\contracts\\ArexaPlatform\\Platform\\LibArexaPlatformStaking.sol","s":{"1":1,"2":1,"3":1,"4":1,"5":1,"6":1,"7":1,"8":1,"9":4,"10":4,"11":4,"12":4,"13":2},"b":{"1":[1,0]},"f":{"1":1,"2":4},"fnMap":{"1":{"name":"stakeArexaToken","line":19,"loc":{"start":{"line":19,"column":1},"end":{"line":38,"column":1}}},"2":{"name":"withdrawArexaToken","line":40,"loc":{"start":{"line":40,"column":1},"end":{"line":55,"column":1}}}},"statementMap":{"1":{"start"
[...]
"3":{"name":"toEthSignedMessageHash","line":72,"loc":{"start":{"line":72,"column":1},"end":{"line":74,"column":1}}},"4":{"name":"toTypedDataHash","line":82,"loc":{"start":{"line":82,"column":1},"end":{"line":84,"column":1}}}},"statementMap":{"1":{"start":{"line":24,"column":2},"end":{"line":24,"column":68}},"2":{"start":{"line":26,"column":2},"end":{"line":26,"column":11}},"3":{"start":{"line":27,"column":2},"end":{"line":27,"column":11}},"4":{"start":{"line":28,"column":2},"end":{"line":28,"column":9}},"5":{"start":{"line":36,"column":2},"end":{"line":36,"column":31}},"6":{"start":{"line":57,"column":2},"end":{"line":57,"column":111}},"7":{"start":{"line":58,"column":2},"end":{"line":58,"column":50}},"8":{"start":{"line":61,"column":2},"end":{"line":61,"column":43}},"9":{"start":{"line":62,"column":2},"end":{"line":62,"column":60}},"10":{"start":{"line":64,"column":2},"end":{"line":64,"column":15}},"11":{"start":{"line":73,"column":2},"end":{"line":73,"column":82}},"12":{"start":{"line":83,"column":2},"end":{"line":83,"column":75}}},"branchMap":{"1":{"line":24,"type":"if","locations":[{"start":{"line":24,"column":2},"end":{"line":24,"column":2}},{"start":{"line":24,"column":2},"end":{"line":24,"column":2}}]},"2":{"line":57,"type":"if","locations":[{"start":{"line":57,"column":2},"end":{"line":57,"column":2}},{"start":{"line":57,"column":2},"end":{"line":57,"column":2}}]},"3":{"line":58,"type":"if","locations":[{"start":{"line":58,"column":2},"end":{"line":58,"column":2}},{"start":{"line":58,"column":2},"end":{"line":58,"column":2}}]},"4":{"line":62,"type":"if","locations":[{"start":{"line":62,"column":2},"end":{"line":62,"column":2}},{"start":{"line":62,"column":2},"end":{"line":62,"column":2}}]}}},"contracts\\utils\\EnumerableSet.sol":{"l":{"33":0,"37":0,"41":0,"45":0,"49":230,"53":0,"57":0,"61":0,"65":0,"69":0,"73":0,"77":0,"81":0,"85":98,"89":48,"93":0,"97":11,"101":0,"105":0,"109":0,"110":0,"112":0,"116":0,"120":0,"121":0,"123":0,"127":0,"131":0,"132":0,"136":376,"140":0,"141":0,"146":0,"150":146,"151":146,"152":146,"153":146,"158":11,"160":11,"161":11,"162":11,"166":11,"167":11,"171":11,"172":11,"174":11},"path":"X:\\usmart\\arexa\\contracts\\utils\\EnumerableSet.sol","s":{"1":0,"2":0,"3":0,"4":0,"5":230,"6":0,"7":0,"8":0,"9":0,"10":0,"11":0,"12":0,"13":0,"14":98,"15":48,"16":0,"17":11,"18":0,"19":0,"20":0,"21":0,"22":0,"23":0,"24":0,"25":0,"26":0,"27":0,"28":376,"29":0,"30":0,"31":146,"32":146,"33":11,"34":11,"35":11,"36":11},"b":{"1":[0,0],"2":[146,0],"3":[11,0]},"f":{"1":0,"2":0,"3":0,"4":0,"5":230,"6":0,"7":0,"8":0,"9":0,"10":0,"11":0,"12":0,"13":0,"14":98,"15":48,"16":0,"17":11,"18":0,"19":0,"20":0,"21":0,"22":0,"23":376,"24":0,"25":0,"26":146,"27":11},"fnMap":{"1":{"name":"at","line":32,"loc":{"start":{"line":32,"column":1},"end":{"line":34,"column":1}}},"2":{"name":"at","line":36,"loc":{"start":{"line":36,"column":1},"end":{"line":38,"column":1}}},"3":{"name":"at","line":40,"loc":{"start":{"line":40,"column":1},"end":{"line":42,"column":1}}},"4":{"name":"contains","line":44,"loc":{"start":{"line":44,"column":1},"end":{"line":46,"column":1}}},"5":{"name":"contains","line":48,"loc":{"start":{"line":48,"column":1},"end":{"line":50,"column":1}}},"6":{"name":"contains","line":52,"loc":{"start":{"line":52,"column":1},"end":{"line":54,"column":1}}},"7":{"name":"indexOf","line":56,"loc":{"start":{"line":56,"column":1},"end":{"line":58,"column":1}}},"8":{"name":"indexOf","line":60,"loc":{"start":{"line":60,"column":1},"end":{"line":62,"column":1}}},"9":{"name":"indexOf","line":64,"loc":{"start":{"line":64,"column":1},"end":{"line":66,"column":1}}},"10":{"name":"length","line":68,"loc":{"start":{"line":68,"column":1},"end":{"line":70,"column":1}}},"11":{"name":"length","line":72,"loc":{"start":{"line":72,"column":1},"end":{"line":74,"column":1}}},"12":{"name":"length","line":76,"loc":{"start":{"line":76,"column":1},"end":{"line":78,"column":1}}},"13":{"name":"add","line":80,"loc":{"start":{"line":80,"column":1},"end":{"line":82,"column":1}}},"14":{"name":"add","line":84,"loc":{"start":{"line":84,"column":1},"end":{"line":86,"column":1}}},"15":{"name":"add","line":88,"loc":{"start":{"line":88,"column":1},"end":{"line":90,"column":1}}},"16":{"name":"remove","line":92,"loc":{"start":{"line":92,"column":1},"end":{"line":94,"column":1}}},"17":{"name":"remove","line":96,"loc":{"start":{"line":96,"column":1},"end":{"line":98,"column":1}}},"18":{"name":"remove","line":100,"loc":{"start":{"line":100,"column":1},"end":{"line":102,"column":1}}},"19":{"name":"toArray","line":104,"loc":{"start":{"line":104,"column":1},"end":{"line":106,"column":1}}},"20":{"name":"toArray","line":108,"loc":{"start":{"line":108,"column":1},"end":{"line":117,"column":1}}},"21":{"name":"toArray","line":119,"loc":{"start":{"line":119,"column":1},"end":{"line":128,"column":1}}},"22":{"name":"_at","line":130,"loc":{"start":{"line":130,"column":1},"end":{"line":133,"column":1}}},"23":{"name":"_contains","line":135,"loc":{"start":{"line":135,"column":1},"end":{"line":137,"column":1}}},"24":{"name":"_indexOf","line":139,"loc":{"start":{"line":139,"column":1},"end":{"line":143,"column":1}}},"25":{"name":"_length","line":145,"loc":{"start":{"line":145,"column":1},"end":{"line":147,"column":1}}},"26":{"name":"_add","line":149,"loc":{"start":{"line":149,"column":1},"end":{"line":155,"column":1}}},"27":{"name":"_remove","line":157,"loc":{"start":{"line":157,"column":1},"end":{"line":176,"column":1}}}},"statementMap":{"1":{"start":{"line":33,"column":2},"end":{"line":33,"column":31}},"2":{"start":{"line":37,"column":2},"end":{"line":37,"column":58}},"3":{"start":{"line":41,"column":2},"end":{"line":41,"column":40}},"4":{"start":{"line":45,"column":2},"end":{"line":45,"column":37}},"5":{"start":{"line":49,"column":2},"end":{"line":49,"column":64}},"6":{"start":{"line":53,"column":2},"end":{"line":53,"column":46}},"7":{"start":{"line":57,"column":2},"end":{"line":57,"column":36}},"8":{"start":{"line":61,"column":2},"end":{"line":61,"column":63}},"9":{"start":{"line":65,"column":2},"end":{"line":65,"column":45}},"10":{"start":{"line":69,"column":2},"end":{"line":69,"column":28}},"11":{"start":{"line":73,"column":2},"end":{"line":73,"column":28}},"12":{"start":{"line":77,"column":2},"end":{"line":77,"column":28}},"13":{"start":{"line":81,"column":2},"end":{"line":81,"column":32}},"14":{"start":{"line":85,"column":2},"end":{"line":85,"column":59}},"15":{"start":{"line":89,"column":2},"end":{"line":89,"column":41}},"16":{"start":{"line":93,"column":2},"end":{"line":93,"column":35}},"17":{"start":{"line":97,"column":2},"end":{"line":97,"column":62}},"18":{"start":{"line":101,"column":2},"end":{"line":101,"column":44}},"19":{"start":{"line":105,"column":2},"end":{"line":105,"column":27}},"20":{"start":{"line":109,"column":2},"end":{"line":109,"column":47}},"21":{"start":{"line":110,"column":2},"end":{"line":110,"column":25}},"22":{"start":{"line":116,"column":2},"end":{"line":116,"column":14}},"23":{"start":{"line":120,"column":2},"end":{"line":120,"column":47}},"24":{"start":{"line":121,"column":2},"end":{"line":121,"column":25}},"25":{"start":{"line":127,"column":2},"end":{"line":127,"column":14}},"26":{"start":{"line":131,"column":2},"end":{"line":131,"column":75}},"27":{"start":{"line":132,"column":2},"end":{"line":132,"column":27}},"28":{"start":{"line":136,"column":2},"end":{"line":136,"column":33}},"29":{"start":{"line":141,"column":3},"end":{"line":141,"column":33}},"30":{"start":{"line":146,"column":2},"end":{"line":146,"column":27}},"31":{"start":{"line":150,"column":2},"end":{"line":150,"column":4140}},"32":{"start":{"line":151,"column":3},"end":{"line":151,"column":25}},"33":{"start":{"line":158,"column":2},"end":{"line":158,"column":42}},"34":{"start":{"line":160,"column":2},"end":{"line":160,"column":4398}},"35":{"start":{"line":162,"column":4},"end":{"line":162,"column":54}},"36":{"start":{"line":171,"column":3},"end":{"line":171,"column":19}}},"branchMap":{"1":{"line":131,"type":"if","locations":[{"start":{"line":131,"column":2},"end":{"line":131,"column":2}},{"start":{"line":131,"column":2},"end":{"line":131,"column":2}}]},"2":{"line":150,"type":"if","locations":[{"start":{"line":150,"column":2},"end":{"line":150,"column":2}},{"start":{"line":150,"column":2},"end":{"line":150,"column":2}}]},"3":{"line":160,"type":"if","locations":[{"start":{"line":160,"column":2},"end":{"line":160,"column":2}},{"start":{"line":160,"column":2},"end":{"line":160,"column":2}}]}}},"contracts\\utils\\Math.sol":{"l":{"14":0,"24":20,"34":137,"45":0,"46":0,"57":0,"58":0,"59":0,"60":0,"61":0},"path":"X:\\usmart\\arexa\\contracts\\utils\\Math.sol","s":{"1":0,"2":20,"3":137,"4":0,"5":0,"6":0},"b":{"1":[0,20],"2":[20,117]},"f":{"1":0,"2":20,"3":137,"4":0,"5":0},"fnMap":{"1":{"name":"abs","line":13,"loc":{"start":{"line":13,"column":1},"end":{"line":15,"column":1}}},"2":{"name":"max","line":23,"loc":{"start":{"line":23,"column":1},"end":{"line":25,"column":1}}},"3":{"name":"min","line":33,"loc":{"start":{"line":33,"column":1},"end":{"line":35,"column":1}}},"4":{"name":"average","line":44,"loc":{"start":{"line":44,"column":1},"end":{"line":48,"column":1}}},"5":{"name":"sqrt","line":56,"loc":{"start":{"line":56,"column":1},"end":{"line":63,"column":1}}}},"statementMap":{"1":{"start":{"line":14,"column":2},"end":{"line":14,"column":32}},"2":{"start":{"line":24,"column":2},"end":{"line":24,"column":22}},"3":{"start":{"line":34,"column":2},"end":{"line":34,"column":22}},"4":{"start":{"line":46,"column":3},"end":{"line":46,"column":34}},"5":{"start":{"line":57,"column":2},"end":{"line":57,"column":26}},"6":{"start":{"line":59,"column":2},"end":{"line":59,"column":1512}}},"branchMap":{"1":{"line":24,"type":"if","locations":[{"start":{"line":24,"column":17},"end":{"line":24,"column":17}},{"start":{"line":24,"column":21},"end":{"line":24,"column":21}}]},"2":{"line":34,"type":"if","locations":[{"start":{"line":34,"column":17},"end":{"line":34,"column":17}},{"start":{"line":34,"column":21},"end":{"line":34,"column":21}}]}}},"contracts\\utils\\SafeERC20.sol":{"l":{"15":4,"16":4,"17":0,"22":46,"23":42,"24":0},"path":"X:\\usmart\\arexa\\contracts\\utils\\SafeERC20.sol","s":{"1":4,"2":4,"3":46,"4":42},"b":{"1":[0,4],"2":[0,42]},"f":{"1":4,"2":46},"fnMap":{"1":{"name":"safeTransfer","line":14,"loc":{"start":{"line":14,"column":1},"end":{"line":19,"column":1}}},"2":{"name":"safeTransferFrom","line":21,"loc":{"start":{"line":21,"column":1},"end":{"line":26,"column":1}}}},"statementMap":{"1":{"start":{"line":15,"column":2},"end":{"line":15,"column":100}},"2":{"start":{"line":16,"column":2},"end":{"line":16,"column":480}},"3":{"start":{"line":22,"column":2},"end":{"line":22,"column":110}},"4":{"start":{"line":23,"column":2},"end":{"line":23,"column":819}}},"branchMap":{"1":{"line":16,"type":"if","locations":[{"start":{"line":16,"column":2},"end":{"line":16,"column":2}},{"start":{"line":16,"column":2},"end":{"line":16,"column":2}}]},"2":{"line":23,"type":"if","locations":[{"start":{"line":23,"column":2},"end":{"line":23,"column":2}},{"start":{"line":23,"column":2},"end":{"line":23,"column":2}}]}}},"contracts\\utils\\SafeMath.sol":{"l":{"21":0,"22":0,"23":0,"24":0,"34":0,"35":0,"36":0,"46":0,"50":0,"51":0,"52":0,"53":0,"63":0,"64":0,"65":0,"75":0,"76":0,"77":0,"92":141,"106":94,"120":94,"134":188,"150":0,"167":0,"168":0,"169":0,"186":0,"187":0,"188":0,"208":0,"209":0,"210":0},"path":"X:\\usmart\\arexa\\contracts\\utils\\SafeMath.sol","s":{"1":0,"2":0,"3":0,"4":0,"5":0,"6":0,"7":0,"8":0,"9":0,"10":0,"11":0,"12":0,"13":0,"14":0,"15":0,"16":0,"17":0,"18":0,"19":0,"20":141,"21":94,"22":94,"23":188,"24":0,"25":0,"26":0,"27":0,"28":0,"29":0,"30":0},"b":{"1":[0,0],"2":[0,0],"3":[0,0],"4":[0,0],"5":[0,0],"6":[0,0],"7":[0,0],"8":[0,0],"9":[0,0]},"f":{"1":0,"2":0,"3":0,"4":0,"5":0,"6":141,"7":94,"8":94,"9":188,"10":0,"11":0,"12":0,"13":0},"fnMap":{"1":{"name":"tryAdd","line":20,"loc":{"start":{"line":20,"column":1},"end":{"line":26,"column":1}}},"2":{"name":"trySub","line":33,"loc":{"start":{"line":33,"column":1},"end":{"line":38,"column":1}}},"3":{"name":"tryMul","line":45,"loc":{"start":{"line":45,"column":1},"end":{"line":55,"column":1}}},"4":{"name":"tryDiv","line":62,"loc":{"start":{"line":62,"column":1},"end":{"line":67,"column":1}}},"5":{"name":"tryMod","line":74,"loc":{"start":{"line":74,"column":1},"end":{"line":79,"column":1}}},"6":{"name":"add","line":91,"loc":{"start":{"line":91,"column":1},"end":{"line":93,"column":1}}},"7":{"name":"sub","line":105,"loc":{"start":{"line":105,"column":1},"end":{"line":107,"column":1}}},"8":{"name":"mul","line":119,"loc":{"start":{"line":119,"column":1},"end":{"line":121,"column":1}}},"9":{"name":"div","line":133,"loc":{"start":{"line":133,"column":1},"end":{"line":135,"column":1}}},"10":{"name":"mod","line":149,"loc":{"start":{"line":149,"column":1},"end":{"line":151,"column":1}}},"11":{"name":"sub","line":166,"loc":{"start":{"line":166,"column":1},"end":{"line":171,"column":1}}},"12":{"name":"div","line":185,"loc":{"start":{"line":185,"column":1},"end":{"line":190,"column":1}}},"13":{"name":"mod","line":207,"loc":{"start":{"line":207,"column":1},"end":{"line":212,"column":1}}}},"statementMap":{"1":{"start":{"line":22,"column":3},"end":{"line":22,"column":20}},"2":{"start":{"line":23,"column":3},"end":{"line":23,"column":31}},"3":{"start":{"line":23,"column":14},"end":{"line":23,"column":31}},"4":{"start":{"line":24,"column":3},"end":{"line":24,"column":19}},"5":{"start":{"line":35,"column":3},"end":{"line":35,"column":31}},"6":{"start":{"line":35,"column":14},"end":{"line":35,"column":31}},"7":{"start":{"line":36,"column":3},"end":{"line":36,"column":23}},"8":{"start":{"line":50,"column":3},"end":{"line":50,"column":31}},"9":{"start":{"line":50,"column":15},"end":{"line":50,"column":31}},"10":{"start":{"line":51,"column":3},"end":{"line":51,"column":20}},"11":{"start":{"line":52,"column":3},"end":{"line":52,"column":36}},"12":{"start":{"line":52,"column":19},"end":{"line":52,"column":36}},"13":{"start":{"line":53,"column":3},"end":{"line":53,"column":19}},"14":{"start":{"line":64,"column":3},"end":{"line":64,"column":32}},"15":{"start":{"line":64,"column":15},"end":{"line":64,"column":32}},"16":{"start":{"line":65,"column":3},"end":{"line":65,"column":23}},"17":{"start":{"line":76,"column":3},"end":{"line":76,"column":32}},"18":{"start":{"line":76,"column":15},"end":{"line":76,"column":32}},"19":{"start":{"line":77,"column":3},"end":{"line":77,"column":23}},"20":{"start":{"line":92,"column":2},"end":{"line":92,"column":14}},"21":{"start":{"line":106,"column":2},"end":{"line":106,"column":14}},"22":{"start":{"line":120,"column":2},"end":{"line":120,"column":14}},"23":{"start":{"line":134,"column":2},"end":{"line":134,"column":14}},"24":{"start":{"line":150,"column":2},"end":{"line":150,"column":14}},"25":{"start":{"line":168,"column":3},"end":{"line":168,"column":31}},"26":{"start":{"line":169,"column":3},"end":{"line":169,"column":15}},"27":{"start":{"line":187,"column":3},"end":{"line":187,"column":30}},"28":{"start":{"line":188,"column":3},"end":{"line":188,"column":15}},"29":{"start":{"line":209,"column":3},"end":{"line":209,"column":30}},"30":{"start":{"line":210,"column":3},"end":{"line":210,"column":15}}},"branchMap":{"1":{"line":23,"type":"if","locations":[{"start":{"line":23,"column":3},"end":{"line":23,"column":3}},{"start":{"line":23,"column":3},"end":{"line":23,"column":3}}]},"2":{"line":35,"type":"if","locations":[{"start":{"line":35,"column":3},"end":{"line":35,"column":3}},{"start":{"line":35,"column":3},"end":{"line":35,"column":3}}]},"3":{"line":50,"type":"if","locations":[{"start":{"line":50,"column":3},"end":{"line":50,"column":3}},{"start":{"line":50,"column":3},"end":{"line":50,"column":3}}]},"4":{"line":52,"type":"if","locations":[{"start":{"line":52,"column":3},"end":{"line":52,"column":3}},{"start":{"line":52,"column":3},"end":{"line":52,"column":3}}]},"5":{"line":64,"type":"if","locations":[{"start":{"line":64,"column":3},"end":{"line":64,"column":3}},{"start":{"line":64,"column":3},"end":{"line":64,"column":3}}]},"6":{"line":76,"type":"if","locations":[{"start":{"line":76,"column":3},"end":{"line":76,"column":3}},{"start":{"line":76,"column":3},"end":{"line":76,"column":3}}]},"7":{"line":168,"type":"if","locations":[{"start":{"line":168,"column":3},"end":{"line":168,"column":3}},{"start":{"line":168,"column":3},"end":{"line":168,"column":3}}]},"8":{"line":187,"type":"if","locations":[{"start":{"line":187,"column":3},"end":{"line":187,"column":3}},{"start":{"line":187,"column":3},"end":{"line":187,"column":3}}]},"9":{"line":209,"type":"if","locations":[{"start":{"line":209,"column":3},"end":{"line":209,"column":3}},{"start":{"line":209,"column":3},"end":{"line":209,"column":3}}]}}},"contracts\\utils\\UintUtils.sol":{"l":{"17":0,"21":0,"25":0,"26":0,"29":0,"30":0,"32":0,"33":0,"34":0,"37":0,"39":0,"40":0,"41":0,"42":0,"45":0,"49":0,"50":0,"53":0,"55":0,"56":0,"57":0,"61":0,"65":0,"66":0,"67":0,"69":0,"70":0,"71":0,"72":0,"76":0,"78":0},"path":"X:\\usmart\\arexa\\contracts\\utils\\UintUtils.sol","s":{"1":0,"2":0,"3":0,"4":0,"5":0,"6":0,"7":0,"8":0,"9":0,"10":0,"11":0,"12":0,"13":0,"14":0,"15":0,"16":0,"17":0,"18":0,"19":0},"b":{"1":[0,0],"2":[0,0],"3":[0,0],"4":[0,0],"5":[0,0]},"f":{"1":0,"2":0,"3":0,"4":0,"5":0},"fnMap":{"1":{"name":"add","line":16,"loc":{"start":{"line":16,"column":1},"end":{"line":18,"column":1}}},"2":{"name":"sub","line":20,"loc":{"start":{"line":20,"column":1},"end":{"line":22,"column":1}}},"3":{"name":"toString","line":24,"loc":{"start":{"line":24,"column":1},"end":{"line":46,"column":1}}},"4":{"name":"toHexString","line":48,"loc":{"start":{"line":48,"column":1},"end":{"line":62,"column":1}}},"5":{"name":"toHexString","line":64,"loc":{"start":{"line":64,"column":1},"end":{"line":79,"column":1}}}},"statementMap":{"1":{"start":{"line":17,"column":2},"end":{"line":17,"column":44}},"2":{"start":{"line":21,"column":2},"end":{"line":21,"column":44}},"3":{"start":{"line":25,"column":2},"end":{"line":25,"column":686}},"4":{"start":{"line":26,"column":3},"end":{"line":26,"column":13}},"5":{"start":{"line":29,"column":2},"end":{"line":29,"column":22}},"6":{"start":{"line":30,"column":2},"end":{"line":30,"column":16}},"7":{"start":{"line":32,"column":2},"end":{"line":32,"column":769}},"8":{"start":{"line":37,"column":2},"end":{"line":37,"column":41}},"9":{"start":{"line":39,"column":2},"end":{"line":39,"column":868}},"10":{"start":{"line":45,"column":2},"end":{"line":45,"column":23}},"11":{"start":{"line":49,"column":2},"end":{"line":49,"column":1095}},"12":{"start":{"line":50,"column":3},"end":{"line":50,"column":16}},"13":{"start":{"line":53,"column":2},"end":{"line":53,"column":20}},"14":{"start":{"line":55,"column":2},"end":{"line":55,"column":1161}},"15":{"start":{"line":61,"column":2},"end":{"line":61,"column":35}},"16":{"start":{"line":65,"column":2},"end":{"line":65,"column":49}},"17":{"start":{"line":70,"column":3},"end":{"line":70,"column":1494}},"18":{"start":{"line":76,"column":2},"end":{"line":76,"column":59}},"19":{"start":{"line":78,"column":2},"end":{"line":78,"column":23}}},"branchMap":{"1":{"line":17,"type":"if","locations":[{"start":{"line":17,"column":17},"end":{"line":17,"column":26}},{"start":{"line":17,"column":30},"end":{"line":17,"column":43}}]},"2":{"line":21,"type":"if","locations":[{"start":{"line":21,"column":17},"end":{"line":21,"column":26}},{"start":{"line":21,"column":30},"end":{"line":21,"column":43}}]},"3":{"line":25,"type":"if","locations":[{"start":{"line":25,"column":2},"end":{"line":25,"column":2}},{"start":{"line":25,"column":2},"end":{"line":25,"column":2}}]},"4":{"line":49,"type":"if","locations":[{"start":{"line":49,"column":2},"end":{"line":49,"column":2}},{"start":{"line":49,"column":2},"end":{"line":49,"column":2}}]},"5":{"line":76,"type":"if","locations":[{"start":{"line":76,"column":2},"end":{"line":76,"column":2}},{"start":{"line":76,"column":2},"end":{"line":76,"column":2}}]}}}}